    OpenRGB v0.9+ (1.0rc2)
    Commit:  from 
    Launched: 20260301_165829
====================================================================================================

56    |Info:    [ResourceManager] Initializing HID interfaces: Success
56    |Info:    ------------------------------------------------------
56    |Info:    |               Start device detection               |
56    |Info:    ------------------------------------------------------
75    |Info:    ------------------------------------------------------
75    |Info:    |             Detecting I2C interfaces               |
75    |Info:    ------------------------------------------------------
75    |Info:    [ResourceManager] Registering I2C interface: /dev/i2c-3 Device 1002:73DF Subsystem: 1043:05CB
75    |Warning: [i2c_smbus_linux] Failed to read i2c device PCI device ID
75    |Info:    [ResourceManager] Registering I2C interface: /dev/i2c-10 Device 0000:0000 Subsystem: 0000:0000
75    |Info:    [ResourceManager] Registering I2C interface: /dev/i2c-1 Device 1022:790B Subsystem: 1458:5001
76    |Info:    [ResourceManager] Registering I2C interface: /dev/i2c-8 Device 1002:73DF Subsystem: 1043:05CB
76    |Info:    [ResourceManager] Registering I2C interface: /dev/i2c-6 Device 1002:73DF Subsystem: 1043:05CB
76    |Info:    [ResourceManager] Registering I2C interface: /dev/i2c-4 Device 1002:73DF Subsystem: 1043:05CB
76    |Warning: [i2c_smbus_linux] Failed to read i2c device PCI device ID
76    |Info:    [ResourceManager] Registering I2C interface: /dev/i2c-11 Device 0000:0000 Subsystem: 0000:0000
76    |Info:    [ResourceManager] Registering I2C interface: /dev/i2c-2 Device 1022:790B Subsystem: 1458:5001
76    |Info:    [ResourceManager] Registering I2C interface: /dev/i2c-0 Device 1022:790B Subsystem: 1458:5001
76    |Warning: [i2c_smbus_linux] Failed to read i2c device PCI device ID
76    |Info:    [ResourceManager] Registering I2C interface: /dev/i2c-9 Device 0000:0000 Subsystem: 0000:0000
76    |Info:    [ResourceManager] Registering I2C interface: /dev/i2c-7 Device 1002:73DF Subsystem: 1043:05CB
76    |Info:    [ResourceManager] Registering I2C interface: /dev/i2c-5 Device 1002:73DF Subsystem: 1043:05CB
76    |Info:    ------------------------------------------------------
76    |Info:    |               Detecting I2C devices                |
76    |Info:    ------------------------------------------------------
895   |Info:    [Corsair Dominator Platinum] Registering RGB controller
907   |Info:    [Corsair Dominator Platinum] Registering RGB controller
919   |Info:    [Corsair Dominator Platinum] Registering RGB controller
930   |Info:    [Corsair Dominator Platinum] Registering RGB controller
1067  |Info:    ------------------------------------------------------
1067  |Info:    |            Detecting I2C DIMM modules              |
1067  |Info:    ------------------------------------------------------
1122  |Info:    [ResourceManager] Detected occupied slot 2, bus 7, type óú¸
1891  |Info:    [ResourceManager] Detected occupied slot 1, bus 8, type DDR4
3168  |Info:    [ResourceManager] Detected occupied slot 2, bus 8, type DDR4
4964  |Info:    [ResourceManager] Detected occupied slot 3, bus 8, type DDR4
7267  |Info:    [ResourceManager] Detected occupied slot 4, bus 8, type DDR4
7874  |Info:    ------------------------------------------------------
7874  |Info:    |               Detecting I2C PCI devices            |
7874  |Info:    ------------------------------------------------------
7875  |Info:    ------------------------------------------------------
7875  |Info:    |               Detecting HID devices                |
7875  |Info:    ------------------------------------------------------
7929  |Info:    [Zalman Z Sync] Registering RGB controller
7930  |Info:    ------------------------------------------------------
7930  |Info:    |            Detecting libusb HID devices            |
7930  |Info:    ------------------------------------------------------
7967  |Info:    ------------------------------------------------------
7967  |Info:    |              Detecting other devices               |
7967  |Info:    ------------------------------------------------------
7980  |Info:    [ResourceManager] Calling Post-detection callbacks
7980  |Info:    ------------------------------------------------------
7980  |Info:    |                Detection completed                 |
7980  |Info:    ------------------------------------------------------
8009  |Info:    [b450mds3h] Registering RGB controller
