    OpenRGB v0.9+ (1.0rc2)
    Commit:  from 
    Launched: 20260304_112444
====================================================================================================

61    |Info:    [ResourceManager] Initializing HID interfaces: Success
61    |Info:    ------------------------------------------------------
61    |Info:    |               Start device detection               |
61    |Info:    ------------------------------------------------------
74    |Info:    ------------------------------------------------------
74    |Info:    |             Detecting I2C interfaces               |
74    |Info:    ------------------------------------------------------
74    |Info:    [ResourceManager] Registering I2C interface: /dev/i2c-3 Device 1002:73DF Subsystem: 1043:05CB
74    |Warning: [i2c_smbus_linux] Failed to read i2c device PCI device ID
74    |Info:    [ResourceManager] Registering I2C interface: /dev/i2c-10 Device 0000:0000 Subsystem: 0000:0000
74    |Info:    [ResourceManager] Registering I2C interface: /dev/i2c-1 Device 1022:790B Subsystem: 1458:5001
74    |Info:    [ResourceManager] Registering I2C interface: /dev/i2c-8 Device 1002:73DF Subsystem: 1043:05CB
74    |Info:    [ResourceManager] Registering I2C interface: /dev/i2c-6 Device 1002:73DF Subsystem: 1043:05CB
74    |Info:    [ResourceManager] Registering I2C interface: /dev/i2c-4 Device 1002:73DF Subsystem: 1043:05CB
74    |Warning: [i2c_smbus_linux] Failed to read i2c device PCI device ID
74    |Info:    [ResourceManager] Registering I2C interface: /dev/i2c-11 Device 0000:0000 Subsystem: 0000:0000
75    |Info:    [ResourceManager] Registering I2C interface: /dev/i2c-2 Device 1022:790B Subsystem: 1458:5001
75    |Info:    [ResourceManager] Registering I2C interface: /dev/i2c-0 Device 1022:790B Subsystem: 1458:5001
75    |Warning: [i2c_smbus_linux] Failed to read i2c device PCI device ID
75    |Info:    [ResourceManager] Registering I2C interface: /dev/i2c-9 Device 0000:0000 Subsystem: 0000:0000
75    |Info:    [ResourceManager] Registering I2C interface: /dev/i2c-7 Device 1002:73DF Subsystem: 1043:05CB
75    |Info:    [ResourceManager] Registering I2C interface: /dev/i2c-5 Device 1002:73DF Subsystem: 1043:05CB
75    |Info:    ------------------------------------------------------
75    |Info:    |               Detecting I2C devices                |
75    |Info:    ------------------------------------------------------
887   |Info:    [Corsair Dominator Platinum] Registering RGB controller
900   |Info:    [Corsair Dominator Platinum] Registering RGB controller
912   |Info:    [Corsair Dominator Platinum] Registering RGB controller
924   |Info:    [Corsair Dominator Platinum] Registering RGB controller
1060  |Info:    ------------------------------------------------------
1060  |Info:    |            Detecting I2C DIMM modules              |
1060  |Info:    ------------------------------------------------------
1113  |Info:    [ResourceManager] Detected occupied slot 2, bus 7, type Reserved
1911  |Info:    [ResourceManager] Detected occupied slot 1, bus 8, type DDR4
3185  |Info:    [ResourceManager] Detected occupied slot 2, bus 8, type DDR4
4966  |Info:    [ResourceManager] Detected occupied slot 3, bus 8, type DDR4
7259  |Info:    [ResourceManager] Detected occupied slot 4, bus 8, type DDR4
7866  |Info:    ------------------------------------------------------
7866  |Info:    |               Detecting I2C PCI devices            |
7866  |Info:    ------------------------------------------------------
7867  |Info:    ------------------------------------------------------
7867  |Info:    |               Detecting HID devices                |
7867  |Info:    ------------------------------------------------------
7869  |Info:    [Zalman Z Sync] Registering RGB controller
7869  |Info:    ------------------------------------------------------
7869  |Info:    |            Detecting libusb HID devices            |
7869  |Info:    ------------------------------------------------------
7901  |Info:    ------------------------------------------------------
7901  |Info:    |              Detecting other devices               |
7901  |Info:    ------------------------------------------------------
7916  |Info:    [ResourceManager] Calling Post-detection callbacks
7916  |Info:    ------------------------------------------------------
7916  |Info:    |                Detection completed                 |
7916  |Info:    ------------------------------------------------------
7945  |Info:    [b450mds3h] Registering RGB controller
2666065|Info:    [b450mds3h] Unregistering RGB controller
