    OpenRGB v0.9+ (1.0rc2)
    Commit:  from 
    Launched: 20260224_163913
====================================================================================================

52    |Info:    [ResourceManager] Initializing HID interfaces: Success
52    |Info:    ------------------------------------------------------
52    |Info:    |               Start device detection               |
52    |Info:    ------------------------------------------------------
70    |Info:    ------------------------------------------------------
70    |Info:    |             Detecting I2C interfaces               |
70    |Info:    ------------------------------------------------------
70    |Info:    [ResourceManager] Registering I2C interface: /dev/i2c-3 Device 1002:73DF Subsystem: 1043:05CB
70    |Info:    [ResourceManager] Registering I2C interface: /dev/i2c-1 Device 1002:73DF Subsystem: 1043:05CB
70    |Warning: [i2c_smbus_linux] Failed to read i2c device PCI device ID
70    |Info:    [ResourceManager] Registering I2C interface: /dev/i2c-8 Device 0000:0000 Subsystem: 0000:0000
70    |Warning: [i2c_smbus_linux] Failed to read i2c device PCI device ID
70    |Info:    [ResourceManager] Registering I2C interface: /dev/i2c-6 Device 0000:0000 Subsystem: 0000:0000
70    |Info:    [ResourceManager] Registering I2C interface: /dev/i2c-4 Device 1002:73DF Subsystem: 1043:05CB
70    |Info:    [ResourceManager] Registering I2C interface: /dev/i2c-2 Device 1002:73DF Subsystem: 1043:05CB
70    |Info:    [ResourceManager] Registering I2C interface: /dev/i2c-0 Device 1002:73DF Subsystem: 1043:05CB
70    |Warning: [i2c_smbus_linux] Failed to read i2c device PCI device ID
70    |Info:    [ResourceManager] Registering I2C interface: /dev/i2c-7 Device 0000:0000 Subsystem: 0000:0000
71    |Info:    [ResourceManager] Registering I2C interface: /dev/i2c-5 Device 1002:73DF Subsystem: 1043:05CB
71    |Info:    ------------------------------------------------------
71    |Info:    |               Detecting I2C devices                |
71    |Info:    ------------------------------------------------------
91    |Info:    ------------------------------------------------------
91    |Info:    |            Detecting I2C DIMM modules              |
91    |Info:    ------------------------------------------------------
91    |Info:    ------------------------------------------------------
91    |Info:    |               Detecting I2C PCI devices            |
91    |Info:    ------------------------------------------------------
93    |Info:    ------------------------------------------------------
93    |Info:    |               Detecting HID devices                |
93    |Info:    ------------------------------------------------------
146   |Info:    [Zalman Z Sync] Registering RGB controller
197   |Info:    [KLM] Created new Tenkeyless ANSI QWERTY with 6 rows and 17 columns containing 87 keys
197   |Info:    [Red Square Keyrox TKL Classic] Registering RGB controller
197   |Info:    ------------------------------------------------------
197   |Info:    |            Detecting libusb HID devices            |
197   |Info:    ------------------------------------------------------
256   |Info:    ------------------------------------------------------
256   |Info:    |              Detecting other devices               |
256   |Info:    ------------------------------------------------------
272   |Info:    [ResourceManager] Calling Post-detection callbacks
272   |Info:    ------------------------------------------------------
272   |Info:    |                Detection completed                 |
272   |Info:    ------------------------------------------------------
