    OpenRGB v0.9+ (1.0rc2)
    Commit:  from 
    Launched: 20260318_140215
====================================================================================================

55    |Info:    [ResourceManager] Initializing HID interfaces: Success
55    |Info:    ------------------------------------------------------
55    |Info:    |               Start device detection               |
55    |Info:    ------------------------------------------------------
75    |Info:    ------------------------------------------------------
75    |Info:    |             Detecting I2C interfaces               |
75    |Info:    ------------------------------------------------------
75    |Info:    [ResourceManager] Registering I2C interface: /dev/i2c-3 Device 1002:73DF Subsystem: 1043:05CB
75    |Warning: [i2c_smbus_linux] Failed to read i2c device PCI device ID
75    |Info:    [ResourceManager] Registering I2C interface: /dev/i2c-10 Device 0000:0000 Subsystem: 0000:0000
75    |Info:    [ResourceManager] Registering I2C interface: /dev/i2c-1 Device 1022:790B Subsystem: 1458:5001
75    |Info:    [ResourceManager] Registering I2C interface: /dev/i2c-8 Device 1002:73DF Subsystem: 1043:05CB
76    |Info:    [ResourceManager] Registering I2C interface: /dev/i2c-6 Device 1002:73DF Subsystem: 1043:05CB
76    |Info:    [ResourceManager] Registering I2C interface: /dev/i2c-4 Device 1002:73DF Subsystem: 1043:05CB
76    |Warning: [i2c_smbus_linux] Failed to read i2c device PCI device ID
76    |Info:    [ResourceManager] Registering I2C interface: /dev/i2c-11 Device 0000:0000 Subsystem: 0000:0000
76    |Info:    [ResourceManager] Registering I2C interface: /dev/i2c-2 Device 1022:790B Subsystem: 1458:5001
76    |Info:    [ResourceManager] Registering I2C interface: /dev/i2c-0 Device 1022:790B Subsystem: 1458:5001
76    |Warning: [i2c_smbus_linux] Failed to read i2c device PCI device ID
76    |Info:    [ResourceManager] Registering I2C interface: /dev/i2c-9 Device 0000:0000 Subsystem: 0000:0000
76    |Info:    [ResourceManager] Registering I2C interface: /dev/i2c-7 Device 1002:73DF Subsystem: 1043:05CB
76    |Info:    [ResourceManager] Registering I2C interface: /dev/i2c-5 Device 1002:73DF Subsystem: 1043:05CB
76    |Info:    ------------------------------------------------------
76    |Info:    |               Detecting I2C devices                |
76    |Info:    ------------------------------------------------------
890   |Info:    [Corsair Dominator Platinum] Registering RGB controller
902   |Info:    [Corsair Dominator Platinum] Registering RGB controller
915   |Info:    [Corsair Dominator Platinum] Registering RGB controller
927   |Info:    [Corsair Dominator Platinum] Registering RGB controller
1064  |Info:    ------------------------------------------------------
1064  |Info:    |            Detecting I2C DIMM modules              |
1064  |Info:    ------------------------------------------------------
1119  |Info:    [ResourceManager] Detected occupied slot 2, bus 7, type Reserved
1911  |Info:    [ResourceManager] Detected occupied slot 1, bus 8, type DDR4
3191  |Info:    [ResourceManager] Detected occupied slot 2, bus 8, type DDR4
4985  |Info:    [ResourceManager] Detected occupied slot 3, bus 8, type DDR4
7284  |Info:    [ResourceManager] Detected occupied slot 4, bus 8, type DDR4
7894  |Info:    ------------------------------------------------------
7894  |Info:    |               Detecting I2C PCI devices            |
7894  |Info:    ------------------------------------------------------
7896  |Info:    ------------------------------------------------------
7896  |Info:    |               Detecting HID devices                |
7896  |Info:    ------------------------------------------------------
7949  |Info:    [Zalman Z Sync] Registering RGB controller
7950  |Info:    ------------------------------------------------------
7950  |Info:    |            Detecting libusb HID devices            |
7950  |Info:    ------------------------------------------------------
7983  |Info:    ------------------------------------------------------
7983  |Info:    |              Detecting other devices               |
7983  |Info:    ------------------------------------------------------
7997  |Info:    [ResourceManager] Calling Post-detection callbacks
7997  |Info:    ------------------------------------------------------
7997  |Info:    |                Detection completed                 |
7997  |Info:    ------------------------------------------------------
8028  |Info:    [b450mds3h] Registering RGB controller
