    OpenRGB v0.9+ (1.0rc2)
    Commit:  from 
    Launched: 20260311_145249
====================================================================================================

54    |Info:    [ResourceManager] Initializing HID interfaces: Success
54    |Info:    ------------------------------------------------------
54    |Info:    |               Start device detection               |
54    |Info:    ------------------------------------------------------
68    |Info:    ------------------------------------------------------
68    |Info:    |             Detecting I2C interfaces               |
68    |Info:    ------------------------------------------------------
68    |Info:    [ResourceManager] Registering I2C interface: /dev/i2c-3 Device 1002:73DF Subsystem: 1043:05CB
68    |Warning: [i2c_smbus_linux] Failed to read i2c device PCI device ID
68    |Info:    [ResourceManager] Registering I2C interface: /dev/i2c-10 Device 0000:0000 Subsystem: 0000:0000
68    |Info:    [ResourceManager] Registering I2C interface: /dev/i2c-1 Device 1022:790B Subsystem: 1458:5001
68    |Info:    [ResourceManager] Registering I2C interface: /dev/i2c-8 Device 1002:73DF Subsystem: 1043:05CB
68    |Info:    [ResourceManager] Registering I2C interface: /dev/i2c-6 Device 1002:73DF Subsystem: 1043:05CB
68    |Info:    [ResourceManager] Registering I2C interface: /dev/i2c-4 Device 1002:73DF Subsystem: 1043:05CB
68    |Warning: [i2c_smbus_linux] Failed to read i2c device PCI device ID
68    |Info:    [ResourceManager] Registering I2C interface: /dev/i2c-11 Device 0000:0000 Subsystem: 0000:0000
68    |Info:    [ResourceManager] Registering I2C interface: /dev/i2c-2 Device 1022:790B Subsystem: 1458:5001
68    |Info:    [ResourceManager] Registering I2C interface: /dev/i2c-0 Device 1022:790B Subsystem: 1458:5001
68    |Warning: [i2c_smbus_linux] Failed to read i2c device PCI device ID
68    |Info:    [ResourceManager] Registering I2C interface: /dev/i2c-9 Device 0000:0000 Subsystem: 0000:0000
68    |Info:    [ResourceManager] Registering I2C interface: /dev/i2c-7 Device 1002:73DF Subsystem: 1043:05CB
68    |Info:    [ResourceManager] Registering I2C interface: /dev/i2c-5 Device 1002:73DF Subsystem: 1043:05CB
69    |Info:    ------------------------------------------------------
69    |Info:    |               Detecting I2C devices                |
69    |Info:    ------------------------------------------------------
894   |Info:    [Corsair Dominator Platinum] Registering RGB controller
907   |Info:    [Corsair Dominator Platinum] Registering RGB controller
919   |Info:    [Corsair Dominator Platinum] Registering RGB controller
931   |Info:    [Corsair Dominator Platinum] Registering RGB controller
1068  |Info:    ------------------------------------------------------
1068  |Info:    |            Detecting I2C DIMM modules              |
1068  |Info:    ------------------------------------------------------
1120  |Info:    [ResourceManager] Detected occupied slot 2, bus 7, type Reserved
1909  |Info:    [ResourceManager] Detected occupied slot 1, bus 8, type DDR4
3183  |Info:    [ResourceManager] Detected occupied slot 2, bus 8, type DDR4
4977  |Info:    [ResourceManager] Detected occupied slot 3, bus 8, type DDR4
7281  |Info:    [ResourceManager] Detected occupied slot 4, bus 8, type DDR4
7886  |Info:    ------------------------------------------------------
7886  |Info:    |               Detecting I2C PCI devices            |
7886  |Info:    ------------------------------------------------------
7887  |Info:    ------------------------------------------------------
7887  |Info:    |               Detecting HID devices                |
7887  |Info:    ------------------------------------------------------
7940  |Info:    [Zalman Z Sync] Registering RGB controller
7940  |Info:    ------------------------------------------------------
7940  |Info:    |            Detecting libusb HID devices            |
7940  |Info:    ------------------------------------------------------
7972  |Info:    ------------------------------------------------------
7972  |Info:    |              Detecting other devices               |
7972  |Info:    ------------------------------------------------------
7986  |Info:    [ResourceManager] Calling Post-detection callbacks
7986  |Info:    ------------------------------------------------------
7986  |Info:    |                Detection completed                 |
7986  |Info:    ------------------------------------------------------
8017  |Info:    [b450mds3h] Registering RGB controller
