    OpenRGB v0.9+ (1.0rc2)
    Commit:  from 
    Launched: 20260319_160616
====================================================================================================

55    |Info:    [ResourceManager] Initializing HID interfaces: Success
55    |Info:    ------------------------------------------------------
55    |Info:    |               Start device detection               |
55    |Info:    ------------------------------------------------------
73    |Info:    ------------------------------------------------------
73    |Info:    |             Detecting I2C interfaces               |
73    |Info:    ------------------------------------------------------
73    |Info:    [ResourceManager] Registering I2C interface: /dev/i2c-3 Device 1002:73DF Subsystem: 1043:05CB
73    |Warning: [i2c_smbus_linux] Failed to read i2c device PCI device ID
73    |Info:    [ResourceManager] Registering I2C interface: /dev/i2c-10 Device 0000:0000 Subsystem: 0000:0000
74    |Info:    [ResourceManager] Registering I2C interface: /dev/i2c-1 Device 1022:790B Subsystem: 1458:5001
74    |Info:    [ResourceManager] Registering I2C interface: /dev/i2c-8 Device 1002:73DF Subsystem: 1043:05CB
74    |Info:    [ResourceManager] Registering I2C interface: /dev/i2c-6 Device 1002:73DF Subsystem: 1043:05CB
74    |Info:    [ResourceManager] Registering I2C interface: /dev/i2c-4 Device 1002:73DF Subsystem: 1043:05CB
74    |Warning: [i2c_smbus_linux] Failed to read i2c device PCI device ID
74    |Info:    [ResourceManager] Registering I2C interface: /dev/i2c-11 Device 0000:0000 Subsystem: 0000:0000
74    |Info:    [ResourceManager] Registering I2C interface: /dev/i2c-2 Device 1022:790B Subsystem: 1458:5001
74    |Info:    [ResourceManager] Registering I2C interface: /dev/i2c-0 Device 1022:790B Subsystem: 1458:5001
74    |Warning: [i2c_smbus_linux] Failed to read i2c device PCI device ID
74    |Info:    [ResourceManager] Registering I2C interface: /dev/i2c-9 Device 0000:0000 Subsystem: 0000:0000
74    |Info:    [ResourceManager] Registering I2C interface: /dev/i2c-7 Device 1002:73DF Subsystem: 1043:05CB
74    |Info:    [ResourceManager] Registering I2C interface: /dev/i2c-5 Device 1002:73DF Subsystem: 1043:05CB
74    |Info:    ------------------------------------------------------
74    |Info:    |               Detecting I2C devices                |
74    |Info:    ------------------------------------------------------
886   |Info:    [Corsair Dominator Platinum] Registering RGB controller
898   |Info:    [Corsair Dominator Platinum] Registering RGB controller
910   |Info:    [Corsair Dominator Platinum] Registering RGB controller
923   |Info:    [Corsair Dominator Platinum] Registering RGB controller
1060  |Info:    ------------------------------------------------------
1060  |Info:    |            Detecting I2C DIMM modules              |
1060  |Info:    ------------------------------------------------------
1113  |Info:    [ResourceManager] Detected occupied slot 2, bus 7, type LPDDR4
1879  |Info:    [ResourceManager] Detected occupied slot 1, bus 8, type DDR4
3160  |Info:    [ResourceManager] Detected occupied slot 2, bus 8, type DDR4
4945  |Info:    [ResourceManager] Detected occupied slot 3, bus 8, type DDR4
7230  |Info:    [ResourceManager] Detected occupied slot 4, bus 8, type DDR4
7836  |Info:    ------------------------------------------------------
7836  |Info:    |               Detecting I2C PCI devices            |
7836  |Info:    ------------------------------------------------------
7838  |Info:    ------------------------------------------------------
7838  |Info:    |               Detecting HID devices                |
7838  |Info:    ------------------------------------------------------
7891  |Info:    [Zalman Z Sync] Registering RGB controller
7891  |Info:    ------------------------------------------------------
7891  |Info:    |            Detecting libusb HID devices            |
7891  |Info:    ------------------------------------------------------
7924  |Info:    ------------------------------------------------------
7924  |Info:    |              Detecting other devices               |
7924  |Info:    ------------------------------------------------------
7940  |Info:    [ResourceManager] Calling Post-detection callbacks
7940  |Info:    ------------------------------------------------------
7940  |Info:    |                Detection completed                 |
7940  |Info:    ------------------------------------------------------
7977  |Info:    [b450mds3h] Registering RGB controller
