    OpenRGB v0.9+ (1.0rc2)
    Commit:  from 
    Launched: 20260316_183329
====================================================================================================

53    |Info:    [ResourceManager] Initializing HID interfaces: Success
53    |Info:    ------------------------------------------------------
53    |Info:    |               Start device detection               |
53    |Info:    ------------------------------------------------------
75    |Info:    ------------------------------------------------------
75    |Info:    |             Detecting I2C interfaces               |
75    |Info:    ------------------------------------------------------
76    |Info:    [ResourceManager] Registering I2C interface: /dev/i2c-3 Device 1002:73DF Subsystem: 1043:05CB
76    |Warning: [i2c_smbus_linux] Failed to read i2c device PCI device ID
76    |Info:    [ResourceManager] Registering I2C interface: /dev/i2c-10 Device 0000:0000 Subsystem: 0000:0000
76    |Info:    [ResourceManager] Registering I2C interface: /dev/i2c-1 Device 1022:790B Subsystem: 1458:5001
76    |Info:    [ResourceManager] Registering I2C interface: /dev/i2c-8 Device 1002:73DF Subsystem: 1043:05CB
76    |Info:    [ResourceManager] Registering I2C interface: /dev/i2c-6 Device 1002:73DF Subsystem: 1043:05CB
76    |Info:    [ResourceManager] Registering I2C interface: /dev/i2c-4 Device 1002:73DF Subsystem: 1043:05CB
76    |Warning: [i2c_smbus_linux] Failed to read i2c device PCI device ID
76    |Info:    [ResourceManager] Registering I2C interface: /dev/i2c-11 Device 0000:0000 Subsystem: 0000:0000
76    |Info:    [ResourceManager] Registering I2C interface: /dev/i2c-2 Device 1022:790B Subsystem: 1458:5001
77    |Info:    [ResourceManager] Registering I2C interface: /dev/i2c-0 Device 1022:790B Subsystem: 1458:5001
77    |Warning: [i2c_smbus_linux] Failed to read i2c device PCI device ID
77    |Info:    [ResourceManager] Registering I2C interface: /dev/i2c-9 Device 0000:0000 Subsystem: 0000:0000
77    |Info:    [ResourceManager] Registering I2C interface: /dev/i2c-7 Device 1002:73DF Subsystem: 1043:05CB
77    |Info:    [ResourceManager] Registering I2C interface: /dev/i2c-5 Device 1002:73DF Subsystem: 1043:05CB
77    |Info:    ------------------------------------------------------
77    |Info:    |               Detecting I2C devices                |
77    |Info:    ------------------------------------------------------
887   |Info:    [Corsair Dominator Platinum] Registering RGB controller
899   |Info:    [Corsair Dominator Platinum] Registering RGB controller
911   |Info:    [Corsair Dominator Platinum] Registering RGB controller
923   |Info:    [Corsair Dominator Platinum] Registering RGB controller
1060  |Info:    ------------------------------------------------------
1060  |Info:    |            Detecting I2C DIMM modules              |
1060  |Info:    ------------------------------------------------------
1114  |Info:    [ResourceManager] Detected occupied slot 2, bus 7, type óúUHŤ§`
1882  |Info:    [ResourceManager] Detected occupied slot 1, bus 8, type DDR4
3159  |Info:    [ResourceManager] Detected occupied slot 2, bus 8, type DDR4
4943  |Info:    [ResourceManager] Detected occupied slot 3, bus 8, type DDR4
7244  |Info:    [ResourceManager] Detected occupied slot 4, bus 8, type DDR4
7855  |Info:    ------------------------------------------------------
7855  |Info:    |               Detecting I2C PCI devices            |
7855  |Info:    ------------------------------------------------------
7856  |Info:    ------------------------------------------------------
7856  |Info:    |               Detecting HID devices                |
7856  |Info:    ------------------------------------------------------
7908  |Info:    [Zalman Z Sync] Registering RGB controller
7908  |Info:    ------------------------------------------------------
7908  |Info:    |            Detecting libusb HID devices            |
7908  |Info:    ------------------------------------------------------
7941  |Info:    ------------------------------------------------------
7941  |Info:    |              Detecting other devices               |
7941  |Info:    ------------------------------------------------------
7957  |Info:    [ResourceManager] Calling Post-detection callbacks
7957  |Info:    ------------------------------------------------------
7957  |Info:    |                Detection completed                 |
7957  |Info:    ------------------------------------------------------
7989  |Info:    [b450mds3h] Registering RGB controller
18882 |Info:    [b450mds3h] Unregistering RGB controller
