    OpenRGB v0.9+ (1.0rc2)
    Commit:  from 
    Launched: 20260302_172515
====================================================================================================

54    |Info:    [ResourceManager] Initializing HID interfaces: Success
54    |Info:    ------------------------------------------------------
54    |Info:    |               Start device detection               |
54    |Info:    ------------------------------------------------------
66    |Info:    ------------------------------------------------------
66    |Info:    |             Detecting I2C interfaces               |
66    |Info:    ------------------------------------------------------
66    |Info:    [ResourceManager] Registering I2C interface: /dev/i2c-3 Device 1002:73DF Subsystem: 1043:05CB
66    |Warning: [i2c_smbus_linux] Failed to read i2c device PCI device ID
66    |Info:    [ResourceManager] Registering I2C interface: /dev/i2c-10 Device 0000:0000 Subsystem: 0000:0000
66    |Info:    [ResourceManager] Registering I2C interface: /dev/i2c-1 Device 1022:790B Subsystem: 1458:5001
66    |Info:    [ResourceManager] Registering I2C interface: /dev/i2c-8 Device 1002:73DF Subsystem: 1043:05CB
66    |Info:    [ResourceManager] Registering I2C interface: /dev/i2c-6 Device 1002:73DF Subsystem: 1043:05CB
66    |Info:    [ResourceManager] Registering I2C interface: /dev/i2c-4 Device 1002:73DF Subsystem: 1043:05CB
66    |Warning: [i2c_smbus_linux] Failed to read i2c device PCI device ID
66    |Info:    [ResourceManager] Registering I2C interface: /dev/i2c-11 Device 0000:0000 Subsystem: 0000:0000
66    |Info:    [ResourceManager] Registering I2C interface: /dev/i2c-2 Device 1022:790B Subsystem: 1458:5001
66    |Info:    [ResourceManager] Registering I2C interface: /dev/i2c-0 Device 1022:790B Subsystem: 1458:5001
66    |Warning: [i2c_smbus_linux] Failed to read i2c device PCI device ID
66    |Info:    [ResourceManager] Registering I2C interface: /dev/i2c-9 Device 0000:0000 Subsystem: 0000:0000
67    |Info:    [ResourceManager] Registering I2C interface: /dev/i2c-7 Device 1002:73DF Subsystem: 1043:05CB
67    |Info:    [ResourceManager] Registering I2C interface: /dev/i2c-5 Device 1002:73DF Subsystem: 1043:05CB
67    |Info:    ------------------------------------------------------
67    |Info:    |               Detecting I2C devices                |
67    |Info:    ------------------------------------------------------
1044  |Info:    ------------------------------------------------------
1044  |Info:    |            Detecting I2C DIMM modules              |
1044  |Info:    ------------------------------------------------------
1093  |Info:    [ResourceManager] Detected occupied slot 2, bus 7, type Reserved
1513  |Info:    [ResourceManager] Detected occupied slot 1, bus 8, type DDR4
2158  |Info:    [ResourceManager] Detected occupied slot 2, bus 8, type DDR4
3062  |Info:    [ResourceManager] Detected occupied slot 3, bus 8, type DDR4
4231  |Info:    [ResourceManager] Detected occupied slot 4, bus 8, type DDR4
4539  |Info:    ------------------------------------------------------
4540  |Info:    |               Detecting I2C PCI devices            |
4540  |Info:    ------------------------------------------------------
4541  |Info:    ------------------------------------------------------
4541  |Info:    |               Detecting HID devices                |
4541  |Info:    ------------------------------------------------------
4594  |Info:    [Zalman Z Sync] Registering RGB controller
4594  |Info:    ------------------------------------------------------
4594  |Info:    |            Detecting libusb HID devices            |
4594  |Info:    ------------------------------------------------------
4626  |Info:    ------------------------------------------------------
4626  |Info:    |              Detecting other devices               |
4626  |Info:    ------------------------------------------------------
4641  |Info:    [ResourceManager] Calling Post-detection callbacks
4641  |Info:    ------------------------------------------------------
4641  |Info:    |                Detection completed                 |
4641  |Info:    ------------------------------------------------------
4668  |Info:    [b450mds3h] Registering RGB controller
