    OpenRGB v0.9+ (1.0rc2)
    Commit:  from 
    Launched: 20260303_163153
====================================================================================================

56    |Info:    [ResourceManager] Initializing HID interfaces: Success
56    |Info:    ------------------------------------------------------
56    |Info:    |               Start device detection               |
56    |Info:    ------------------------------------------------------
71    |Info:    ------------------------------------------------------
71    |Info:    |             Detecting I2C interfaces               |
71    |Info:    ------------------------------------------------------
71    |Info:    [ResourceManager] Registering I2C interface: /dev/i2c-3 Device 1002:73DF Subsystem: 1043:05CB
71    |Warning: [i2c_smbus_linux] Failed to read i2c device PCI device ID
72    |Info:    [ResourceManager] Registering I2C interface: /dev/i2c-10 Device 0000:0000 Subsystem: 0000:0000
72    |Info:    [ResourceManager] Registering I2C interface: /dev/i2c-1 Device 1022:790B Subsystem: 1458:5001
72    |Info:    [ResourceManager] Registering I2C interface: /dev/i2c-8 Device 1002:73DF Subsystem: 1043:05CB
72    |Info:    [ResourceManager] Registering I2C interface: /dev/i2c-6 Device 1002:73DF Subsystem: 1043:05CB
72    |Info:    [ResourceManager] Registering I2C interface: /dev/i2c-4 Device 1002:73DF Subsystem: 1043:05CB
72    |Warning: [i2c_smbus_linux] Failed to read i2c device PCI device ID
72    |Info:    [ResourceManager] Registering I2C interface: /dev/i2c-11 Device 0000:0000 Subsystem: 0000:0000
72    |Info:    [ResourceManager] Registering I2C interface: /dev/i2c-2 Device 1022:790B Subsystem: 1458:5001
72    |Info:    [ResourceManager] Registering I2C interface: /dev/i2c-0 Device 1022:790B Subsystem: 1458:5001
72    |Warning: [i2c_smbus_linux] Failed to read i2c device PCI device ID
72    |Info:    [ResourceManager] Registering I2C interface: /dev/i2c-9 Device 0000:0000 Subsystem: 0000:0000
72    |Info:    [ResourceManager] Registering I2C interface: /dev/i2c-7 Device 1002:73DF Subsystem: 1043:05CB
72    |Info:    [ResourceManager] Registering I2C interface: /dev/i2c-5 Device 1002:73DF Subsystem: 1043:05CB
72    |Info:    ------------------------------------------------------
72    |Info:    |               Detecting I2C devices                |
72    |Info:    ------------------------------------------------------
888   |Info:    [Corsair Dominator Platinum] Registering RGB controller
900   |Info:    [Corsair Dominator Platinum] Registering RGB controller
912   |Info:    [Corsair Dominator Platinum] Registering RGB controller
924   |Info:    [Corsair Dominator Platinum] Registering RGB controller
1062  |Info:    ------------------------------------------------------
1062  |Info:    |            Detecting I2C DIMM modules              |
1062  |Info:    ------------------------------------------------------
1115  |Info:    [ResourceManager] Detected occupied slot 2, bus 7, type Key: G
1879  |Info:    [ResourceManager] Detected occupied slot 1, bus 8, type DDR4
3159  |Info:    [ResourceManager] Detected occupied slot 2, bus 8, type DDR4
4947  |Info:    [ResourceManager] Detected occupied slot 3, bus 8, type DDR4
7254  |Info:    [ResourceManager] Detected occupied slot 4, bus 8, type DDR4
7861  |Info:    ------------------------------------------------------
7861  |Info:    |               Detecting I2C PCI devices            |
7861  |Info:    ------------------------------------------------------
7863  |Info:    ------------------------------------------------------
7863  |Info:    |               Detecting HID devices                |
7863  |Info:    ------------------------------------------------------
7915  |Info:    [Zalman Z Sync] Registering RGB controller
7915  |Info:    ------------------------------------------------------
7915  |Info:    |            Detecting libusb HID devices            |
7915  |Info:    ------------------------------------------------------
7947  |Info:    ------------------------------------------------------
7947  |Info:    |              Detecting other devices               |
7947  |Info:    ------------------------------------------------------
7961  |Info:    [ResourceManager] Calling Post-detection callbacks
7961  |Info:    ------------------------------------------------------
7961  |Info:    |                Detection completed                 |
7961  |Info:    ------------------------------------------------------
7989  |Info:    [b450mds3h] Registering RGB controller
