    OpenRGB v0.9+ (1.0rc2)
    Commit:  from 
    Launched: 20260314_180855
====================================================================================================

56    |Info:    [ResourceManager] Initializing HID interfaces: Success
56    |Info:    ------------------------------------------------------
56    |Info:    |               Start device detection               |
57    |Info:    ------------------------------------------------------
71    |Info:    ------------------------------------------------------
71    |Info:    |             Detecting I2C interfaces               |
71    |Info:    ------------------------------------------------------
72    |Info:    [ResourceManager] Registering I2C interface: /dev/i2c-3 Device 1002:73DF Subsystem: 1043:05CB
72    |Warning: [i2c_smbus_linux] Failed to read i2c device PCI device ID
72    |Info:    [ResourceManager] Registering I2C interface: /dev/i2c-10 Device 0000:0000 Subsystem: 0000:0000
72    |Info:    [ResourceManager] Registering I2C interface: /dev/i2c-1 Device 1022:790B Subsystem: 1458:5001
72    |Info:    [ResourceManager] Registering I2C interface: /dev/i2c-8 Device 1002:73DF Subsystem: 1043:05CB
72    |Info:    [ResourceManager] Registering I2C interface: /dev/i2c-6 Device 1002:73DF Subsystem: 1043:05CB
72    |Info:    [ResourceManager] Registering I2C interface: /dev/i2c-4 Device 1002:73DF Subsystem: 1043:05CB
72    |Warning: [i2c_smbus_linux] Failed to read i2c device PCI device ID
72    |Info:    [ResourceManager] Registering I2C interface: /dev/i2c-11 Device 0000:0000 Subsystem: 0000:0000
72    |Info:    [ResourceManager] Registering I2C interface: /dev/i2c-2 Device 1022:790B Subsystem: 1458:5001
72    |Info:    [ResourceManager] Registering I2C interface: /dev/i2c-0 Device 1022:790B Subsystem: 1458:5001
72    |Warning: [i2c_smbus_linux] Failed to read i2c device PCI device ID
72    |Info:    [ResourceManager] Registering I2C interface: /dev/i2c-9 Device 0000:0000 Subsystem: 0000:0000
72    |Info:    [ResourceManager] Registering I2C interface: /dev/i2c-7 Device 1002:73DF Subsystem: 1043:05CB
73    |Info:    [ResourceManager] Registering I2C interface: /dev/i2c-5 Device 1002:73DF Subsystem: 1043:05CB
73    |Info:    ------------------------------------------------------
73    |Info:    |               Detecting I2C devices                |
73    |Info:    ------------------------------------------------------
887   |Info:    [Corsair Dominator Platinum] Registering RGB controller
899   |Info:    [Corsair Dominator Platinum] Registering RGB controller
911   |Info:    [Corsair Dominator Platinum] Registering RGB controller
923   |Info:    [Corsair Dominator Platinum] Registering RGB controller
1060  |Info:    ------------------------------------------------------
1060  |Info:    |            Detecting I2C DIMM modules              |
1060  |Info:    ------------------------------------------------------
1113  |Info:    [ResourceManager] Detected occupied slot 2, bus 7, type Reserved
1905  |Info:    [ResourceManager] Detected occupied slot 1, bus 8, type DDR4
3184  |Info:    [ResourceManager] Detected occupied slot 2, bus 8, type DDR4
4977  |Info:    [ResourceManager] Detected occupied slot 3, bus 8, type DDR4
7275  |Info:    [ResourceManager] Detected occupied slot 4, bus 8, type DDR4
7877  |Info:    ------------------------------------------------------
7877  |Info:    |               Detecting I2C PCI devices            |
7877  |Info:    ------------------------------------------------------
7878  |Info:    ------------------------------------------------------
7878  |Info:    |               Detecting HID devices                |
7878  |Info:    ------------------------------------------------------
7932  |Info:    [Zalman Z Sync] Registering RGB controller
7932  |Info:    ------------------------------------------------------
7932  |Info:    |            Detecting libusb HID devices            |
7932  |Info:    ------------------------------------------------------
7966  |Info:    ------------------------------------------------------
7966  |Info:    |              Detecting other devices               |
7966  |Info:    ------------------------------------------------------
7984  |Info:    [ResourceManager] Calling Post-detection callbacks
7984  |Info:    ------------------------------------------------------
7984  |Info:    |                Detection completed                 |
7984  |Info:    ------------------------------------------------------
8017  |Info:    [b450mds3h] Registering RGB controller
