    OpenRGB v0.9+ (1.0rc2)
    Commit:  from 
    Launched: 20260302_135531
====================================================================================================

54    |Info:    [ResourceManager] Initializing HID interfaces: Success
54    |Info:    ------------------------------------------------------
54    |Info:    |               Start device detection               |
54    |Info:    ------------------------------------------------------
66    |Info:    ------------------------------------------------------
66    |Info:    |             Detecting I2C interfaces               |
66    |Info:    ------------------------------------------------------
66    |Info:    [ResourceManager] Registering I2C interface: /dev/i2c-3 Device 1002:73DF Subsystem: 1043:05CB
67    |Warning: [i2c_smbus_linux] Failed to read i2c device PCI device ID
67    |Info:    [ResourceManager] Registering I2C interface: /dev/i2c-10 Device 0000:0000 Subsystem: 0000:0000
67    |Info:    [ResourceManager] Registering I2C interface: /dev/i2c-1 Device 1022:790B Subsystem: 1458:5001
67    |Info:    [ResourceManager] Registering I2C interface: /dev/i2c-8 Device 1002:73DF Subsystem: 1043:05CB
67    |Info:    [ResourceManager] Registering I2C interface: /dev/i2c-6 Device 1002:73DF Subsystem: 1043:05CB
67    |Info:    [ResourceManager] Registering I2C interface: /dev/i2c-4 Device 1002:73DF Subsystem: 1043:05CB
67    |Warning: [i2c_smbus_linux] Failed to read i2c device PCI device ID
67    |Info:    [ResourceManager] Registering I2C interface: /dev/i2c-11 Device 0000:0000 Subsystem: 0000:0000
67    |Info:    [ResourceManager] Registering I2C interface: /dev/i2c-2 Device 1022:790B Subsystem: 1458:5001
67    |Info:    [ResourceManager] Registering I2C interface: /dev/i2c-0 Device 1022:790B Subsystem: 1458:5001
67    |Warning: [i2c_smbus_linux] Failed to read i2c device PCI device ID
67    |Info:    [ResourceManager] Registering I2C interface: /dev/i2c-9 Device 0000:0000 Subsystem: 0000:0000
68    |Info:    [ResourceManager] Registering I2C interface: /dev/i2c-7 Device 1002:73DF Subsystem: 1043:05CB
68    |Info:    [ResourceManager] Registering I2C interface: /dev/i2c-5 Device 1002:73DF Subsystem: 1043:05CB
68    |Info:    ------------------------------------------------------
68    |Info:    |               Detecting I2C devices                |
68    |Info:    ------------------------------------------------------
898   |Info:    [Corsair Dominator Platinum] Registering RGB controller
1045  |Info:    ------------------------------------------------------
1045  |Info:    |            Detecting I2C DIMM modules              |
1045  |Info:    ------------------------------------------------------
1093  |Info:    [ResourceManager] Detected occupied slot 2, bus 7, type Reserved
1512  |Info:    [ResourceManager] Detected occupied slot 1, bus 8, type DDR4
2158  |Info:    [ResourceManager] Detected occupied slot 2, bus 8, type DDR4
3065  |Info:    [ResourceManager] Detected occupied slot 3, bus 8, type DDR4
4229  |Info:    [ResourceManager] Detected occupied slot 4, bus 8, type DDR4
4550  |Info:    ------------------------------------------------------
4550  |Info:    |               Detecting I2C PCI devices            |
4550  |Info:    ------------------------------------------------------
4551  |Info:    ------------------------------------------------------
4551  |Info:    |               Detecting HID devices                |
4551  |Info:    ------------------------------------------------------
4604  |Info:    [Zalman Z Sync] Registering RGB controller
4604  |Info:    ------------------------------------------------------
4604  |Info:    |            Detecting libusb HID devices            |
4604  |Info:    ------------------------------------------------------
4637  |Info:    ------------------------------------------------------
4637  |Info:    |              Detecting other devices               |
4637  |Info:    ------------------------------------------------------
4652  |Info:    [ResourceManager] Calling Post-detection callbacks
4652  |Info:    ------------------------------------------------------
4652  |Info:    |                Detection completed                 |
4652  |Info:    ------------------------------------------------------
4676  |Info:    [b450mds3h] Registering RGB controller
