    OpenRGB v0.9+ (1.0rc2)
    Commit:  from 
    Launched: 20260309_104719
====================================================================================================

52    |Info:    [ResourceManager] Initializing HID interfaces: Success
52    |Info:    ------------------------------------------------------
52    |Info:    |               Start device detection               |
52    |Info:    ------------------------------------------------------
65    |Info:    ------------------------------------------------------
65    |Info:    |             Detecting I2C interfaces               |
65    |Info:    ------------------------------------------------------
66    |Info:    [ResourceManager] Registering I2C interface: /dev/i2c-3 Device 1002:73DF Subsystem: 1043:05CB
66    |Warning: [i2c_smbus_linux] Failed to read i2c device PCI device ID
66    |Info:    [ResourceManager] Registering I2C interface: /dev/i2c-10 Device 0000:0000 Subsystem: 0000:0000
66    |Info:    [ResourceManager] Registering I2C interface: /dev/i2c-1 Device 1022:790B Subsystem: 1458:5001
66    |Info:    [ResourceManager] Registering I2C interface: /dev/i2c-8 Device 1002:73DF Subsystem: 1043:05CB
66    |Info:    [ResourceManager] Registering I2C interface: /dev/i2c-6 Device 1002:73DF Subsystem: 1043:05CB
66    |Info:    [ResourceManager] Registering I2C interface: /dev/i2c-4 Device 1002:73DF Subsystem: 1043:05CB
66    |Warning: [i2c_smbus_linux] Failed to read i2c device PCI device ID
66    |Info:    [ResourceManager] Registering I2C interface: /dev/i2c-11 Device 0000:0000 Subsystem: 0000:0000
66    |Info:    [ResourceManager] Registering I2C interface: /dev/i2c-2 Device 1022:790B Subsystem: 1458:5001
66    |Info:    [ResourceManager] Registering I2C interface: /dev/i2c-0 Device 1022:790B Subsystem: 1458:5001
66    |Warning: [i2c_smbus_linux] Failed to read i2c device PCI device ID
66    |Info:    [ResourceManager] Registering I2C interface: /dev/i2c-9 Device 0000:0000 Subsystem: 0000:0000
66    |Info:    [ResourceManager] Registering I2C interface: /dev/i2c-7 Device 1002:73DF Subsystem: 1043:05CB
66    |Info:    [ResourceManager] Registering I2C interface: /dev/i2c-5 Device 1002:73DF Subsystem: 1043:05CB
66    |Info:    ------------------------------------------------------
66    |Info:    |               Detecting I2C devices                |
66    |Info:    ------------------------------------------------------
872   |Info:    [Corsair Dominator Platinum] Registering RGB controller
884   |Info:    [Corsair Dominator Platinum] Registering RGB controller
896   |Info:    [Corsair Dominator Platinum] Registering RGB controller
908   |Info:    [Corsair Dominator Platinum] Registering RGB controller
1045  |Info:    ------------------------------------------------------
1045  |Info:    |            Detecting I2C DIMM modules              |
1045  |Info:    ------------------------------------------------------
1097  |Info:    [ResourceManager] Detected occupied slot 2, bus 7, type ŔJH–Ń
1868  |Info:    [ResourceManager] Detected occupied slot 1, bus 8, type DDR4
3152  |Info:    [ResourceManager] Detected occupied slot 2, bus 8, type DDR4
4936  |Info:    [ResourceManager] Detected occupied slot 3, bus 8, type DDR4
7241  |Info:    [ResourceManager] Detected occupied slot 4, bus 8, type DDR4
7849  |Info:    ------------------------------------------------------
7849  |Info:    |               Detecting I2C PCI devices            |
7849  |Info:    ------------------------------------------------------
7850  |Info:    ------------------------------------------------------
7850  |Info:    |               Detecting HID devices                |
7850  |Info:    ------------------------------------------------------
7903  |Info:    [Zalman Z Sync] Registering RGB controller
7903  |Info:    ------------------------------------------------------
7903  |Info:    |            Detecting libusb HID devices            |
7903  |Info:    ------------------------------------------------------
7936  |Info:    ------------------------------------------------------
7936  |Info:    |              Detecting other devices               |
7936  |Info:    ------------------------------------------------------
7951  |Info:    [ResourceManager] Calling Post-detection callbacks
7951  |Info:    ------------------------------------------------------
7951  |Info:    |                Detection completed                 |
7951  |Info:    ------------------------------------------------------
7987  |Info:    [b450mds3h] Registering RGB controller
