    OpenRGB v0.9+ (1.0rc2)
    Commit:  from 
    Launched: 20260316_182939
====================================================================================================

54    |Info:    [ResourceManager] Initializing HID interfaces: Success
54    |Info:    ------------------------------------------------------
54    |Info:    |               Start device detection               |
54    |Info:    ------------------------------------------------------
72    |Info:    ------------------------------------------------------
72    |Info:    |             Detecting I2C interfaces               |
72    |Info:    ------------------------------------------------------
73    |Info:    [ResourceManager] Registering I2C interface: /dev/i2c-3 Device 1002:73DF Subsystem: 1043:05CB
73    |Warning: [i2c_smbus_linux] Failed to read i2c device PCI device ID
73    |Info:    [ResourceManager] Registering I2C interface: /dev/i2c-10 Device 0000:0000 Subsystem: 0000:0000
73    |Info:    [ResourceManager] Registering I2C interface: /dev/i2c-1 Device 1022:790B Subsystem: 1458:5001
73    |Info:    [ResourceManager] Registering I2C interface: /dev/i2c-8 Device 1002:73DF Subsystem: 1043:05CB
73    |Info:    [ResourceManager] Registering I2C interface: /dev/i2c-6 Device 1002:73DF Subsystem: 1043:05CB
73    |Info:    [ResourceManager] Registering I2C interface: /dev/i2c-4 Device 1002:73DF Subsystem: 1043:05CB
73    |Warning: [i2c_smbus_linux] Failed to read i2c device PCI device ID
73    |Info:    [ResourceManager] Registering I2C interface: /dev/i2c-11 Device 0000:0000 Subsystem: 0000:0000
73    |Info:    [ResourceManager] Registering I2C interface: /dev/i2c-2 Device 1022:790B Subsystem: 1458:5001
74    |Info:    [ResourceManager] Registering I2C interface: /dev/i2c-0 Device 1022:790B Subsystem: 1458:5001
74    |Warning: [i2c_smbus_linux] Failed to read i2c device PCI device ID
74    |Info:    [ResourceManager] Registering I2C interface: /dev/i2c-9 Device 0000:0000 Subsystem: 0000:0000
74    |Info:    [ResourceManager] Registering I2C interface: /dev/i2c-7 Device 1002:73DF Subsystem: 1043:05CB
74    |Info:    [ResourceManager] Registering I2C interface: /dev/i2c-5 Device 1002:73DF Subsystem: 1043:05CB
74    |Info:    ------------------------------------------------------
74    |Info:    |               Detecting I2C devices                |
74    |Info:    ------------------------------------------------------
897   |Info:    [Corsair Dominator Platinum] Registering RGB controller
908   |Info:    [Corsair Dominator Platinum] Registering RGB controller
920   |Info:    [Corsair Dominator Platinum] Registering RGB controller
932   |Info:    [Corsair Dominator Platinum] Registering RGB controller
1070  |Info:    ------------------------------------------------------
1070  |Info:    |            Detecting I2C DIMM modules              |
1070  |Info:    ------------------------------------------------------
1122  |Info:    [ResourceManager] Detected occupied slot 2, bus 7, type óúU‰ÒHkÒhH‰åSHƒì(H–ø
1887  |Info:    [ResourceManager] Detected occupied slot 1, bus 8, type DDR4
3165  |Info:    [ResourceManager] Detected occupied slot 2, bus 8, type DDR4
4953  |Info:    [ResourceManager] Detected occupied slot 3, bus 8, type DDR4
7256  |Info:    [ResourceManager] Detected occupied slot 4, bus 8, type DDR4
7861  |Info:    ------------------------------------------------------
7861  |Info:    |               Detecting I2C PCI devices            |
7861  |Info:    ------------------------------------------------------
7863  |Info:    ------------------------------------------------------
7863  |Info:    |               Detecting HID devices                |
7863  |Info:    ------------------------------------------------------
7915  |Info:    [Zalman Z Sync] Registering RGB controller
7915  |Info:    ------------------------------------------------------
7915  |Info:    |            Detecting libusb HID devices            |
7915  |Info:    ------------------------------------------------------
7948  |Info:    ------------------------------------------------------
7948  |Info:    |              Detecting other devices               |
7948  |Info:    ------------------------------------------------------
7962  |Info:    [ResourceManager] Calling Post-detection callbacks
7962  |Info:    ------------------------------------------------------
7962  |Info:    |                Detection completed                 |
7962  |Info:    ------------------------------------------------------
7995  |Info:    [b450mds3h] Registering RGB controller
