    OpenRGB v0.9+ (1.0rc2)
    Commit:  from 
    Launched: 20260225_121136
====================================================================================================

52    |Info:    [ResourceManager] Initializing HID interfaces: Success
52    |Info:    ------------------------------------------------------
52    |Info:    |               Start device detection               |
52    |Info:    ------------------------------------------------------
70    |Info:    ------------------------------------------------------
70    |Info:    |             Detecting I2C interfaces               |
70    |Info:    ------------------------------------------------------
75    |Info:    [ResourceManager] Registering I2C interface: /dev/i2c-3 Device 1002:73DF Subsystem: 1043:05CB
75    |Info:    [ResourceManager] Registering I2C interface: /dev/i2c-1 Device 1002:73DF Subsystem: 1043:05CB
75    |Warning: [i2c_smbus_linux] Failed to read i2c device PCI device ID
75    |Info:    [ResourceManager] Registering I2C interface: /dev/i2c-8 Device 0000:0000 Subsystem: 0000:0000
75    |Warning: [i2c_smbus_linux] Failed to read i2c device PCI device ID
75    |Info:    [ResourceManager] Registering I2C interface: /dev/i2c-6 Device 0000:0000 Subsystem: 0000:0000
75    |Info:    [ResourceManager] Registering I2C interface: /dev/i2c-4 Device 1002:73DF Subsystem: 1043:05CB
75    |Info:    [ResourceManager] Registering I2C interface: /dev/i2c-2 Device 1002:73DF Subsystem: 1043:05CB
75    |Info:    [ResourceManager] Registering I2C interface: /dev/i2c-0 Device 1002:73DF Subsystem: 1043:05CB
75    |Warning: [i2c_smbus_linux] Failed to read i2c device PCI device ID
75    |Info:    [ResourceManager] Registering I2C interface: /dev/i2c-7 Device 0000:0000 Subsystem: 0000:0000
75    |Info:    [ResourceManager] Registering I2C interface: /dev/i2c-5 Device 1002:73DF Subsystem: 1043:05CB
75    |Info:    ------------------------------------------------------
75    |Info:    |               Detecting I2C devices                |
75    |Info:    ------------------------------------------------------
96    |Info:    ------------------------------------------------------
96    |Info:    |            Detecting I2C DIMM modules              |
96    |Info:    ------------------------------------------------------
96    |Info:    ------------------------------------------------------
96    |Info:    |               Detecting I2C PCI devices            |
96    |Info:    ------------------------------------------------------
97    |Info:    ------------------------------------------------------
97    |Info:    |               Detecting HID devices                |
97    |Info:    ------------------------------------------------------
150   |Info:    [Zalman Z Sync] Registering RGB controller
150   |Info:    ------------------------------------------------------
150   |Info:    |            Detecting libusb HID devices            |
150   |Info:    ------------------------------------------------------
184   |Info:    ------------------------------------------------------
184   |Info:    |              Detecting other devices               |
184   |Info:    ------------------------------------------------------
201   |Info:    [ResourceManager] Calling Post-detection callbacks
201   |Info:    ------------------------------------------------------
201   |Info:    |                Detection completed                 |
201   |Info:    ------------------------------------------------------
