    OpenRGB v0.9+ (1.0rc2)
    Commit:  from 
    Launched: 20260314_204624
====================================================================================================

55    |Info:    [ResourceManager] Initializing HID interfaces: Success
55    |Info:    ------------------------------------------------------
55    |Info:    |               Start device detection               |
55    |Info:    ------------------------------------------------------
73    |Info:    ------------------------------------------------------
73    |Info:    |             Detecting I2C interfaces               |
73    |Info:    ------------------------------------------------------
73    |Info:    [ResourceManager] Registering I2C interface: /dev/i2c-3 Device 1002:73DF Subsystem: 1043:05CB
73    |Warning: [i2c_smbus_linux] Failed to read i2c device PCI device ID
73    |Info:    [ResourceManager] Registering I2C interface: /dev/i2c-10 Device 0000:0000 Subsystem: 0000:0000
74    |Info:    [ResourceManager] Registering I2C interface: /dev/i2c-1 Device 1022:790B Subsystem: 1458:5001
74    |Info:    [ResourceManager] Registering I2C interface: /dev/i2c-8 Device 1002:73DF Subsystem: 1043:05CB
74    |Info:    [ResourceManager] Registering I2C interface: /dev/i2c-6 Device 1002:73DF Subsystem: 1043:05CB
74    |Info:    [ResourceManager] Registering I2C interface: /dev/i2c-4 Device 1002:73DF Subsystem: 1043:05CB
74    |Warning: [i2c_smbus_linux] Failed to read i2c device PCI device ID
74    |Info:    [ResourceManager] Registering I2C interface: /dev/i2c-11 Device 0000:0000 Subsystem: 0000:0000
74    |Info:    [ResourceManager] Registering I2C interface: /dev/i2c-2 Device 1022:790B Subsystem: 1458:5001
74    |Info:    [ResourceManager] Registering I2C interface: /dev/i2c-0 Device 1022:790B Subsystem: 1458:5001
74    |Warning: [i2c_smbus_linux] Failed to read i2c device PCI device ID
74    |Info:    [ResourceManager] Registering I2C interface: /dev/i2c-9 Device 0000:0000 Subsystem: 0000:0000
74    |Info:    [ResourceManager] Registering I2C interface: /dev/i2c-7 Device 1002:73DF Subsystem: 1043:05CB
75    |Info:    [ResourceManager] Registering I2C interface: /dev/i2c-5 Device 1002:73DF Subsystem: 1043:05CB
75    |Info:    ------------------------------------------------------
75    |Info:    |               Detecting I2C devices                |
75    |Info:    ------------------------------------------------------
894   |Info:    [Corsair Dominator Platinum] Registering RGB controller
906   |Info:    [Corsair Dominator Platinum] Registering RGB controller
918   |Info:    [Corsair Dominator Platinum] Registering RGB controller
930   |Info:    [Corsair Dominator Platinum] Registering RGB controller
1067  |Info:    ------------------------------------------------------
1067  |Info:    |            Detecting I2C DIMM modules              |
1067  |Info:    ------------------------------------------------------
1120  |Info:    [ResourceManager] Detected occupied slot 2, bus 7, type óúH‹˙ 8
1888  |Info:    [ResourceManager] Detected occupied slot 1, bus 8, type DDR4
3164  |Info:    [ResourceManager] Detected occupied slot 2, bus 8, type DDR4
4958  |Info:    [ResourceManager] Detected occupied slot 3, bus 8, type DDR4
7260  |Info:    [ResourceManager] Detected occupied slot 4, bus 8, type DDR4
7865  |Info:    ------------------------------------------------------
7865  |Info:    |               Detecting I2C PCI devices            |
7865  |Info:    ------------------------------------------------------
7866  |Info:    ------------------------------------------------------
7866  |Info:    |               Detecting HID devices                |
7866  |Info:    ------------------------------------------------------
7919  |Info:    [Zalman Z Sync] Registering RGB controller
7919  |Info:    ------------------------------------------------------
7919  |Info:    |            Detecting libusb HID devices            |
7919  |Info:    ------------------------------------------------------
7956  |Info:    ------------------------------------------------------
7956  |Info:    |              Detecting other devices               |
7956  |Info:    ------------------------------------------------------
7970  |Info:    [ResourceManager] Calling Post-detection callbacks
7970  |Info:    ------------------------------------------------------
7970  |Info:    |                Detection completed                 |
7970  |Info:    ------------------------------------------------------
7999  |Info:    [b450mds3h] Registering RGB controller
162613399|Info:    [b450mds3h] Unregistering RGB controller
