    OpenRGB v0.9+ (1.0rc2)
    Commit:  from 
    Launched: 20260225_130534
====================================================================================================

52    |Info:    [ResourceManager] Initializing HID interfaces: Success
52    |Info:    ------------------------------------------------------
52    |Info:    |               Start device detection               |
52    |Info:    ------------------------------------------------------
68    |Info:    ------------------------------------------------------
68    |Info:    |             Detecting I2C interfaces               |
68    |Info:    ------------------------------------------------------
75    |Info:    [ResourceManager] Registering I2C interface: /dev/i2c-3 Device 1002:73DF Subsystem: 1043:05CB
75    |Info:    [ResourceManager] Registering I2C interface: /dev/i2c-10 Device 1022:790B Subsystem: 1458:5001
76    |Info:    [ResourceManager] Registering I2C interface: /dev/i2c-1 Device 1002:73DF Subsystem: 1043:05CB
76    |Warning: [i2c_smbus_linux] Failed to read i2c device PCI device ID
76    |Info:    [ResourceManager] Registering I2C interface: /dev/i2c-8 Device 0000:0000 Subsystem: 0000:0000
76    |Warning: [i2c_smbus_linux] Failed to read i2c device PCI device ID
76    |Info:    [ResourceManager] Registering I2C interface: /dev/i2c-6 Device 0000:0000 Subsystem: 0000:0000
76    |Info:    [ResourceManager] Registering I2C interface: /dev/i2c-4 Device 1002:73DF Subsystem: 1043:05CB
76    |Info:    [ResourceManager] Registering I2C interface: /dev/i2c-11 Device 1022:790B Subsystem: 1458:5001
76    |Info:    [ResourceManager] Registering I2C interface: /dev/i2c-2 Device 1002:73DF Subsystem: 1043:05CB
76    |Info:    [ResourceManager] Registering I2C interface: /dev/i2c-0 Device 1002:73DF Subsystem: 1043:05CB
76    |Info:    [ResourceManager] Registering I2C interface: /dev/i2c-9 Device 1022:790B Subsystem: 1458:5001
76    |Warning: [i2c_smbus_linux] Failed to read i2c device PCI device ID
76    |Info:    [ResourceManager] Registering I2C interface: /dev/i2c-7 Device 0000:0000 Subsystem: 0000:0000
76    |Info:    [ResourceManager] Registering I2C interface: /dev/i2c-5 Device 1002:73DF Subsystem: 1043:05CB
76    |Info:    ------------------------------------------------------
76    |Info:    |               Detecting I2C devices                |
76    |Info:    ------------------------------------------------------
887   |Info:    [Corsair Dominator Platinum] Registering RGB controller
899   |Info:    [Corsair Dominator Platinum] Registering RGB controller
911   |Info:    [Corsair Dominator Platinum] Registering RGB controller
922   |Info:    [Corsair Dominator Platinum] Registering RGB controller
1059  |Info:    ------------------------------------------------------
1059  |Info:    |            Detecting I2C DIMM modules              |
1059  |Info:    ------------------------------------------------------
1113  |Info:    [ResourceManager] Detected occupied slot 2, bus 6, type Reserved
1913  |Info:    [ResourceManager] Detected occupied slot 1, bus 9, type DDR4
3197  |Info:    [ResourceManager] Detected occupied slot 2, bus 9, type DDR4
4989  |Info:    [ResourceManager] Detected occupied slot 3, bus 9, type DDR4
7287  |Info:    [ResourceManager] Detected occupied slot 4, bus 9, type DDR4
7891  |Info:    ------------------------------------------------------
7892  |Info:    |               Detecting I2C PCI devices            |
7892  |Info:    ------------------------------------------------------
7893  |Info:    ------------------------------------------------------
7893  |Info:    |               Detecting HID devices                |
7893  |Info:    ------------------------------------------------------
7946  |Info:    [Zalman Z Sync] Registering RGB controller
7947  |Info:    ------------------------------------------------------
7947  |Info:    |            Detecting libusb HID devices            |
7947  |Info:    ------------------------------------------------------
7980  |Info:    ------------------------------------------------------
7980  |Info:    |              Detecting other devices               |
7980  |Info:    ------------------------------------------------------
7996  |Info:    [ResourceManager] Calling Post-detection callbacks
7996  |Info:    ------------------------------------------------------
7996  |Info:    |                Detection completed                 |
7996  |Info:    ------------------------------------------------------
