    OpenRGB v0.9+ (1.0rc2)
    Commit:  from 
    Launched: 20260227_170727
====================================================================================================

52    |Info:    [ResourceManager] Initializing HID interfaces: Success
52    |Info:    ------------------------------------------------------
52    |Info:    |               Start device detection               |
52    |Info:    ------------------------------------------------------
66    |Info:    ------------------------------------------------------
66    |Info:    |             Detecting I2C interfaces               |
66    |Info:    ------------------------------------------------------
66    |Info:    [ResourceManager] Registering I2C interface: /dev/i2c-3 Device 1002:73DF Subsystem: 1043:05CB
66    |Info:    [ResourceManager] Registering I2C interface: /dev/i2c-10 Device 1022:790B Subsystem: 1458:5001
66    |Info:    [ResourceManager] Registering I2C interface: /dev/i2c-1 Device 1002:73DF Subsystem: 1043:05CB
66    |Warning: [i2c_smbus_linux] Failed to read i2c device PCI device ID
66    |Info:    [ResourceManager] Registering I2C interface: /dev/i2c-8 Device 0000:0000 Subsystem: 0000:0000
66    |Warning: [i2c_smbus_linux] Failed to read i2c device PCI device ID
66    |Info:    [ResourceManager] Registering I2C interface: /dev/i2c-6 Device 0000:0000 Subsystem: 0000:0000
66    |Info:    [ResourceManager] Registering I2C interface: /dev/i2c-4 Device 1002:73DF Subsystem: 1043:05CB
67    |Info:    [ResourceManager] Registering I2C interface: /dev/i2c-11 Device 1022:790B Subsystem: 1458:5001
67    |Info:    [ResourceManager] Registering I2C interface: /dev/i2c-2 Device 1002:73DF Subsystem: 1043:05CB
67    |Info:    [ResourceManager] Registering I2C interface: /dev/i2c-0 Device 1002:73DF Subsystem: 1043:05CB
67    |Info:    [ResourceManager] Registering I2C interface: /dev/i2c-9 Device 1022:790B Subsystem: 1458:5001
67    |Warning: [i2c_smbus_linux] Failed to read i2c device PCI device ID
67    |Info:    [ResourceManager] Registering I2C interface: /dev/i2c-7 Device 0000:0000 Subsystem: 0000:0000
67    |Info:    [ResourceManager] Registering I2C interface: /dev/i2c-5 Device 1002:73DF Subsystem: 1043:05CB
67    |Info:    ------------------------------------------------------
67    |Info:    |               Detecting I2C devices                |
67    |Info:    ------------------------------------------------------
1033  |Info:    [Corsair Dominator Platinum] Registering RGB controller
1044  |Info:    [Corsair Dominator Platinum] Registering RGB controller
1063  |Info:    [Corsair Dominator Platinum] Registering RGB controller
1074  |Info:    [Corsair Dominator Platinum] Registering RGB controller
1218  |Info:    ------------------------------------------------------
1218  |Info:    |            Detecting I2C DIMM modules              |
1218  |Info:    ------------------------------------------------------
1305  |Info:    [ResourceManager] Detected occupied slot 2, bus 6, type óúUH‰åSHƒì(H‹VpdH‹%(
3261  |Info:    [ResourceManager] Detected occupied slot 1, bus 9, type DDR4
6610  |Info:    [ResourceManager] Detected occupied slot 2, bus 9, type DDR4
11121 |Info:    [ResourceManager] Detected occupied slot 3, bus 9, type DDR4
16853 |Info:    [ResourceManager] Detected occupied slot 4, bus 9, type DDR4
18352 |Info:    ------------------------------------------------------
18352 |Info:    |               Detecting I2C PCI devices            |
18352 |Info:    ------------------------------------------------------
18353 |Info:    ------------------------------------------------------
18353 |Info:    |               Detecting HID devices                |
18353 |Info:    ------------------------------------------------------
18355 |Info:    [Zalman Z Sync] Registering RGB controller
18357 |Info:    [KLM] Created new Tenkeyless ANSI QWERTY with 6 rows and 17 columns containing 87 keys
18357 |Info:    [Red Square Keyrox TKL Classic] Registering RGB controller
18357 |Info:    ------------------------------------------------------
18357 |Info:    |            Detecting libusb HID devices            |
18357 |Info:    ------------------------------------------------------
18423 |Info:    ------------------------------------------------------
18423 |Info:    |              Detecting other devices               |
18423 |Info:    ------------------------------------------------------
18438 |Info:    [ResourceManager] Calling Post-detection callbacks
18438 |Info:    ------------------------------------------------------
18438 |Info:    |                Detection completed                 |
18438 |Info:    ------------------------------------------------------
