    OpenRGB v0.9+ (1.0rc2)
    Commit:  from 
    Launched: 20260319_125906
====================================================================================================

53    |Info:    [ResourceManager] Initializing HID interfaces: Success
53    |Info:    ------------------------------------------------------
53    |Info:    |               Start device detection               |
53    |Info:    ------------------------------------------------------
67    |Info:    ------------------------------------------------------
67    |Info:    |             Detecting I2C interfaces               |
67    |Info:    ------------------------------------------------------
67    |Info:    [ResourceManager] Registering I2C interface: /dev/i2c-3 Device 1002:73DF Subsystem: 1043:05CB
67    |Warning: [i2c_smbus_linux] Failed to read i2c device PCI device ID
67    |Info:    [ResourceManager] Registering I2C interface: /dev/i2c-10 Device 0000:0000 Subsystem: 0000:0000
67    |Info:    [ResourceManager] Registering I2C interface: /dev/i2c-1 Device 1022:790B Subsystem: 1458:5001
67    |Info:    [ResourceManager] Registering I2C interface: /dev/i2c-8 Device 1002:73DF Subsystem: 1043:05CB
68    |Info:    [ResourceManager] Registering I2C interface: /dev/i2c-6 Device 1002:73DF Subsystem: 1043:05CB
68    |Info:    [ResourceManager] Registering I2C interface: /dev/i2c-4 Device 1002:73DF Subsystem: 1043:05CB
68    |Warning: [i2c_smbus_linux] Failed to read i2c device PCI device ID
68    |Info:    [ResourceManager] Registering I2C interface: /dev/i2c-11 Device 0000:0000 Subsystem: 0000:0000
68    |Info:    [ResourceManager] Registering I2C interface: /dev/i2c-2 Device 1022:790B Subsystem: 1458:5001
68    |Info:    [ResourceManager] Registering I2C interface: /dev/i2c-0 Device 1022:790B Subsystem: 1458:5001
68    |Warning: [i2c_smbus_linux] Failed to read i2c device PCI device ID
68    |Info:    [ResourceManager] Registering I2C interface: /dev/i2c-9 Device 0000:0000 Subsystem: 0000:0000
68    |Info:    [ResourceManager] Registering I2C interface: /dev/i2c-7 Device 1002:73DF Subsystem: 1043:05CB
68    |Info:    [ResourceManager] Registering I2C interface: /dev/i2c-5 Device 1002:73DF Subsystem: 1043:05CB
68    |Info:    ------------------------------------------------------
68    |Info:    |               Detecting I2C devices                |
68    |Info:    ------------------------------------------------------
883   |Info:    [Corsair Dominator Platinum] Registering RGB controller
895   |Info:    [Corsair Dominator Platinum] Registering RGB controller
907   |Info:    [Corsair Dominator Platinum] Registering RGB controller
919   |Info:    [Corsair Dominator Platinum] Registering RGB controller
1057  |Info:    ------------------------------------------------------
1057  |Info:    |            Detecting I2C DIMM modules              |
1057  |Info:    ------------------------------------------------------
1111  |Info:    [ResourceManager] Detected occupied slot 2, bus 7, type Reserved
1903  |Info:    [ResourceManager] Detected occupied slot 1, bus 8, type DDR4
3181  |Info:    [ResourceManager] Detected occupied slot 2, bus 8, type DDR4
4974  |Info:    [ResourceManager] Detected occupied slot 3, bus 8, type DDR4
7279  |Info:    [ResourceManager] Detected occupied slot 4, bus 8, type DDR4
7884  |Info:    ------------------------------------------------------
7884  |Info:    |               Detecting I2C PCI devices            |
7884  |Info:    ------------------------------------------------------
7885  |Info:    ------------------------------------------------------
7885  |Info:    |               Detecting HID devices                |
7885  |Info:    ------------------------------------------------------
7887  |Info:    [Zalman Z Sync] Registering RGB controller
7887  |Info:    ------------------------------------------------------
7887  |Info:    |            Detecting libusb HID devices            |
7887  |Info:    ------------------------------------------------------
7919  |Info:    ------------------------------------------------------
7919  |Info:    |              Detecting other devices               |
7919  |Info:    ------------------------------------------------------
7934  |Info:    [ResourceManager] Calling Post-detection callbacks
7934  |Info:    ------------------------------------------------------
7934  |Info:    |                Detection completed                 |
7934  |Info:    ------------------------------------------------------
7969  |Info:    [b450mds3h] Registering RGB controller
