    OpenRGB v0.9+ (1.0rc2)
    Commit:  from 
    Launched: 20260318_145616
====================================================================================================

54    |Info:    [ResourceManager] Initializing HID interfaces: Success
54    |Info:    ------------------------------------------------------
54    |Info:    |               Start device detection               |
54    |Info:    ------------------------------------------------------
72    |Info:    ------------------------------------------------------
72    |Info:    |             Detecting I2C interfaces               |
72    |Info:    ------------------------------------------------------
72    |Info:    [ResourceManager] Registering I2C interface: /dev/i2c-3 Device 1002:73DF Subsystem: 1043:05CB
73    |Warning: [i2c_smbus_linux] Failed to read i2c device PCI device ID
73    |Info:    [ResourceManager] Registering I2C interface: /dev/i2c-10 Device 0000:0000 Subsystem: 0000:0000
73    |Info:    [ResourceManager] Registering I2C interface: /dev/i2c-1 Device 1022:790B Subsystem: 1458:5001
73    |Info:    [ResourceManager] Registering I2C interface: /dev/i2c-8 Device 1002:73DF Subsystem: 1043:05CB
73    |Info:    [ResourceManager] Registering I2C interface: /dev/i2c-6 Device 1002:73DF Subsystem: 1043:05CB
73    |Info:    [ResourceManager] Registering I2C interface: /dev/i2c-4 Device 1002:73DF Subsystem: 1043:05CB
73    |Warning: [i2c_smbus_linux] Failed to read i2c device PCI device ID
73    |Info:    [ResourceManager] Registering I2C interface: /dev/i2c-11 Device 0000:0000 Subsystem: 0000:0000
73    |Info:    [ResourceManager] Registering I2C interface: /dev/i2c-2 Device 1022:790B Subsystem: 1458:5001
73    |Info:    [ResourceManager] Registering I2C interface: /dev/i2c-0 Device 1022:790B Subsystem: 1458:5001
73    |Warning: [i2c_smbus_linux] Failed to read i2c device PCI device ID
73    |Info:    [ResourceManager] Registering I2C interface: /dev/i2c-9 Device 0000:0000 Subsystem: 0000:0000
73    |Info:    [ResourceManager] Registering I2C interface: /dev/i2c-7 Device 1002:73DF Subsystem: 1043:05CB
73    |Info:    [ResourceManager] Registering I2C interface: /dev/i2c-5 Device 1002:73DF Subsystem: 1043:05CB
73    |Info:    ------------------------------------------------------
73    |Info:    |               Detecting I2C devices                |
73    |Info:    ------------------------------------------------------
893   |Info:    [Corsair Dominator Platinum] Registering RGB controller
905   |Info:    [Corsair Dominator Platinum] Registering RGB controller
917   |Info:    [Corsair Dominator Platinum] Registering RGB controller
929   |Info:    [Corsair Dominator Platinum] Registering RGB controller
1067  |Info:    ------------------------------------------------------
1067  |Info:    |            Detecting I2C DIMM modules              |
1067  |Info:    ------------------------------------------------------
1121  |Info:    [ResourceManager] Detected occupied slot 2, bus 7, type Reserved
1917  |Info:    [ResourceManager] Detected occupied slot 1, bus 8, type DDR4
3190  |Info:    [ResourceManager] Detected occupied slot 2, bus 8, type DDR4
4985  |Info:    [ResourceManager] Detected occupied slot 3, bus 8, type DDR4
7285  |Info:    [ResourceManager] Detected occupied slot 4, bus 8, type DDR4
7889  |Info:    ------------------------------------------------------
7889  |Info:    |               Detecting I2C PCI devices            |
7889  |Info:    ------------------------------------------------------
7891  |Info:    ------------------------------------------------------
7891  |Info:    |               Detecting HID devices                |
7891  |Info:    ------------------------------------------------------
7944  |Info:    [Zalman Z Sync] Registering RGB controller
7944  |Info:    ------------------------------------------------------
7944  |Info:    |            Detecting libusb HID devices            |
7944  |Info:    ------------------------------------------------------
7980  |Info:    ------------------------------------------------------
7980  |Info:    |              Detecting other devices               |
7980  |Info:    ------------------------------------------------------
7996  |Info:    [ResourceManager] Calling Post-detection callbacks
7996  |Info:    ------------------------------------------------------
7996  |Info:    |                Detection completed                 |
7996  |Info:    ------------------------------------------------------
8032  |Info:    [b450mds3h] Registering RGB controller
