    OpenRGB v0.9+ (1.0rc2)
    Commit:  from 
    Launched: 20260319_150217
====================================================================================================

53    |Info:    [ResourceManager] Initializing HID interfaces: Success
53    |Info:    ------------------------------------------------------
53    |Info:    |               Start device detection               |
53    |Info:    ------------------------------------------------------
67    |Info:    ------------------------------------------------------
67    |Info:    |             Detecting I2C interfaces               |
67    |Info:    ------------------------------------------------------
67    |Info:    [ResourceManager] Registering I2C interface: /dev/i2c-3 Device 1002:73DF Subsystem: 1043:05CB
67    |Warning: [i2c_smbus_linux] Failed to read i2c device PCI device ID
67    |Info:    [ResourceManager] Registering I2C interface: /dev/i2c-10 Device 0000:0000 Subsystem: 0000:0000
67    |Info:    [ResourceManager] Registering I2C interface: /dev/i2c-1 Device 1022:790B Subsystem: 1458:5001
68    |Info:    [ResourceManager] Registering I2C interface: /dev/i2c-8 Device 1002:73DF Subsystem: 1043:05CB
68    |Info:    [ResourceManager] Registering I2C interface: /dev/i2c-6 Device 1002:73DF Subsystem: 1043:05CB
68    |Info:    [ResourceManager] Registering I2C interface: /dev/i2c-4 Device 1002:73DF Subsystem: 1043:05CB
68    |Warning: [i2c_smbus_linux] Failed to read i2c device PCI device ID
68    |Info:    [ResourceManager] Registering I2C interface: /dev/i2c-11 Device 0000:0000 Subsystem: 0000:0000
68    |Info:    [ResourceManager] Registering I2C interface: /dev/i2c-2 Device 1022:790B Subsystem: 1458:5001
68    |Info:    [ResourceManager] Registering I2C interface: /dev/i2c-0 Device 1022:790B Subsystem: 1458:5001
68    |Warning: [i2c_smbus_linux] Failed to read i2c device PCI device ID
68    |Info:    [ResourceManager] Registering I2C interface: /dev/i2c-9 Device 0000:0000 Subsystem: 0000:0000
68    |Info:    [ResourceManager] Registering I2C interface: /dev/i2c-7 Device 1002:73DF Subsystem: 1043:05CB
68    |Info:    [ResourceManager] Registering I2C interface: /dev/i2c-5 Device 1002:73DF Subsystem: 1043:05CB
68    |Info:    ------------------------------------------------------
68    |Info:    |               Detecting I2C devices                |
68    |Info:    ------------------------------------------------------
878   |Info:    [Corsair Dominator Platinum] Registering RGB controller
890   |Info:    [Corsair Dominator Platinum] Registering RGB controller
902   |Info:    [Corsair Dominator Platinum] Registering RGB controller
914   |Info:    [Corsair Dominator Platinum] Registering RGB controller
1051  |Info:    ------------------------------------------------------
1051  |Info:    |            Detecting I2C DIMM modules              |
1051  |Info:    ------------------------------------------------------
1103  |Info:    [ResourceManager] Detected occupied slot 2, bus 7, type óúUH‰åSHƒì(H‹–°
1870  |Info:    [ResourceManager] Detected occupied slot 1, bus 8, type DDR4
3149  |Info:    [ResourceManager] Detected occupied slot 2, bus 8, type DDR4
4945  |Info:    [ResourceManager] Detected occupied slot 3, bus 8, type DDR4
7243  |Info:    [ResourceManager] Detected occupied slot 4, bus 8, type DDR4
7849  |Info:    ------------------------------------------------------
7850  |Info:    |               Detecting I2C PCI devices            |
7850  |Info:    ------------------------------------------------------
7851  |Info:    ------------------------------------------------------
7851  |Info:    |               Detecting HID devices                |
7851  |Info:    ------------------------------------------------------
7904  |Info:    [Zalman Z Sync] Registering RGB controller
7904  |Info:    ------------------------------------------------------
7904  |Info:    |            Detecting libusb HID devices            |
7904  |Info:    ------------------------------------------------------
7937  |Info:    ------------------------------------------------------
7937  |Info:    |              Detecting other devices               |
7937  |Info:    ------------------------------------------------------
7952  |Info:    [ResourceManager] Calling Post-detection callbacks
7952  |Info:    ------------------------------------------------------
7952  |Info:    |                Detection completed                 |
7952  |Info:    ------------------------------------------------------
7983  |Info:    [b450mds3h] Registering RGB controller
