    OpenRGB v0.9+ (1.0rc2)
    Commit:  from 
    Launched: 20260225_154047
====================================================================================================

52    |Info:    [ResourceManager] Initializing HID interfaces: Success
52    |Info:    ------------------------------------------------------
53    |Info:    |               Start device detection               |
53    |Info:    ------------------------------------------------------
71    |Info:    ------------------------------------------------------
71    |Info:    |             Detecting I2C interfaces               |
71    |Info:    ------------------------------------------------------
71    |Info:    [ResourceManager] Registering I2C interface: /dev/i2c-3 Device 1002:73DF Subsystem: 1043:05CB
71    |Info:    [ResourceManager] Registering I2C interface: /dev/i2c-10 Device 1022:790B Subsystem: 1458:5001
71    |Info:    [ResourceManager] Registering I2C interface: /dev/i2c-1 Device 1002:73DF Subsystem: 1043:05CB
71    |Warning: [i2c_smbus_linux] Failed to read i2c device PCI device ID
71    |Info:    [ResourceManager] Registering I2C interface: /dev/i2c-8 Device 0000:0000 Subsystem: 0000:0000
71    |Warning: [i2c_smbus_linux] Failed to read i2c device PCI device ID
71    |Info:    [ResourceManager] Registering I2C interface: /dev/i2c-6 Device 0000:0000 Subsystem: 0000:0000
82    |Info:    [ResourceManager] Registering I2C interface: /dev/i2c-4 Device 1002:73DF Subsystem: 1043:05CB
82    |Info:    [ResourceManager] Registering I2C interface: /dev/i2c-11 Device 1022:790B Subsystem: 1458:5001
82    |Info:    [ResourceManager] Registering I2C interface: /dev/i2c-2 Device 1002:73DF Subsystem: 1043:05CB
82    |Info:    [ResourceManager] Registering I2C interface: /dev/i2c-0 Device 1002:73DF Subsystem: 1043:05CB
82    |Info:    [ResourceManager] Registering I2C interface: /dev/i2c-9 Device 1022:790B Subsystem: 1458:5001
82    |Warning: [i2c_smbus_linux] Failed to read i2c device PCI device ID
82    |Info:    [ResourceManager] Registering I2C interface: /dev/i2c-7 Device 0000:0000 Subsystem: 0000:0000
82    |Info:    [ResourceManager] Registering I2C interface: /dev/i2c-5 Device 1002:73DF Subsystem: 1043:05CB
82    |Info:    ------------------------------------------------------
82    |Info:    |               Detecting I2C devices                |
82    |Info:    ------------------------------------------------------
887   |Info:    [Corsair Dominator Platinum] Registering RGB controller
899   |Info:    [Corsair Dominator Platinum] Registering RGB controller
911   |Info:    [Corsair Dominator Platinum] Registering RGB controller
924   |Info:    [Corsair Dominator Platinum] Registering RGB controller
1061  |Info:    ------------------------------------------------------
1061  |Info:    |            Detecting I2C DIMM modules              |
1061  |Info:    ------------------------------------------------------
1113  |Info:    [ResourceManager] Detected occupied slot 2, bus 6, type Reserved
1912  |Info:    [ResourceManager] Detected occupied slot 1, bus 9, type DDR4
3186  |Info:    [ResourceManager] Detected occupied slot 2, bus 9, type DDR4
4972  |Info:    [ResourceManager] Detected occupied slot 3, bus 9, type DDR4
7277  |Info:    [ResourceManager] Detected occupied slot 4, bus 9, type DDR4
7881  |Info:    ------------------------------------------------------
7881  |Info:    |               Detecting I2C PCI devices            |
7882  |Info:    ------------------------------------------------------
7883  |Info:    ------------------------------------------------------
7883  |Info:    |               Detecting HID devices                |
7883  |Info:    ------------------------------------------------------
7935  |Info:    [Zalman Z Sync] Registering RGB controller
7935  |Info:    ------------------------------------------------------
7935  |Info:    |            Detecting libusb HID devices            |
7935  |Info:    ------------------------------------------------------
7969  |Info:    ------------------------------------------------------
7969  |Info:    |              Detecting other devices               |
7969  |Info:    ------------------------------------------------------
7985  |Info:    [ResourceManager] Calling Post-detection callbacks
7985  |Info:    ------------------------------------------------------
7985  |Info:    |                Detection completed                 |
7985  |Info:    ------------------------------------------------------
8022  |Info:    [b450mds3h] Registering RGB controller
169961|Info:    [b450mds3h] Unregistering RGB controller
