    OpenRGB v0.9+ (1.0rc2)
    Commit:  from 
    Launched: 20260321_152051
====================================================================================================

53    |Info:    [ResourceManager] Initializing HID interfaces: Success
53    |Info:    ------------------------------------------------------
53    |Info:    |               Start device detection               |
53    |Info:    ------------------------------------------------------
63    |Info:    ------------------------------------------------------
63    |Info:    |             Detecting I2C interfaces               |
63    |Info:    ------------------------------------------------------
64    |Info:    [ResourceManager] Registering I2C interface: /dev/i2c-3 Device 1002:73DF Subsystem: 1043:05CB
64    |Warning: [i2c_smbus_linux] Failed to read i2c device PCI device ID
64    |Info:    [ResourceManager] Registering I2C interface: /dev/i2c-10 Device 0000:0000 Subsystem: 0000:0000
64    |Info:    [ResourceManager] Registering I2C interface: /dev/i2c-1 Device 1022:790B Subsystem: 1458:5001
64    |Info:    [ResourceManager] Registering I2C interface: /dev/i2c-8 Device 1002:73DF Subsystem: 1043:05CB
64    |Info:    [ResourceManager] Registering I2C interface: /dev/i2c-6 Device 1002:73DF Subsystem: 1043:05CB
64    |Info:    [ResourceManager] Registering I2C interface: /dev/i2c-4 Device 1002:73DF Subsystem: 1043:05CB
64    |Warning: [i2c_smbus_linux] Failed to read i2c device PCI device ID
64    |Info:    [ResourceManager] Registering I2C interface: /dev/i2c-11 Device 0000:0000 Subsystem: 0000:0000
64    |Info:    [ResourceManager] Registering I2C interface: /dev/i2c-2 Device 1022:790B Subsystem: 1458:5001
64    |Info:    [ResourceManager] Registering I2C interface: /dev/i2c-0 Device 1022:790B Subsystem: 1458:5001
64    |Warning: [i2c_smbus_linux] Failed to read i2c device PCI device ID
64    |Info:    [ResourceManager] Registering I2C interface: /dev/i2c-9 Device 0000:0000 Subsystem: 0000:0000
64    |Info:    [ResourceManager] Registering I2C interface: /dev/i2c-7 Device 1002:73DF Subsystem: 1043:05CB
64    |Info:    [ResourceManager] Registering I2C interface: /dev/i2c-5 Device 1002:73DF Subsystem: 1043:05CB
64    |Info:    ------------------------------------------------------
64    |Info:    |               Detecting I2C devices                |
64    |Info:    ------------------------------------------------------
879   |Info:    [Corsair Dominator Platinum] Registering RGB controller
891   |Info:    [Corsair Dominator Platinum] Registering RGB controller
903   |Info:    [Corsair Dominator Platinum] Registering RGB controller
915   |Info:    [Corsair Dominator Platinum] Registering RGB controller
1054  |Info:    ------------------------------------------------------
1054  |Info:    |            Detecting I2C DIMM modules              |
1054  |Info:    ------------------------------------------------------
1106  |Info:    [ResourceManager] Detected occupied slot 2, bus 7, type Reserved
1893  |Info:    [ResourceManager] Detected occupied slot 1, bus 8, type DDR4
3169  |Info:    [ResourceManager] Detected occupied slot 2, bus 8, type DDR4
4954  |Info:    [ResourceManager] Detected occupied slot 3, bus 8, type DDR4
7243  |Info:    [ResourceManager] Detected occupied slot 4, bus 8, type DDR4
7854  |Info:    ------------------------------------------------------
7854  |Info:    |               Detecting I2C PCI devices            |
7854  |Info:    ------------------------------------------------------
7855  |Info:    ------------------------------------------------------
7855  |Info:    |               Detecting HID devices                |
7855  |Info:    ------------------------------------------------------
7908  |Info:    [Zalman Z Sync] Registering RGB controller
7908  |Info:    ------------------------------------------------------
7908  |Info:    |            Detecting libusb HID devices            |
7908  |Info:    ------------------------------------------------------
7942  |Info:    ------------------------------------------------------
7942  |Info:    |              Detecting other devices               |
7942  |Info:    ------------------------------------------------------
7959  |Info:    [ResourceManager] Calling Post-detection callbacks
7959  |Info:    ------------------------------------------------------
7959  |Info:    |                Detection completed                 |
7959  |Info:    ------------------------------------------------------
7998  |Info:    [b450mds3h] Registering RGB controller
