    OpenRGB v0.9+ (1.0rc2)
    Commit:  from 
    Launched: 20260225_153912
====================================================================================================

52    |Info:    [ResourceManager] Initializing HID interfaces: Success
52    |Info:    ------------------------------------------------------
52    |Info:    |               Start device detection               |
52    |Info:    ------------------------------------------------------
72    |Info:    ------------------------------------------------------
72    |Info:    |             Detecting I2C interfaces               |
72    |Info:    ------------------------------------------------------
80    |Info:    [ResourceManager] Registering I2C interface: /dev/i2c-3 Device 1002:73DF Subsystem: 1043:05CB
80    |Info:    [ResourceManager] Registering I2C interface: /dev/i2c-10 Device 1022:790B Subsystem: 1458:5001
80    |Info:    [ResourceManager] Registering I2C interface: /dev/i2c-1 Device 1002:73DF Subsystem: 1043:05CB
80    |Warning: [i2c_smbus_linux] Failed to read i2c device PCI device ID
80    |Info:    [ResourceManager] Registering I2C interface: /dev/i2c-8 Device 0000:0000 Subsystem: 0000:0000
80    |Warning: [i2c_smbus_linux] Failed to read i2c device PCI device ID
80    |Info:    [ResourceManager] Registering I2C interface: /dev/i2c-6 Device 0000:0000 Subsystem: 0000:0000
80    |Info:    [ResourceManager] Registering I2C interface: /dev/i2c-4 Device 1002:73DF Subsystem: 1043:05CB
80    |Info:    [ResourceManager] Registering I2C interface: /dev/i2c-11 Device 1022:790B Subsystem: 1458:5001
80    |Info:    [ResourceManager] Registering I2C interface: /dev/i2c-2 Device 1002:73DF Subsystem: 1043:05CB
81    |Info:    [ResourceManager] Registering I2C interface: /dev/i2c-0 Device 1002:73DF Subsystem: 1043:05CB
81    |Info:    [ResourceManager] Registering I2C interface: /dev/i2c-9 Device 1022:790B Subsystem: 1458:5001
81    |Warning: [i2c_smbus_linux] Failed to read i2c device PCI device ID
81    |Info:    [ResourceManager] Registering I2C interface: /dev/i2c-7 Device 0000:0000 Subsystem: 0000:0000
81    |Info:    [ResourceManager] Registering I2C interface: /dev/i2c-5 Device 1002:73DF Subsystem: 1043:05CB
81    |Info:    ------------------------------------------------------
81    |Info:    |               Detecting I2C devices                |
81    |Info:    ------------------------------------------------------
886   |Info:    [Corsair Dominator Platinum] Registering RGB controller
898   |Info:    [Corsair Dominator Platinum] Registering RGB controller
910   |Info:    [Corsair Dominator Platinum] Registering RGB controller
922   |Info:    [Corsair Dominator Platinum] Registering RGB controller
1059  |Info:    ------------------------------------------------------
1059  |Info:    |            Detecting I2C DIMM modules              |
1059  |Info:    ------------------------------------------------------
1110  |Info:    [ResourceManager] Detected occupied slot 2, bus 6, type óúUH‰åAUATSHcÞHkÛpHƒìHŸà
1876  |Info:    [ResourceManager] Detected occupied slot 1, bus 9, type DDR4
3156  |Info:    [ResourceManager] Detected occupied slot 2, bus 9, type DDR4
4953  |Info:    [ResourceManager] Detected occupied slot 3, bus 9, type DDR4
7256  |Info:    [ResourceManager] Detected occupied slot 4, bus 9, type DDR4
7861  |Info:    ------------------------------------------------------
7861  |Info:    |               Detecting I2C PCI devices            |
7861  |Info:    ------------------------------------------------------
7862  |Info:    ------------------------------------------------------
7862  |Info:    |               Detecting HID devices                |
7862  |Info:    ------------------------------------------------------
7917  |Info:    [Zalman Z Sync] Registering RGB controller
7917  |Info:    ------------------------------------------------------
7917  |Info:    |            Detecting libusb HID devices            |
7917  |Info:    ------------------------------------------------------
7951  |Info:    ------------------------------------------------------
7951  |Info:    |              Detecting other devices               |
7951  |Info:    ------------------------------------------------------
7967  |Info:    [ResourceManager] Calling Post-detection callbacks
7967  |Info:    ------------------------------------------------------
7967  |Info:    |                Detection completed                 |
7967  |Info:    ------------------------------------------------------
