    OpenRGB v0.9+ (1.0rc2)
    Commit:  from 
    Launched: 20260304_210847
====================================================================================================

60    |Info:    [ResourceManager] Initializing HID interfaces: Success
60    |Info:    ------------------------------------------------------
60    |Info:    |               Start device detection               |
60    |Info:    ------------------------------------------------------
79    |Info:    ------------------------------------------------------
79    |Info:    |             Detecting I2C interfaces               |
79    |Info:    ------------------------------------------------------
79    |Info:    [ResourceManager] Registering I2C interface: /dev/i2c-3 Device 1002:73DF Subsystem: 1043:05CB
79    |Warning: [i2c_smbus_linux] Failed to read i2c device PCI device ID
79    |Info:    [ResourceManager] Registering I2C interface: /dev/i2c-10 Device 0000:0000 Subsystem: 0000:0000
79    |Info:    [ResourceManager] Registering I2C interface: /dev/i2c-1 Device 1022:790B Subsystem: 1458:5001
79    |Info:    [ResourceManager] Registering I2C interface: /dev/i2c-8 Device 1002:73DF Subsystem: 1043:05CB
80    |Info:    [ResourceManager] Registering I2C interface: /dev/i2c-6 Device 1002:73DF Subsystem: 1043:05CB
80    |Info:    [ResourceManager] Registering I2C interface: /dev/i2c-4 Device 1002:73DF Subsystem: 1043:05CB
80    |Warning: [i2c_smbus_linux] Failed to read i2c device PCI device ID
80    |Info:    [ResourceManager] Registering I2C interface: /dev/i2c-11 Device 0000:0000 Subsystem: 0000:0000
80    |Info:    [ResourceManager] Registering I2C interface: /dev/i2c-2 Device 1022:790B Subsystem: 1458:5001
80    |Info:    [ResourceManager] Registering I2C interface: /dev/i2c-0 Device 1022:790B Subsystem: 1458:5001
80    |Warning: [i2c_smbus_linux] Failed to read i2c device PCI device ID
80    |Info:    [ResourceManager] Registering I2C interface: /dev/i2c-9 Device 0000:0000 Subsystem: 0000:0000
80    |Info:    [ResourceManager] Registering I2C interface: /dev/i2c-7 Device 1002:73DF Subsystem: 1043:05CB
80    |Info:    [ResourceManager] Registering I2C interface: /dev/i2c-5 Device 1002:73DF Subsystem: 1043:05CB
80    |Info:    ------------------------------------------------------
80    |Info:    |               Detecting I2C devices                |
80    |Info:    ------------------------------------------------------
896   |Info:    [Corsair Dominator Platinum] Registering RGB controller
908   |Info:    [Corsair Dominator Platinum] Registering RGB controller
920   |Info:    [Corsair Dominator Platinum] Registering RGB controller
932   |Info:    [Corsair Dominator Platinum] Registering RGB controller
1069  |Info:    ------------------------------------------------------
1069  |Info:    |            Detecting I2C DIMM modules              |
1069  |Info:    ------------------------------------------------------
1123  |Info:    [ResourceManager] Detected occupied slot 2, bus 7, type DDR4
1893  |Info:    [ResourceManager] Detected occupied slot 1, bus 8, type DDR4
3176  |Info:    [ResourceManager] Detected occupied slot 2, bus 8, type DDR4
4970  |Info:    [ResourceManager] Detected occupied slot 3, bus 8, type DDR4
7271  |Info:    [ResourceManager] Detected occupied slot 4, bus 8, type DDR4
7881  |Info:    ------------------------------------------------------
7881  |Info:    |               Detecting I2C PCI devices            |
7881  |Info:    ------------------------------------------------------
7882  |Info:    ------------------------------------------------------
7882  |Info:    |               Detecting HID devices                |
7882  |Info:    ------------------------------------------------------
7935  |Info:    [Zalman Z Sync] Registering RGB controller
7935  |Info:    ------------------------------------------------------
7935  |Info:    |            Detecting libusb HID devices            |
7935  |Info:    ------------------------------------------------------
7968  |Info:    ------------------------------------------------------
7968  |Info:    |              Detecting other devices               |
7968  |Info:    ------------------------------------------------------
7985  |Info:    [ResourceManager] Calling Post-detection callbacks
7985  |Info:    ------------------------------------------------------
7985  |Info:    |                Detection completed                 |
7985  |Info:    ------------------------------------------------------
8018  |Info:    [b450mds3h] Registering RGB controller
