    OpenRGB v0.9+ (1.0rc2)
    Commit:  from 
    Launched: 20260309_183254
====================================================================================================

56    |Info:    [ResourceManager] Initializing HID interfaces: Success
56    |Info:    ------------------------------------------------------
56    |Info:    |               Start device detection               |
56    |Info:    ------------------------------------------------------
70    |Info:    ------------------------------------------------------
70    |Info:    |             Detecting I2C interfaces               |
70    |Info:    ------------------------------------------------------
70    |Info:    [ResourceManager] Registering I2C interface: /dev/i2c-3 Device 1002:73DF Subsystem: 1043:05CB
70    |Warning: [i2c_smbus_linux] Failed to read i2c device PCI device ID
70    |Info:    [ResourceManager] Registering I2C interface: /dev/i2c-10 Device 0000:0000 Subsystem: 0000:0000
70    |Info:    [ResourceManager] Registering I2C interface: /dev/i2c-1 Device 1022:790B Subsystem: 1458:5001
70    |Info:    [ResourceManager] Registering I2C interface: /dev/i2c-8 Device 1002:73DF Subsystem: 1043:05CB
70    |Info:    [ResourceManager] Registering I2C interface: /dev/i2c-6 Device 1002:73DF Subsystem: 1043:05CB
70    |Info:    [ResourceManager] Registering I2C interface: /dev/i2c-4 Device 1002:73DF Subsystem: 1043:05CB
70    |Warning: [i2c_smbus_linux] Failed to read i2c device PCI device ID
70    |Info:    [ResourceManager] Registering I2C interface: /dev/i2c-11 Device 0000:0000 Subsystem: 0000:0000
70    |Info:    [ResourceManager] Registering I2C interface: /dev/i2c-2 Device 1022:790B Subsystem: 1458:5001
71    |Info:    [ResourceManager] Registering I2C interface: /dev/i2c-0 Device 1022:790B Subsystem: 1458:5001
71    |Warning: [i2c_smbus_linux] Failed to read i2c device PCI device ID
71    |Info:    [ResourceManager] Registering I2C interface: /dev/i2c-9 Device 0000:0000 Subsystem: 0000:0000
71    |Info:    [ResourceManager] Registering I2C interface: /dev/i2c-7 Device 1002:73DF Subsystem: 1043:05CB
71    |Info:    [ResourceManager] Registering I2C interface: /dev/i2c-5 Device 1002:73DF Subsystem: 1043:05CB
71    |Info:    ------------------------------------------------------
71    |Info:    |               Detecting I2C devices                |
71    |Info:    ------------------------------------------------------
892   |Info:    [Corsair Dominator Platinum] Registering RGB controller
904   |Info:    [Corsair Dominator Platinum] Registering RGB controller
916   |Info:    [Corsair Dominator Platinum] Registering RGB controller
928   |Info:    [Corsair Dominator Platinum] Registering RGB controller
1065  |Info:    ------------------------------------------------------
1065  |Info:    |            Detecting I2C DIMM modules              |
1065  |Info:    ------------------------------------------------------
1115  |Info:    [ResourceManager] Detected occupied slot 2, bus 7, type óú¸
1876  |Info:    [ResourceManager] Detected occupied slot 1, bus 8, type DDR4
3155  |Info:    [ResourceManager] Detected occupied slot 2, bus 8, type DDR4
4946  |Info:    [ResourceManager] Detected occupied slot 3, bus 8, type DDR4
7247  |Info:    [ResourceManager] Detected occupied slot 4, bus 8, type DDR4
7852  |Info:    ------------------------------------------------------
7852  |Info:    |               Detecting I2C PCI devices            |
7852  |Info:    ------------------------------------------------------
7853  |Info:    ------------------------------------------------------
7853  |Info:    |               Detecting HID devices                |
7853  |Info:    ------------------------------------------------------
7907  |Info:    [Zalman Z Sync] Registering RGB controller
7907  |Info:    ------------------------------------------------------
7907  |Info:    |            Detecting libusb HID devices            |
7907  |Info:    ------------------------------------------------------
7940  |Info:    ------------------------------------------------------
7940  |Info:    |              Detecting other devices               |
7940  |Info:    ------------------------------------------------------
7954  |Info:    [ResourceManager] Calling Post-detection callbacks
7954  |Info:    ------------------------------------------------------
7954  |Info:    |                Detection completed                 |
7954  |Info:    ------------------------------------------------------
7983  |Info:    [b450mds3h] Registering RGB controller
