    OpenRGB v0.9+ (1.0rc2)
    Commit:  from 
    Launched: 20260313_144057
====================================================================================================

55    |Info:    [ResourceManager] Initializing HID interfaces: Success
55    |Info:    ------------------------------------------------------
55    |Info:    |               Start device detection               |
55    |Info:    ------------------------------------------------------
71    |Info:    ------------------------------------------------------
71    |Info:    |             Detecting I2C interfaces               |
71    |Info:    ------------------------------------------------------
71    |Info:    [ResourceManager] Registering I2C interface: /dev/i2c-3 Device 1002:73DF Subsystem: 1043:05CB
71    |Warning: [i2c_smbus_linux] Failed to read i2c device PCI device ID
71    |Info:    [ResourceManager] Registering I2C interface: /dev/i2c-10 Device 0000:0000 Subsystem: 0000:0000
71    |Info:    [ResourceManager] Registering I2C interface: /dev/i2c-1 Device 1022:790B Subsystem: 1458:5001
72    |Info:    [ResourceManager] Registering I2C interface: /dev/i2c-8 Device 1002:73DF Subsystem: 1043:05CB
72    |Info:    [ResourceManager] Registering I2C interface: /dev/i2c-6 Device 1002:73DF Subsystem: 1043:05CB
72    |Info:    [ResourceManager] Registering I2C interface: /dev/i2c-4 Device 1002:73DF Subsystem: 1043:05CB
72    |Warning: [i2c_smbus_linux] Failed to read i2c device PCI device ID
72    |Info:    [ResourceManager] Registering I2C interface: /dev/i2c-11 Device 0000:0000 Subsystem: 0000:0000
72    |Info:    [ResourceManager] Registering I2C interface: /dev/i2c-2 Device 1022:790B Subsystem: 1458:5001
72    |Info:    [ResourceManager] Registering I2C interface: /dev/i2c-0 Device 1022:790B Subsystem: 1458:5001
72    |Warning: [i2c_smbus_linux] Failed to read i2c device PCI device ID
72    |Info:    [ResourceManager] Registering I2C interface: /dev/i2c-9 Device 0000:0000 Subsystem: 0000:0000
72    |Info:    [ResourceManager] Registering I2C interface: /dev/i2c-7 Device 1002:73DF Subsystem: 1043:05CB
72    |Info:    [ResourceManager] Registering I2C interface: /dev/i2c-5 Device 1002:73DF Subsystem: 1043:05CB
72    |Info:    ------------------------------------------------------
72    |Info:    |               Detecting I2C devices                |
72    |Info:    ------------------------------------------------------
880   |Info:    [Corsair Dominator Platinum] Registering RGB controller
892   |Info:    [Corsair Dominator Platinum] Registering RGB controller
904   |Info:    [Corsair Dominator Platinum] Registering RGB controller
916   |Info:    [Corsair Dominator Platinum] Registering RGB controller
1052  |Info:    ------------------------------------------------------
1052  |Info:    |            Detecting I2C DIMM modules              |
1052  |Info:    ------------------------------------------------------
1104  |Info:    [ResourceManager] Detected occupied slot 2, bus 7, type Reserved
1896  |Info:    [ResourceManager] Detected occupied slot 1, bus 8, type DDR4
3176  |Info:    [ResourceManager] Detected occupied slot 2, bus 8, type DDR4
4970  |Info:    [ResourceManager] Detected occupied slot 3, bus 8, type DDR4
7272  |Info:    [ResourceManager] Detected occupied slot 4, bus 8, type DDR4
7877  |Info:    ------------------------------------------------------
7877  |Info:    |               Detecting I2C PCI devices            |
7877  |Info:    ------------------------------------------------------
7879  |Info:    ------------------------------------------------------
7879  |Info:    |               Detecting HID devices                |
7879  |Info:    ------------------------------------------------------
7881  |Info:    [Zalman Z Sync] Registering RGB controller
7881  |Info:    ------------------------------------------------------
7881  |Info:    |            Detecting libusb HID devices            |
7881  |Info:    ------------------------------------------------------
7914  |Info:    ------------------------------------------------------
7914  |Info:    |              Detecting other devices               |
7914  |Info:    ------------------------------------------------------
7930  |Info:    [ResourceManager] Calling Post-detection callbacks
7930  |Info:    ------------------------------------------------------
7930  |Info:    |                Detection completed                 |
7930  |Info:    ------------------------------------------------------
7956  |Info:    [b450mds3h] Registering RGB controller
4106092|Info:    [b450mds3h] Unregistering RGB controller
