    OpenRGB v0.9+ (1.0rc2)
    Commit:  from 
    Launched: 20260225_120640
====================================================================================================

52    |Info:    [ResourceManager] Initializing HID interfaces: Success
52    |Info:    ------------------------------------------------------
52    |Info:    |               Start device detection               |
52    |Info:    ------------------------------------------------------
69    |Info:    ------------------------------------------------------
69    |Info:    |             Detecting I2C interfaces               |
69    |Info:    ------------------------------------------------------
77    |Info:    [ResourceManager] Registering I2C interface: /dev/i2c-3 Device 1002:73DF Subsystem: 1043:05CB
77    |Info:    [ResourceManager] Registering I2C interface: /dev/i2c-1 Device 1002:73DF Subsystem: 1043:05CB
77    |Warning: [i2c_smbus_linux] Failed to read i2c device PCI device ID
77    |Info:    [ResourceManager] Registering I2C interface: /dev/i2c-8 Device 0000:0000 Subsystem: 0000:0000
77    |Warning: [i2c_smbus_linux] Failed to read i2c device PCI device ID
77    |Info:    [ResourceManager] Registering I2C interface: /dev/i2c-6 Device 0000:0000 Subsystem: 0000:0000
77    |Info:    [ResourceManager] Registering I2C interface: /dev/i2c-4 Device 1002:73DF Subsystem: 1043:05CB
77    |Info:    [ResourceManager] Registering I2C interface: /dev/i2c-2 Device 1002:73DF Subsystem: 1043:05CB
78    |Info:    [ResourceManager] Registering I2C interface: /dev/i2c-0 Device 1002:73DF Subsystem: 1043:05CB
78    |Warning: [i2c_smbus_linux] Failed to read i2c device PCI device ID
78    |Info:    [ResourceManager] Registering I2C interface: /dev/i2c-7 Device 0000:0000 Subsystem: 0000:0000
78    |Info:    [ResourceManager] Registering I2C interface: /dev/i2c-5 Device 1002:73DF Subsystem: 1043:05CB
78    |Info:    ------------------------------------------------------
78    |Info:    |               Detecting I2C devices                |
78    |Info:    ------------------------------------------------------
98    |Info:    ------------------------------------------------------
98    |Info:    |            Detecting I2C DIMM modules              |
98    |Info:    ------------------------------------------------------
98    |Info:    ------------------------------------------------------
98    |Info:    |               Detecting I2C PCI devices            |
98    |Info:    ------------------------------------------------------
99    |Info:    ------------------------------------------------------
99    |Info:    |               Detecting HID devices                |
99    |Info:    ------------------------------------------------------
102   |Info:    [Zalman Z Sync] Registering RGB controller
102   |Info:    ------------------------------------------------------
102   |Info:    |            Detecting libusb HID devices            |
102   |Info:    ------------------------------------------------------
135   |Info:    ------------------------------------------------------
135   |Info:    |              Detecting other devices               |
135   |Info:    ------------------------------------------------------
151   |Info:    [ResourceManager] Calling Post-detection callbacks
151   |Info:    ------------------------------------------------------
151   |Info:    |                Detection completed                 |
151   |Info:    ------------------------------------------------------
8112  |Info:    [ResourceManager] Initializing HID interfaces: Success
8112  |Info:    ------------------------------------------------------
8112  |Info:    |               Start device detection               |
8112  |Info:    ------------------------------------------------------
8127  |Info:    ------------------------------------------------------
8127  |Info:    |             Detecting I2C interfaces               |
8127  |Info:    ------------------------------------------------------
8127  |Info:    [ResourceManager] Registering I2C interface: /dev/i2c-3 Device 1002:73DF Subsystem: 1043:05CB
8127  |Info:    [ResourceManager] Registering I2C interface: /dev/i2c-1 Device 1002:73DF Subsystem: 1043:05CB
8127  |Warning: [i2c_smbus_linux] Failed to read i2c device PCI device ID
8127  |Info:    [ResourceManager] Registering I2C interface: /dev/i2c-8 Device 0000:0000 Subsystem: 0000:0000
8127  |Warning: [i2c_smbus_linux] Failed to read i2c device PCI device ID
8127  |Info:    [ResourceManager] Registering I2C interface: /dev/i2c-6 Device 0000:0000 Subsystem: 0000:0000
8127  |Info:    [ResourceManager] Registering I2C interface: /dev/i2c-4 Device 1002:73DF Subsystem: 1043:05CB
8127  |Info:    [ResourceManager] Registering I2C interface: /dev/i2c-2 Device 1002:73DF Subsystem: 1043:05CB
8128  |Info:    [ResourceManager] Registering I2C interface: /dev/i2c-0 Device 1002:73DF Subsystem: 1043:05CB
8128  |Warning: [i2c_smbus_linux] Failed to read i2c device PCI device ID
8128  |Info:    [ResourceManager] Registering I2C interface: /dev/i2c-7 Device 0000:0000 Subsystem: 0000:0000
8128  |Info:    [ResourceManager] Registering I2C interface: /dev/i2c-5 Device 1002:73DF Subsystem: 1043:05CB
8128  |Info:    ------------------------------------------------------
8128  |Info:    |               Detecting I2C devices                |
8128  |Info:    ------------------------------------------------------
8148  |Info:    ------------------------------------------------------
8148  |Info:    |            Detecting I2C DIMM modules              |
8148  |Info:    ------------------------------------------------------
8148  |Info:    ------------------------------------------------------
8148  |Info:    |               Detecting I2C PCI devices            |
8148  |Info:    ------------------------------------------------------
8149  |Info:    ------------------------------------------------------
8149  |Info:    |               Detecting HID devices                |
8149  |Info:    ------------------------------------------------------
8151  |Info:    [Zalman Z Sync] Registering RGB controller
8152  |Info:    ------------------------------------------------------
8152  |Info:    |            Detecting libusb HID devices            |
8152  |Info:    ------------------------------------------------------
8178  |Info:    ------------------------------------------------------
8178  |Info:    |              Detecting other devices               |
8178  |Info:    ------------------------------------------------------
8187  |Info:    [ResourceManager] Calling Post-detection callbacks
8187  |Info:    ------------------------------------------------------
8187  |Info:    |                Detection completed                 |
8187  |Info:    ------------------------------------------------------
