    OpenRGB v0.9+ (1.0rc2)
    Commit:  from 
    Launched: 20260302_140004
====================================================================================================

56    |Info:    [ResourceManager] Initializing HID interfaces: Success
56    |Info:    ------------------------------------------------------
56    |Info:    |               Start device detection               |
56    |Info:    ------------------------------------------------------
70    |Info:    ------------------------------------------------------
70    |Info:    |             Detecting I2C interfaces               |
70    |Info:    ------------------------------------------------------
70    |Info:    [ResourceManager] Registering I2C interface: /dev/i2c-3 Device 1002:73DF Subsystem: 1043:05CB
70    |Warning: [i2c_smbus_linux] Failed to read i2c device PCI device ID
70    |Info:    [ResourceManager] Registering I2C interface: /dev/i2c-10 Device 0000:0000 Subsystem: 0000:0000
70    |Info:    [ResourceManager] Registering I2C interface: /dev/i2c-1 Device 1022:790B Subsystem: 1458:5001
70    |Info:    [ResourceManager] Registering I2C interface: /dev/i2c-8 Device 1002:73DF Subsystem: 1043:05CB
70    |Info:    [ResourceManager] Registering I2C interface: /dev/i2c-6 Device 1002:73DF Subsystem: 1043:05CB
70    |Info:    [ResourceManager] Registering I2C interface: /dev/i2c-4 Device 1002:73DF Subsystem: 1043:05CB
70    |Warning: [i2c_smbus_linux] Failed to read i2c device PCI device ID
70    |Info:    [ResourceManager] Registering I2C interface: /dev/i2c-11 Device 0000:0000 Subsystem: 0000:0000
70    |Info:    [ResourceManager] Registering I2C interface: /dev/i2c-2 Device 1022:790B Subsystem: 1458:5001
70    |Info:    [ResourceManager] Registering I2C interface: /dev/i2c-0 Device 1022:790B Subsystem: 1458:5001
70    |Warning: [i2c_smbus_linux] Failed to read i2c device PCI device ID
70    |Info:    [ResourceManager] Registering I2C interface: /dev/i2c-9 Device 0000:0000 Subsystem: 0000:0000
70    |Info:    [ResourceManager] Registering I2C interface: /dev/i2c-7 Device 1002:73DF Subsystem: 1043:05CB
71    |Info:    [ResourceManager] Registering I2C interface: /dev/i2c-5 Device 1002:73DF Subsystem: 1043:05CB
71    |Info:    ------------------------------------------------------
71    |Info:    |               Detecting I2C devices                |
71    |Info:    ------------------------------------------------------
885   |Info:    [Corsair Dominator Platinum] Registering RGB controller
1044  |Info:    ------------------------------------------------------
1044  |Info:    |            Detecting I2C DIMM modules              |
1044  |Info:    ------------------------------------------------------
1091  |Info:    [ResourceManager] Detected occupied slot 2, bus 7, type Reserved
1509  |Info:    [ResourceManager] Detected occupied slot 1, bus 8, type DDR4
2155  |Info:    [ResourceManager] Detected occupied slot 2, bus 8, type DDR4
3061  |Info:    [ResourceManager] Detected occupied slot 3, bus 8, type DDR4
4225  |Info:    [ResourceManager] Detected occupied slot 4, bus 8, type DDR4
4521  |Info:    ------------------------------------------------------
4521  |Info:    |               Detecting I2C PCI devices            |
4521  |Info:    ------------------------------------------------------
4522  |Info:    ------------------------------------------------------
4522  |Info:    |               Detecting HID devices                |
4522  |Info:    ------------------------------------------------------
4574  |Info:    [Zalman Z Sync] Registering RGB controller
4574  |Info:    ------------------------------------------------------
4574  |Info:    |            Detecting libusb HID devices            |
4574  |Info:    ------------------------------------------------------
4606  |Info:    ------------------------------------------------------
4606  |Info:    |              Detecting other devices               |
4606  |Info:    ------------------------------------------------------
4620  |Info:    [ResourceManager] Calling Post-detection callbacks
4620  |Info:    ------------------------------------------------------
4620  |Info:    |                Detection completed                 |
4620  |Info:    ------------------------------------------------------
4645  |Info:    [b450mds3h] Registering RGB controller
