    OpenRGB v0.9+ (1.0rc2)
    Commit:  from 
    Launched: 20260320_120726
====================================================================================================

54    |Info:    [ResourceManager] Initializing HID interfaces: Success
54    |Info:    ------------------------------------------------------
54    |Info:    |               Start device detection               |
54    |Info:    ------------------------------------------------------
70    |Info:    ------------------------------------------------------
70    |Info:    |             Detecting I2C interfaces               |
70    |Info:    ------------------------------------------------------
70    |Info:    [ResourceManager] Registering I2C interface: /dev/i2c-3 Device 1002:73DF Subsystem: 1043:05CB
70    |Warning: [i2c_smbus_linux] Failed to read i2c device PCI device ID
70    |Info:    [ResourceManager] Registering I2C interface: /dev/i2c-10 Device 0000:0000 Subsystem: 0000:0000
70    |Info:    [ResourceManager] Registering I2C interface: /dev/i2c-1 Device 1022:790B Subsystem: 1458:5001
70    |Info:    [ResourceManager] Registering I2C interface: /dev/i2c-8 Device 1002:73DF Subsystem: 1043:05CB
70    |Info:    [ResourceManager] Registering I2C interface: /dev/i2c-6 Device 1002:73DF Subsystem: 1043:05CB
70    |Info:    [ResourceManager] Registering I2C interface: /dev/i2c-4 Device 1002:73DF Subsystem: 1043:05CB
70    |Warning: [i2c_smbus_linux] Failed to read i2c device PCI device ID
70    |Info:    [ResourceManager] Registering I2C interface: /dev/i2c-11 Device 0000:0000 Subsystem: 0000:0000
70    |Info:    [ResourceManager] Registering I2C interface: /dev/i2c-2 Device 1022:790B Subsystem: 1458:5001
70    |Info:    [ResourceManager] Registering I2C interface: /dev/i2c-0 Device 1022:790B Subsystem: 1458:5001
70    |Warning: [i2c_smbus_linux] Failed to read i2c device PCI device ID
71    |Info:    [ResourceManager] Registering I2C interface: /dev/i2c-9 Device 0000:0000 Subsystem: 0000:0000
71    |Info:    [ResourceManager] Registering I2C interface: /dev/i2c-7 Device 1002:73DF Subsystem: 1043:05CB
71    |Info:    [ResourceManager] Registering I2C interface: /dev/i2c-5 Device 1002:73DF Subsystem: 1043:05CB
71    |Info:    ------------------------------------------------------
71    |Info:    |               Detecting I2C devices                |
71    |Info:    ------------------------------------------------------
890   |Info:    [Corsair Dominator Platinum] Registering RGB controller
902   |Info:    [Corsair Dominator Platinum] Registering RGB controller
914   |Info:    [Corsair Dominator Platinum] Registering RGB controller
926   |Info:    [Corsair Dominator Platinum] Registering RGB controller
1063  |Info:    ------------------------------------------------------
1063  |Info:    |            Detecting I2C DIMM modules              |
1063  |Info:    ------------------------------------------------------
1115  |Info:    [ResourceManager] Detected occupied slot 2, bus 7, type Key: Page Up
1882  |Info:    [ResourceManager] Detected occupied slot 1, bus 8, type DDR4
3165  |Info:    [ResourceManager] Detected occupied slot 2, bus 8, type DDR4
4949  |Info:    [ResourceManager] Detected occupied slot 3, bus 8, type DDR4
7251  |Info:    [ResourceManager] Detected occupied slot 4, bus 8, type DDR4
7858  |Info:    ------------------------------------------------------
7858  |Info:    |               Detecting I2C PCI devices            |
7858  |Info:    ------------------------------------------------------
7859  |Info:    ------------------------------------------------------
7860  |Info:    |               Detecting HID devices                |
7860  |Info:    ------------------------------------------------------
7913  |Info:    [Zalman Z Sync] Registering RGB controller
7913  |Info:    ------------------------------------------------------
7913  |Info:    |            Detecting libusb HID devices            |
7913  |Info:    ------------------------------------------------------
7945  |Info:    ------------------------------------------------------
7945  |Info:    |              Detecting other devices               |
7945  |Info:    ------------------------------------------------------
7960  |Info:    [ResourceManager] Calling Post-detection callbacks
7960  |Info:    ------------------------------------------------------
7960  |Info:    |                Detection completed                 |
7960  |Info:    ------------------------------------------------------
7995  |Info:    [b450mds3h] Registering RGB controller
