    OpenRGB v0.9+ (1.0rc2)
    Commit:  from 
    Launched: 20260304_121124
====================================================================================================

57    |Info:    [ResourceManager] Initializing HID interfaces: Success
57    |Info:    ------------------------------------------------------
57    |Info:    |               Start device detection               |
57    |Info:    ------------------------------------------------------
70    |Info:    ------------------------------------------------------
70    |Info:    |             Detecting I2C interfaces               |
70    |Info:    ------------------------------------------------------
70    |Info:    [ResourceManager] Registering I2C interface: /dev/i2c-3 Device 1002:73DF Subsystem: 1043:05CB
70    |Warning: [i2c_smbus_linux] Failed to read i2c device PCI device ID
70    |Info:    [ResourceManager] Registering I2C interface: /dev/i2c-10 Device 0000:0000 Subsystem: 0000:0000
70    |Info:    [ResourceManager] Registering I2C interface: /dev/i2c-1 Device 1022:790B Subsystem: 1458:5001
70    |Info:    [ResourceManager] Registering I2C interface: /dev/i2c-8 Device 1002:73DF Subsystem: 1043:05CB
70    |Info:    [ResourceManager] Registering I2C interface: /dev/i2c-6 Device 1002:73DF Subsystem: 1043:05CB
70    |Info:    [ResourceManager] Registering I2C interface: /dev/i2c-4 Device 1002:73DF Subsystem: 1043:05CB
71    |Warning: [i2c_smbus_linux] Failed to read i2c device PCI device ID
71    |Info:    [ResourceManager] Registering I2C interface: /dev/i2c-11 Device 0000:0000 Subsystem: 0000:0000
71    |Info:    [ResourceManager] Registering I2C interface: /dev/i2c-2 Device 1022:790B Subsystem: 1458:5001
71    |Info:    [ResourceManager] Registering I2C interface: /dev/i2c-0 Device 1022:790B Subsystem: 1458:5001
71    |Warning: [i2c_smbus_linux] Failed to read i2c device PCI device ID
71    |Info:    [ResourceManager] Registering I2C interface: /dev/i2c-9 Device 0000:0000 Subsystem: 0000:0000
71    |Info:    [ResourceManager] Registering I2C interface: /dev/i2c-7 Device 1002:73DF Subsystem: 1043:05CB
71    |Info:    [ResourceManager] Registering I2C interface: /dev/i2c-5 Device 1002:73DF Subsystem: 1043:05CB
71    |Info:    ------------------------------------------------------
71    |Info:    |               Detecting I2C devices                |
71    |Info:    ------------------------------------------------------
891   |Info:    [Corsair Dominator Platinum] Registering RGB controller
902   |Info:    [Corsair Dominator Platinum] Registering RGB controller
914   |Info:    [Corsair Dominator Platinum] Registering RGB controller
926   |Info:    [Corsair Dominator Platinum] Registering RGB controller
1063  |Info:    ------------------------------------------------------
1063  |Info:    |            Detecting I2C DIMM modules              |
1063  |Info:    ------------------------------------------------------
1116  |Info:    [ResourceManager] Detected occupied slot 2, bus 7, type Reserved
1916  |Info:    [ResourceManager] Detected occupied slot 1, bus 8, type DDR4
3184  |Info:    [ResourceManager] Detected occupied slot 2, bus 8, type DDR4
4979  |Info:    [ResourceManager] Detected occupied slot 3, bus 8, type DDR4
7291  |Info:    [ResourceManager] Detected occupied slot 4, bus 8, type DDR4
7892  |Info:    ------------------------------------------------------
7892  |Info:    |               Detecting I2C PCI devices            |
7892  |Info:    ------------------------------------------------------
7894  |Info:    ------------------------------------------------------
7894  |Info:    |               Detecting HID devices                |
7894  |Info:    ------------------------------------------------------
7946  |Info:    [Zalman Z Sync] Registering RGB controller
7946  |Info:    ------------------------------------------------------
7946  |Info:    |            Detecting libusb HID devices            |
7946  |Info:    ------------------------------------------------------
7979  |Info:    ------------------------------------------------------
7979  |Info:    |              Detecting other devices               |
7979  |Info:    ------------------------------------------------------
7993  |Info:    [ResourceManager] Calling Post-detection callbacks
7993  |Info:    ------------------------------------------------------
7993  |Info:    |                Detection completed                 |
7993  |Info:    ------------------------------------------------------
8023  |Info:    [b450mds3h] Registering RGB controller
