    OpenRGB v0.9+ (1.0rc2)
    Commit:  from 
    Launched: 20260316_180206
====================================================================================================

52    |Info:    [ResourceManager] Initializing HID interfaces: Success
52    |Info:    ------------------------------------------------------
52    |Info:    |               Start device detection               |
52    |Info:    ------------------------------------------------------
65    |Info:    ------------------------------------------------------
65    |Info:    |             Detecting I2C interfaces               |
65    |Info:    ------------------------------------------------------
65    |Info:    [ResourceManager] Registering I2C interface: /dev/i2c-3 Device 1002:73DF Subsystem: 1043:05CB
65    |Warning: [i2c_smbus_linux] Failed to read i2c device PCI device ID
65    |Info:    [ResourceManager] Registering I2C interface: /dev/i2c-10 Device 0000:0000 Subsystem: 0000:0000
65    |Info:    [ResourceManager] Registering I2C interface: /dev/i2c-1 Device 1022:790B Subsystem: 1458:5001
65    |Info:    [ResourceManager] Registering I2C interface: /dev/i2c-8 Device 1002:73DF Subsystem: 1043:05CB
65    |Info:    [ResourceManager] Registering I2C interface: /dev/i2c-6 Device 1002:73DF Subsystem: 1043:05CB
66    |Info:    [ResourceManager] Registering I2C interface: /dev/i2c-4 Device 1002:73DF Subsystem: 1043:05CB
66    |Warning: [i2c_smbus_linux] Failed to read i2c device PCI device ID
66    |Info:    [ResourceManager] Registering I2C interface: /dev/i2c-11 Device 0000:0000 Subsystem: 0000:0000
66    |Info:    [ResourceManager] Registering I2C interface: /dev/i2c-2 Device 1022:790B Subsystem: 1458:5001
66    |Info:    [ResourceManager] Registering I2C interface: /dev/i2c-0 Device 1022:790B Subsystem: 1458:5001
66    |Warning: [i2c_smbus_linux] Failed to read i2c device PCI device ID
66    |Info:    [ResourceManager] Registering I2C interface: /dev/i2c-9 Device 0000:0000 Subsystem: 0000:0000
66    |Info:    [ResourceManager] Registering I2C interface: /dev/i2c-7 Device 1002:73DF Subsystem: 1043:05CB
66    |Info:    [ResourceManager] Registering I2C interface: /dev/i2c-5 Device 1002:73DF Subsystem: 1043:05CB
66    |Info:    ------------------------------------------------------
66    |Info:    |               Detecting I2C devices                |
66    |Info:    ------------------------------------------------------
869   |Info:    [Corsair Dominator Platinum] Registering RGB controller
881   |Info:    [Corsair Dominator Platinum] Registering RGB controller
893   |Info:    [Corsair Dominator Platinum] Registering RGB controller
905   |Info:    [Corsair Dominator Platinum] Registering RGB controller
1041  |Info:    ------------------------------------------------------
1041  |Info:    |            Detecting I2C DIMM modules              |
1041  |Info:    ------------------------------------------------------
1095  |Info:    [ResourceManager] Detected occupied slot 2, bus 7, type ŔJ”§
1866  |Info:    [ResourceManager] Detected occupied slot 1, bus 8, type DDR4
3148  |Info:    [ResourceManager] Detected occupied slot 2, bus 8, type DDR4
4945  |Info:    [ResourceManager] Detected occupied slot 3, bus 8, type DDR4
7253  |Info:    [ResourceManager] Detected occupied slot 4, bus 8, type DDR4
7891  |Info:    ------------------------------------------------------
7891  |Info:    |               Detecting I2C PCI devices            |
7891  |Info:    ------------------------------------------------------
7892  |Info:    ------------------------------------------------------
7892  |Info:    |               Detecting HID devices                |
7892  |Info:    ------------------------------------------------------
7946  |Info:    [Zalman Z Sync] Registering RGB controller
7946  |Info:    ------------------------------------------------------
7946  |Info:    |            Detecting libusb HID devices            |
7946  |Info:    ------------------------------------------------------
7979  |Info:    ------------------------------------------------------
7979  |Info:    |              Detecting other devices               |
7979  |Info:    ------------------------------------------------------
7993  |Info:    [ResourceManager] Calling Post-detection callbacks
7993  |Info:    ------------------------------------------------------
7993  |Info:    |                Detection completed                 |
7993  |Info:    ------------------------------------------------------
8030  |Info:    [b450mds3h] Registering RGB controller
1269060|Info:    [b450mds3h] Unregistering RGB controller
