    OpenRGB v0.9+ (1.0rc2)
    Commit:  from 
    Launched: 20260320_120833
====================================================================================================

53    |Info:    [ResourceManager] Initializing HID interfaces: Success
53    |Info:    ------------------------------------------------------
53    |Info:    |               Start device detection               |
53    |Info:    ------------------------------------------------------
71    |Info:    ------------------------------------------------------
71    |Info:    |             Detecting I2C interfaces               |
71    |Info:    ------------------------------------------------------
71    |Info:    [ResourceManager] Registering I2C interface: /dev/i2c-3 Device 1002:73DF Subsystem: 1043:05CB
71    |Warning: [i2c_smbus_linux] Failed to read i2c device PCI device ID
72    |Info:    [ResourceManager] Registering I2C interface: /dev/i2c-10 Device 0000:0000 Subsystem: 0000:0000
72    |Info:    [ResourceManager] Registering I2C interface: /dev/i2c-1 Device 1022:790B Subsystem: 1458:5001
72    |Info:    [ResourceManager] Registering I2C interface: /dev/i2c-8 Device 1002:73DF Subsystem: 1043:05CB
72    |Info:    [ResourceManager] Registering I2C interface: /dev/i2c-6 Device 1002:73DF Subsystem: 1043:05CB
72    |Info:    [ResourceManager] Registering I2C interface: /dev/i2c-4 Device 1002:73DF Subsystem: 1043:05CB
72    |Warning: [i2c_smbus_linux] Failed to read i2c device PCI device ID
72    |Info:    [ResourceManager] Registering I2C interface: /dev/i2c-11 Device 0000:0000 Subsystem: 0000:0000
72    |Info:    [ResourceManager] Registering I2C interface: /dev/i2c-2 Device 1022:790B Subsystem: 1458:5001
72    |Info:    [ResourceManager] Registering I2C interface: /dev/i2c-0 Device 1022:790B Subsystem: 1458:5001
72    |Warning: [i2c_smbus_linux] Failed to read i2c device PCI device ID
72    |Info:    [ResourceManager] Registering I2C interface: /dev/i2c-9 Device 0000:0000 Subsystem: 0000:0000
72    |Info:    [ResourceManager] Registering I2C interface: /dev/i2c-7 Device 1002:73DF Subsystem: 1043:05CB
72    |Info:    [ResourceManager] Registering I2C interface: /dev/i2c-5 Device 1002:73DF Subsystem: 1043:05CB
72    |Info:    ------------------------------------------------------
72    |Info:    |               Detecting I2C devices                |
72    |Info:    ------------------------------------------------------
891   |Info:    [Corsair Dominator Platinum] Registering RGB controller
904   |Info:    [Corsair Dominator Platinum] Registering RGB controller
915   |Info:    [Corsair Dominator Platinum] Registering RGB controller
928   |Info:    [Corsair Dominator Platinum] Registering RGB controller
1065  |Info:    ------------------------------------------------------
1065  |Info:    |            Detecting I2C DIMM modules              |
1065  |Info:    ------------------------------------------------------
1118  |Info:    [ResourceManager] Detected occupied slot 2, bus 7, type Reserved
1914  |Info:    [ResourceManager] Detected occupied slot 1, bus 8, type DDR4
3191  |Info:    [ResourceManager] Detected occupied slot 2, bus 8, type DDR4
4991  |Info:    [ResourceManager] Detected occupied slot 3, bus 8, type DDR4
7289  |Info:    [ResourceManager] Detected occupied slot 4, bus 8, type DDR4
7889  |Info:    ------------------------------------------------------
7889  |Info:    |               Detecting I2C PCI devices            |
7889  |Info:    ------------------------------------------------------
7890  |Info:    ------------------------------------------------------
7890  |Info:    |               Detecting HID devices                |
7890  |Info:    ------------------------------------------------------
7943  |Info:    [Zalman Z Sync] Registering RGB controller
7943  |Info:    ------------------------------------------------------
7943  |Info:    |            Detecting libusb HID devices            |
7943  |Info:    ------------------------------------------------------
7975  |Info:    ------------------------------------------------------
7975  |Info:    |              Detecting other devices               |
7975  |Info:    ------------------------------------------------------
7989  |Info:    [ResourceManager] Calling Post-detection callbacks
7989  |Info:    ------------------------------------------------------
7989  |Info:    |                Detection completed                 |
7989  |Info:    ------------------------------------------------------
8021  |Info:    [b450mds3h] Registering RGB controller
