    OpenRGB v0.9+ (1.0rc2)
    Commit:  from 
    Launched: 20260225_165046
====================================================================================================

53    |Info:    [ResourceManager] Initializing HID interfaces: Success
53    |Info:    ------------------------------------------------------
53    |Info:    |               Start device detection               |
53    |Info:    ------------------------------------------------------
70    |Info:    ------------------------------------------------------
70    |Info:    |             Detecting I2C interfaces               |
70    |Info:    ------------------------------------------------------
70    |Info:    [ResourceManager] Registering I2C interface: /dev/i2c-3 Device 1002:73DF Subsystem: 1043:05CB
70    |Info:    [ResourceManager] Registering I2C interface: /dev/i2c-10 Device 1022:790B Subsystem: 1458:5001
70    |Info:    [ResourceManager] Registering I2C interface: /dev/i2c-1 Device 1002:73DF Subsystem: 1043:05CB
70    |Warning: [i2c_smbus_linux] Failed to read i2c device PCI device ID
70    |Info:    [ResourceManager] Registering I2C interface: /dev/i2c-8 Device 0000:0000 Subsystem: 0000:0000
70    |Warning: [i2c_smbus_linux] Failed to read i2c device PCI device ID
70    |Info:    [ResourceManager] Registering I2C interface: /dev/i2c-6 Device 0000:0000 Subsystem: 0000:0000
70    |Info:    [ResourceManager] Registering I2C interface: /dev/i2c-4 Device 1002:73DF Subsystem: 1043:05CB
70    |Info:    [ResourceManager] Registering I2C interface: /dev/i2c-11 Device 1022:790B Subsystem: 1458:5001
70    |Info:    [ResourceManager] Registering I2C interface: /dev/i2c-2 Device 1002:73DF Subsystem: 1043:05CB
70    |Info:    [ResourceManager] Registering I2C interface: /dev/i2c-0 Device 1002:73DF Subsystem: 1043:05CB
71    |Info:    [ResourceManager] Registering I2C interface: /dev/i2c-9 Device 1022:790B Subsystem: 1458:5001
71    |Warning: [i2c_smbus_linux] Failed to read i2c device PCI device ID
71    |Info:    [ResourceManager] Registering I2C interface: /dev/i2c-7 Device 0000:0000 Subsystem: 0000:0000
71    |Info:    [ResourceManager] Registering I2C interface: /dev/i2c-5 Device 1002:73DF Subsystem: 1043:05CB
71    |Info:    ------------------------------------------------------
71    |Info:    |               Detecting I2C devices                |
71    |Info:    ------------------------------------------------------
877   |Info:    [Corsair Dominator Platinum] Registering RGB controller
889   |Info:    [Corsair Dominator Platinum] Registering RGB controller
901   |Info:    [Corsair Dominator Platinum] Registering RGB controller
913   |Info:    [Corsair Dominator Platinum] Registering RGB controller
1050  |Info:    ------------------------------------------------------
1050  |Info:    |            Detecting I2C DIMM modules              |
1050  |Info:    ------------------------------------------------------
1103  |Info:    [ResourceManager] Detected occupied slot 2, bus 6, type Reserved
1900  |Info:    [ResourceManager] Detected occupied slot 1, bus 9, type DDR4
3179  |Info:    [ResourceManager] Detected occupied slot 2, bus 9, type DDR4
4966  |Info:    [ResourceManager] Detected occupied slot 3, bus 9, type DDR4
7268  |Info:    [ResourceManager] Detected occupied slot 4, bus 9, type DDR4
7874  |Info:    ------------------------------------------------------
7874  |Info:    |               Detecting I2C PCI devices            |
7874  |Info:    ------------------------------------------------------
7875  |Info:    ------------------------------------------------------
7875  |Info:    |               Detecting HID devices                |
7875  |Info:    ------------------------------------------------------
7929  |Info:    [Zalman Z Sync] Registering RGB controller
7929  |Info:    ------------------------------------------------------
7929  |Info:    |            Detecting libusb HID devices            |
7929  |Info:    ------------------------------------------------------
7963  |Info:    ------------------------------------------------------
7963  |Info:    |              Detecting other devices               |
7963  |Info:    ------------------------------------------------------
7980  |Info:    [ResourceManager] Calling Post-detection callbacks
7980  |Info:    ------------------------------------------------------
7980  |Info:    |                Detection completed                 |
7980  |Info:    ------------------------------------------------------
8014  |Info:    [b450mds3h] Registering RGB controller
