    OpenRGB v0.9+ (1.0rc2)
    Commit:  from 
    Launched: 20260312_161749
====================================================================================================

55    |Info:    [ResourceManager] Initializing HID interfaces: Success
55    |Info:    ------------------------------------------------------
55    |Info:    |               Start device detection               |
55    |Info:    ------------------------------------------------------
69    |Info:    ------------------------------------------------------
69    |Info:    |             Detecting I2C interfaces               |
69    |Info:    ------------------------------------------------------
69    |Info:    [ResourceManager] Registering I2C interface: /dev/i2c-3 Device 1002:73DF Subsystem: 1043:05CB
69    |Warning: [i2c_smbus_linux] Failed to read i2c device PCI device ID
69    |Info:    [ResourceManager] Registering I2C interface: /dev/i2c-10 Device 0000:0000 Subsystem: 0000:0000
70    |Info:    [ResourceManager] Registering I2C interface: /dev/i2c-1 Device 1022:790B Subsystem: 1458:5001
70    |Info:    [ResourceManager] Registering I2C interface: /dev/i2c-8 Device 1002:73DF Subsystem: 1043:05CB
70    |Info:    [ResourceManager] Registering I2C interface: /dev/i2c-6 Device 1002:73DF Subsystem: 1043:05CB
70    |Info:    [ResourceManager] Registering I2C interface: /dev/i2c-4 Device 1002:73DF Subsystem: 1043:05CB
70    |Warning: [i2c_smbus_linux] Failed to read i2c device PCI device ID
70    |Info:    [ResourceManager] Registering I2C interface: /dev/i2c-11 Device 0000:0000 Subsystem: 0000:0000
70    |Info:    [ResourceManager] Registering I2C interface: /dev/i2c-2 Device 1022:790B Subsystem: 1458:5001
70    |Info:    [ResourceManager] Registering I2C interface: /dev/i2c-0 Device 1022:790B Subsystem: 1458:5001
70    |Warning: [i2c_smbus_linux] Failed to read i2c device PCI device ID
70    |Info:    [ResourceManager] Registering I2C interface: /dev/i2c-9 Device 0000:0000 Subsystem: 0000:0000
70    |Info:    [ResourceManager] Registering I2C interface: /dev/i2c-7 Device 1002:73DF Subsystem: 1043:05CB
70    |Info:    [ResourceManager] Registering I2C interface: /dev/i2c-5 Device 1002:73DF Subsystem: 1043:05CB
70    |Info:    ------------------------------------------------------
70    |Info:    |               Detecting I2C devices                |
70    |Info:    ------------------------------------------------------
884   |Info:    [Corsair Dominator Platinum] Registering RGB controller
896   |Info:    [Corsair Dominator Platinum] Registering RGB controller
908   |Info:    [Corsair Dominator Platinum] Registering RGB controller
920   |Info:    [Corsair Dominator Platinum] Registering RGB controller
1057  |Info:    ------------------------------------------------------
1057  |Info:    |            Detecting I2C DIMM modules              |
1057  |Info:    ------------------------------------------------------
1109  |Info:    [ResourceManager] Detected occupied slot 2, bus 7, type Key: X
1875  |Info:    [ResourceManager] Detected occupied slot 1, bus 8, type DDR4
3151  |Info:    [ResourceManager] Detected occupied slot 2, bus 8, type DDR4
4942  |Info:    [ResourceManager] Detected occupied slot 3, bus 8, type DDR4
7244  |Info:    [ResourceManager] Detected occupied slot 4, bus 8, type DDR4
7848  |Info:    ------------------------------------------------------
7848  |Info:    |               Detecting I2C PCI devices            |
7848  |Info:    ------------------------------------------------------
7850  |Info:    ------------------------------------------------------
7850  |Info:    |               Detecting HID devices                |
7850  |Info:    ------------------------------------------------------
7902  |Info:    [Zalman Z Sync] Registering RGB controller
7902  |Info:    ------------------------------------------------------
7902  |Info:    |            Detecting libusb HID devices            |
7902  |Info:    ------------------------------------------------------
7937  |Info:    ------------------------------------------------------
7937  |Info:    |              Detecting other devices               |
7937  |Info:    ------------------------------------------------------
7950  |Info:    [ResourceManager] Calling Post-detection callbacks
7950  |Info:    ------------------------------------------------------
7950  |Info:    |                Detection completed                 |
7950  |Info:    ------------------------------------------------------
7978  |Info:    [b450mds3h] Registering RGB controller
