    OpenRGB v0.9+ (1.0rc2)
    Commit:  from 
    Launched: 20260225_130607
====================================================================================================

52    |Info:    [ResourceManager] Initializing HID interfaces: Success
52    |Info:    ------------------------------------------------------
52    |Info:    |               Start device detection               |
52    |Info:    ------------------------------------------------------
68    |Info:    ------------------------------------------------------
68    |Info:    |             Detecting I2C interfaces               |
68    |Info:    ------------------------------------------------------
76    |Info:    [ResourceManager] Registering I2C interface: /dev/i2c-3 Device 1002:73DF Subsystem: 1043:05CB
77    |Info:    [ResourceManager] Registering I2C interface: /dev/i2c-10 Device 1022:790B Subsystem: 1458:5001
77    |Info:    [ResourceManager] Registering I2C interface: /dev/i2c-1 Device 1002:73DF Subsystem: 1043:05CB
77    |Warning: [i2c_smbus_linux] Failed to read i2c device PCI device ID
77    |Info:    [ResourceManager] Registering I2C interface: /dev/i2c-8 Device 0000:0000 Subsystem: 0000:0000
77    |Warning: [i2c_smbus_linux] Failed to read i2c device PCI device ID
77    |Info:    [ResourceManager] Registering I2C interface: /dev/i2c-6 Device 0000:0000 Subsystem: 0000:0000
77    |Info:    [ResourceManager] Registering I2C interface: /dev/i2c-4 Device 1002:73DF Subsystem: 1043:05CB
77    |Info:    [ResourceManager] Registering I2C interface: /dev/i2c-11 Device 1022:790B Subsystem: 1458:5001
77    |Info:    [ResourceManager] Registering I2C interface: /dev/i2c-2 Device 1002:73DF Subsystem: 1043:05CB
77    |Info:    [ResourceManager] Registering I2C interface: /dev/i2c-0 Device 1002:73DF Subsystem: 1043:05CB
77    |Info:    [ResourceManager] Registering I2C interface: /dev/i2c-9 Device 1022:790B Subsystem: 1458:5001
77    |Warning: [i2c_smbus_linux] Failed to read i2c device PCI device ID
77    |Info:    [ResourceManager] Registering I2C interface: /dev/i2c-7 Device 0000:0000 Subsystem: 0000:0000
77    |Info:    [ResourceManager] Registering I2C interface: /dev/i2c-5 Device 1002:73DF Subsystem: 1043:05CB
77    |Info:    ------------------------------------------------------
77    |Info:    |               Detecting I2C devices                |
77    |Info:    ------------------------------------------------------
880   |Info:    [Corsair Dominator Platinum] Registering RGB controller
892   |Info:    [Corsair Dominator Platinum] Registering RGB controller
904   |Info:    [Corsair Dominator Platinum] Registering RGB controller
916   |Info:    [Corsair Dominator Platinum] Registering RGB controller
1052  |Info:    ------------------------------------------------------
1052  |Info:    |            Detecting I2C DIMM modules              |
1052  |Info:    ------------------------------------------------------
1104  |Info:    [ResourceManager] Detected occupied slot 2, bus 6, type Reserved
1905  |Info:    [ResourceManager] Detected occupied slot 1, bus 9, type DDR4
3189  |Info:    [ResourceManager] Detected occupied slot 2, bus 9, type DDR4
4985  |Info:    [ResourceManager] Detected occupied slot 3, bus 9, type DDR4
7297  |Info:    [ResourceManager] Detected occupied slot 4, bus 9, type DDR4
7902  |Info:    ------------------------------------------------------
7902  |Info:    |               Detecting I2C PCI devices            |
7902  |Info:    ------------------------------------------------------
7903  |Info:    ------------------------------------------------------
7903  |Info:    |               Detecting HID devices                |
7903  |Info:    ------------------------------------------------------
7957  |Info:    [Zalman Z Sync] Registering RGB controller
7957  |Info:    ------------------------------------------------------
7957  |Info:    |            Detecting libusb HID devices            |
7957  |Info:    ------------------------------------------------------
7990  |Info:    ------------------------------------------------------
7990  |Info:    |              Detecting other devices               |
7990  |Info:    ------------------------------------------------------
8006  |Info:    [ResourceManager] Calling Post-detection callbacks
8006  |Info:    ------------------------------------------------------
8006  |Info:    |                Detection completed                 |
8006  |Info:    ------------------------------------------------------
