    OpenRGB v0.9+ (1.0rc2)
    Commit:  from 
    Launched: 20260225_130408
====================================================================================================

53    |Info:    [ResourceManager] Initializing HID interfaces: Success
53    |Info:    ------------------------------------------------------
53    |Info:    |               Start device detection               |
53    |Info:    ------------------------------------------------------
75    |Info:    ------------------------------------------------------
75    |Info:    |             Detecting I2C interfaces               |
75    |Info:    ------------------------------------------------------
75    |Info:    [ResourceManager] Registering I2C interface: /dev/i2c-3 Device 1002:73DF Subsystem: 1043:05CB
75    |Info:    [ResourceManager] Registering I2C interface: /dev/i2c-10 Device 1022:790B Subsystem: 1458:5001
76    |Info:    [ResourceManager] Registering I2C interface: /dev/i2c-1 Device 1002:73DF Subsystem: 1043:05CB
76    |Warning: [i2c_smbus_linux] Failed to read i2c device PCI device ID
76    |Info:    [ResourceManager] Registering I2C interface: /dev/i2c-8 Device 0000:0000 Subsystem: 0000:0000
76    |Warning: [i2c_smbus_linux] Failed to read i2c device PCI device ID
76    |Info:    [ResourceManager] Registering I2C interface: /dev/i2c-6 Device 0000:0000 Subsystem: 0000:0000
76    |Info:    [ResourceManager] Registering I2C interface: /dev/i2c-4 Device 1002:73DF Subsystem: 1043:05CB
76    |Info:    [ResourceManager] Registering I2C interface: /dev/i2c-11 Device 1022:790B Subsystem: 1458:5001
76    |Info:    [ResourceManager] Registering I2C interface: /dev/i2c-2 Device 1002:73DF Subsystem: 1043:05CB
76    |Info:    [ResourceManager] Registering I2C interface: /dev/i2c-0 Device 1002:73DF Subsystem: 1043:05CB
76    |Info:    [ResourceManager] Registering I2C interface: /dev/i2c-9 Device 1022:790B Subsystem: 1458:5001
76    |Warning: [i2c_smbus_linux] Failed to read i2c device PCI device ID
76    |Info:    [ResourceManager] Registering I2C interface: /dev/i2c-7 Device 0000:0000 Subsystem: 0000:0000
76    |Info:    [ResourceManager] Registering I2C interface: /dev/i2c-5 Device 1002:73DF Subsystem: 1043:05CB
76    |Info:    ------------------------------------------------------
76    |Info:    |               Detecting I2C devices                |
76    |Info:    ------------------------------------------------------
884   |Info:    [Corsair Dominator Platinum] Registering RGB controller
896   |Info:    [Corsair Dominator Platinum] Registering RGB controller
908   |Info:    [Corsair Dominator Platinum] Registering RGB controller
920   |Info:    [Corsair Dominator Platinum] Registering RGB controller
1056  |Info:    ------------------------------------------------------
1056  |Info:    |            Detecting I2C DIMM modules              |
1056  |Info:    ------------------------------------------------------
1110  |Info:    [ResourceManager] Detected occupied slot 2, bus 6, type Reserved
1909  |Info:    [ResourceManager] Detected occupied slot 1, bus 9, type DDR4
3193  |Info:    [ResourceManager] Detected occupied slot 2, bus 9, type DDR4
4992  |Info:    [ResourceManager] Detected occupied slot 3, bus 9, type DDR4
7303  |Info:    [ResourceManager] Detected occupied slot 4, bus 9, type DDR4
7908  |Info:    ------------------------------------------------------
7908  |Info:    |               Detecting I2C PCI devices            |
7908  |Info:    ------------------------------------------------------
7909  |Info:    ------------------------------------------------------
7909  |Info:    |               Detecting HID devices                |
7909  |Info:    ------------------------------------------------------
7961  |Info:    [Zalman Z Sync] Registering RGB controller
7961  |Info:    ------------------------------------------------------
7961  |Info:    |            Detecting libusb HID devices            |
7961  |Info:    ------------------------------------------------------
8000  |Info:    ------------------------------------------------------
8000  |Info:    |              Detecting other devices               |
8000  |Info:    ------------------------------------------------------
8015  |Info:    [ResourceManager] Calling Post-detection callbacks
8015  |Info:    ------------------------------------------------------
8015  |Info:    |                Detection completed                 |
8015  |Info:    ------------------------------------------------------
