    OpenRGB v0.9+ (1.0rc2)
    Commit:  from 
    Launched: 20260225_153712
====================================================================================================

52    |Info:    [ResourceManager] Initializing HID interfaces: Success
52    |Info:    ------------------------------------------------------
52    |Info:    |               Start device detection               |
52    |Info:    ------------------------------------------------------
70    |Info:    ------------------------------------------------------
70    |Info:    |             Detecting I2C interfaces               |
70    |Info:    ------------------------------------------------------
70    |Info:    [ResourceManager] Registering I2C interface: /dev/i2c-3 Device 1002:73DF Subsystem: 1043:05CB
70    |Info:    [ResourceManager] Registering I2C interface: /dev/i2c-10 Device 1022:790B Subsystem: 1458:5001
70    |Info:    [ResourceManager] Registering I2C interface: /dev/i2c-1 Device 1002:73DF Subsystem: 1043:05CB
70    |Warning: [i2c_smbus_linux] Failed to read i2c device PCI device ID
71    |Info:    [ResourceManager] Registering I2C interface: /dev/i2c-8 Device 0000:0000 Subsystem: 0000:0000
71    |Warning: [i2c_smbus_linux] Failed to read i2c device PCI device ID
71    |Info:    [ResourceManager] Registering I2C interface: /dev/i2c-6 Device 0000:0000 Subsystem: 0000:0000
71    |Info:    [ResourceManager] Registering I2C interface: /dev/i2c-4 Device 1002:73DF Subsystem: 1043:05CB
71    |Info:    [ResourceManager] Registering I2C interface: /dev/i2c-11 Device 1022:790B Subsystem: 1458:5001
71    |Info:    [ResourceManager] Registering I2C interface: /dev/i2c-2 Device 1002:73DF Subsystem: 1043:05CB
71    |Info:    [ResourceManager] Registering I2C interface: /dev/i2c-0 Device 1002:73DF Subsystem: 1043:05CB
71    |Info:    [ResourceManager] Registering I2C interface: /dev/i2c-9 Device 1022:790B Subsystem: 1458:5001
71    |Warning: [i2c_smbus_linux] Failed to read i2c device PCI device ID
71    |Info:    [ResourceManager] Registering I2C interface: /dev/i2c-7 Device 0000:0000 Subsystem: 0000:0000
71    |Info:    [ResourceManager] Registering I2C interface: /dev/i2c-5 Device 1002:73DF Subsystem: 1043:05CB
71    |Info:    ------------------------------------------------------
71    |Info:    |               Detecting I2C devices                |
71    |Info:    ------------------------------------------------------
885   |Info:    [Corsair Dominator Platinum] Registering RGB controller
897   |Info:    [Corsair Dominator Platinum] Registering RGB controller
909   |Info:    [Corsair Dominator Platinum] Registering RGB controller
921   |Info:    [Corsair Dominator Platinum] Registering RGB controller
1058  |Info:    ------------------------------------------------------
1058  |Info:    |            Detecting I2C DIMM modules              |
1058  |Info:    ------------------------------------------------------
1110  |Info:    [ResourceManager] Detected occupied slot 2, bus 6, type Reserved
1908  |Info:    [ResourceManager] Detected occupied slot 1, bus 9, type DDR4
3192  |Info:    [ResourceManager] Detected occupied slot 2, bus 9, type DDR4
4984  |Info:    [ResourceManager] Detected occupied slot 3, bus 9, type DDR4
7288  |Info:    [ResourceManager] Detected occupied slot 4, bus 9, type DDR4
7897  |Info:    ------------------------------------------------------
7897  |Info:    |               Detecting I2C PCI devices            |
7897  |Info:    ------------------------------------------------------
7898  |Info:    ------------------------------------------------------
7898  |Info:    |               Detecting HID devices                |
7898  |Info:    ------------------------------------------------------
7950  |Info:    [Zalman Z Sync] Registering RGB controller
7950  |Info:    ------------------------------------------------------
7950  |Info:    |            Detecting libusb HID devices            |
7950  |Info:    ------------------------------------------------------
7991  |Info:    ------------------------------------------------------
7991  |Info:    |              Detecting other devices               |
7991  |Info:    ------------------------------------------------------
8007  |Info:    [ResourceManager] Calling Post-detection callbacks
8007  |Info:    ------------------------------------------------------
8007  |Info:    |                Detection completed                 |
8007  |Info:    ------------------------------------------------------
