    OpenRGB v0.9+ (1.0rc2)
    Commit:  from 
    Launched: 20260225_121127
====================================================================================================

52    |Info:    [ResourceManager] Initializing HID interfaces: Success
52    |Info:    ------------------------------------------------------
52    |Info:    |               Start device detection               |
52    |Info:    ------------------------------------------------------
72    |Info:    ------------------------------------------------------
72    |Info:    |             Detecting I2C interfaces               |
72    |Info:    ------------------------------------------------------
72    |Info:    [ResourceManager] Registering I2C interface: /dev/i2c-3 Device 1002:73DF Subsystem: 1043:05CB
72    |Info:    [ResourceManager] Registering I2C interface: /dev/i2c-1 Device 1002:73DF Subsystem: 1043:05CB
72    |Warning: [i2c_smbus_linux] Failed to read i2c device PCI device ID
72    |Info:    [ResourceManager] Registering I2C interface: /dev/i2c-8 Device 0000:0000 Subsystem: 0000:0000
72    |Warning: [i2c_smbus_linux] Failed to read i2c device PCI device ID
72    |Info:    [ResourceManager] Registering I2C interface: /dev/i2c-6 Device 0000:0000 Subsystem: 0000:0000
72    |Info:    [ResourceManager] Registering I2C interface: /dev/i2c-4 Device 1002:73DF Subsystem: 1043:05CB
72    |Info:    [ResourceManager] Registering I2C interface: /dev/i2c-2 Device 1002:73DF Subsystem: 1043:05CB
72    |Info:    [ResourceManager] Registering I2C interface: /dev/i2c-0 Device 1002:73DF Subsystem: 1043:05CB
73    |Warning: [i2c_smbus_linux] Failed to read i2c device PCI device ID
73    |Info:    [ResourceManager] Registering I2C interface: /dev/i2c-7 Device 0000:0000 Subsystem: 0000:0000
73    |Info:    [ResourceManager] Registering I2C interface: /dev/i2c-5 Device 1002:73DF Subsystem: 1043:05CB
73    |Info:    ------------------------------------------------------
73    |Info:    |               Detecting I2C devices                |
73    |Info:    ------------------------------------------------------
93    |Info:    ------------------------------------------------------
93    |Info:    |            Detecting I2C DIMM modules              |
93    |Info:    ------------------------------------------------------
93    |Info:    ------------------------------------------------------
93    |Info:    |               Detecting I2C PCI devices            |
93    |Info:    ------------------------------------------------------
95    |Info:    ------------------------------------------------------
95    |Info:    |               Detecting HID devices                |
95    |Info:    ------------------------------------------------------
148   |Info:    [Zalman Z Sync] Registering RGB controller
148   |Info:    ------------------------------------------------------
148   |Info:    |            Detecting libusb HID devices            |
148   |Info:    ------------------------------------------------------
182   |Info:    ------------------------------------------------------
182   |Info:    |              Detecting other devices               |
182   |Info:    ------------------------------------------------------
200   |Info:    [ResourceManager] Calling Post-detection callbacks
200   |Info:    ------------------------------------------------------
200   |Info:    |                Detection completed                 |
200   |Info:    ------------------------------------------------------
