    OpenRGB v0.9+ (1.0rc2)
    Commit:  from 
    Launched: 20260302_134741
====================================================================================================

56    |Info:    [ResourceManager] Initializing HID interfaces: Success
56    |Info:    ------------------------------------------------------
56    |Info:    |               Start device detection               |
56    |Info:    ------------------------------------------------------
71    |Info:    ------------------------------------------------------
71    |Info:    |             Detecting I2C interfaces               |
71    |Info:    ------------------------------------------------------
72    |Info:    [ResourceManager] Registering I2C interface: /dev/i2c-3 Device 1002:73DF Subsystem: 1043:05CB
72    |Warning: [i2c_smbus_linux] Failed to read i2c device PCI device ID
72    |Info:    [ResourceManager] Registering I2C interface: /dev/i2c-10 Device 0000:0000 Subsystem: 0000:0000
72    |Info:    [ResourceManager] Registering I2C interface: /dev/i2c-1 Device 1022:790B Subsystem: 1458:5001
72    |Info:    [ResourceManager] Registering I2C interface: /dev/i2c-8 Device 1002:73DF Subsystem: 1043:05CB
72    |Info:    [ResourceManager] Registering I2C interface: /dev/i2c-6 Device 1002:73DF Subsystem: 1043:05CB
72    |Info:    [ResourceManager] Registering I2C interface: /dev/i2c-4 Device 1002:73DF Subsystem: 1043:05CB
72    |Warning: [i2c_smbus_linux] Failed to read i2c device PCI device ID
72    |Info:    [ResourceManager] Registering I2C interface: /dev/i2c-11 Device 0000:0000 Subsystem: 0000:0000
73    |Info:    [ResourceManager] Registering I2C interface: /dev/i2c-2 Device 1022:790B Subsystem: 1458:5001
73    |Info:    [ResourceManager] Registering I2C interface: /dev/i2c-0 Device 1022:790B Subsystem: 1458:5001
73    |Warning: [i2c_smbus_linux] Failed to read i2c device PCI device ID
73    |Info:    [ResourceManager] Registering I2C interface: /dev/i2c-9 Device 0000:0000 Subsystem: 0000:0000
73    |Info:    [ResourceManager] Registering I2C interface: /dev/i2c-7 Device 1002:73DF Subsystem: 1043:05CB
73    |Info:    [ResourceManager] Registering I2C interface: /dev/i2c-5 Device 1002:73DF Subsystem: 1043:05CB
73    |Info:    ------------------------------------------------------
73    |Info:    |               Detecting I2C devices                |
73    |Info:    ------------------------------------------------------
1051  |Info:    ------------------------------------------------------
1051  |Info:    |            Detecting I2C DIMM modules              |
1051  |Info:    ------------------------------------------------------
1099  |Info:    [ResourceManager] Detected occupied slot 2, bus 7, type Reserved
1517  |Info:    [ResourceManager] Detected occupied slot 1, bus 8, type DDR4
2162  |Info:    [ResourceManager] Detected occupied slot 2, bus 8, type DDR4
3075  |Info:    [ResourceManager] Detected occupied slot 3, bus 8, type DDR4
4243  |Info:    [ResourceManager] Detected occupied slot 4, bus 8, type DDR4
4548  |Info:    ------------------------------------------------------
4548  |Info:    |               Detecting I2C PCI devices            |
4548  |Info:    ------------------------------------------------------
4549  |Info:    ------------------------------------------------------
4549  |Info:    |               Detecting HID devices                |
4549  |Info:    ------------------------------------------------------
4601  |Info:    [Zalman Z Sync] Registering RGB controller
4602  |Info:    ------------------------------------------------------
4602  |Info:    |            Detecting libusb HID devices            |
4602  |Info:    ------------------------------------------------------
4634  |Info:    ------------------------------------------------------
4634  |Info:    |              Detecting other devices               |
4634  |Info:    ------------------------------------------------------
4648  |Info:    [ResourceManager] Calling Post-detection callbacks
4648  |Info:    ------------------------------------------------------
4648  |Info:    |                Detection completed                 |
4648  |Info:    ------------------------------------------------------
4673  |Info:    [b450mds3h] Registering RGB controller
