    OpenRGB v0.9+ (1.0rc2)
    Commit:  from 
    Launched: 20260311_115451
====================================================================================================

56    |Info:    [ResourceManager] Initializing HID interfaces: Success
56    |Info:    ------------------------------------------------------
56    |Info:    |               Start device detection               |
56    |Info:    ------------------------------------------------------
72    |Info:    ------------------------------------------------------
72    |Info:    |             Detecting I2C interfaces               |
72    |Info:    ------------------------------------------------------
72    |Info:    [ResourceManager] Registering I2C interface: /dev/i2c-3 Device 1002:73DF Subsystem: 1043:05CB
72    |Warning: [i2c_smbus_linux] Failed to read i2c device PCI device ID
72    |Info:    [ResourceManager] Registering I2C interface: /dev/i2c-10 Device 0000:0000 Subsystem: 0000:0000
72    |Info:    [ResourceManager] Registering I2C interface: /dev/i2c-1 Device 1022:790B Subsystem: 1458:5001
72    |Info:    [ResourceManager] Registering I2C interface: /dev/i2c-8 Device 1002:73DF Subsystem: 1043:05CB
73    |Info:    [ResourceManager] Registering I2C interface: /dev/i2c-6 Device 1002:73DF Subsystem: 1043:05CB
73    |Info:    [ResourceManager] Registering I2C interface: /dev/i2c-4 Device 1002:73DF Subsystem: 1043:05CB
73    |Warning: [i2c_smbus_linux] Failed to read i2c device PCI device ID
73    |Info:    [ResourceManager] Registering I2C interface: /dev/i2c-11 Device 0000:0000 Subsystem: 0000:0000
73    |Info:    [ResourceManager] Registering I2C interface: /dev/i2c-2 Device 1022:790B Subsystem: 1458:5001
73    |Info:    [ResourceManager] Registering I2C interface: /dev/i2c-0 Device 1022:790B Subsystem: 1458:5001
73    |Warning: [i2c_smbus_linux] Failed to read i2c device PCI device ID
73    |Info:    [ResourceManager] Registering I2C interface: /dev/i2c-9 Device 0000:0000 Subsystem: 0000:0000
73    |Info:    [ResourceManager] Registering I2C interface: /dev/i2c-7 Device 1002:73DF Subsystem: 1043:05CB
73    |Info:    [ResourceManager] Registering I2C interface: /dev/i2c-5 Device 1002:73DF Subsystem: 1043:05CB
73    |Info:    ------------------------------------------------------
73    |Info:    |               Detecting I2C devices                |
73    |Info:    ------------------------------------------------------
882   |Info:    [Corsair Dominator Platinum] Registering RGB controller
894   |Info:    [Corsair Dominator Platinum] Registering RGB controller
906   |Info:    [Corsair Dominator Platinum] Registering RGB controller
918   |Info:    [Corsair Dominator Platinum] Registering RGB controller
1055  |Info:    ------------------------------------------------------
1055  |Info:    |            Detecting I2C DIMM modules              |
1055  |Info:    ------------------------------------------------------
1106  |Info:    [ResourceManager] Detected occupied slot 2, bus 7, type (null)
1871  |Info:    [ResourceManager] Detected occupied slot 1, bus 8, type DDR4
3142  |Info:    [ResourceManager] Detected occupied slot 2, bus 8, type DDR4
4938  |Info:    [ResourceManager] Detected occupied slot 3, bus 8, type DDR4
7238  |Info:    [ResourceManager] Detected occupied slot 4, bus 8, type DDR4
7848  |Info:    ------------------------------------------------------
7848  |Info:    |               Detecting I2C PCI devices            |
7848  |Info:    ------------------------------------------------------
7850  |Info:    ------------------------------------------------------
7850  |Info:    |               Detecting HID devices                |
7850  |Info:    ------------------------------------------------------
7852  |Info:    [Zalman Z Sync] Registering RGB controller
7852  |Info:    ------------------------------------------------------
7852  |Info:    |            Detecting libusb HID devices            |
7852  |Info:    ------------------------------------------------------
7886  |Info:    ------------------------------------------------------
7887  |Info:    |              Detecting other devices               |
7887  |Info:    ------------------------------------------------------
7902  |Info:    [ResourceManager] Calling Post-detection callbacks
7902  |Info:    ------------------------------------------------------
7902  |Info:    |                Detection completed                 |
7902  |Info:    ------------------------------------------------------
7928  |Info:    [b450mds3h] Registering RGB controller
10542648|Info:    [b450mds3h] Unregistering RGB controller
