    OpenRGB v0.9+ (1.0rc2)
    Commit:  from 
    Launched: 20260225_154403
====================================================================================================

52    |Info:    [ResourceManager] Initializing HID interfaces: Success
52    |Info:    ------------------------------------------------------
52    |Info:    |               Start device detection               |
52    |Info:    ------------------------------------------------------
69    |Info:    ------------------------------------------------------
69    |Info:    |             Detecting I2C interfaces               |
69    |Info:    ------------------------------------------------------
69    |Info:    [ResourceManager] Registering I2C interface: /dev/i2c-3 Device 1002:73DF Subsystem: 1043:05CB
69    |Info:    [ResourceManager] Registering I2C interface: /dev/i2c-10 Device 1022:790B Subsystem: 1458:5001
69    |Info:    [ResourceManager] Registering I2C interface: /dev/i2c-1 Device 1002:73DF Subsystem: 1043:05CB
69    |Warning: [i2c_smbus_linux] Failed to read i2c device PCI device ID
69    |Info:    [ResourceManager] Registering I2C interface: /dev/i2c-8 Device 0000:0000 Subsystem: 0000:0000
70    |Warning: [i2c_smbus_linux] Failed to read i2c device PCI device ID
70    |Info:    [ResourceManager] Registering I2C interface: /dev/i2c-6 Device 0000:0000 Subsystem: 0000:0000
80    |Info:    [ResourceManager] Registering I2C interface: /dev/i2c-4 Device 1002:73DF Subsystem: 1043:05CB
80    |Info:    [ResourceManager] Registering I2C interface: /dev/i2c-11 Device 1022:790B Subsystem: 1458:5001
80    |Info:    [ResourceManager] Registering I2C interface: /dev/i2c-2 Device 1002:73DF Subsystem: 1043:05CB
80    |Info:    [ResourceManager] Registering I2C interface: /dev/i2c-0 Device 1002:73DF Subsystem: 1043:05CB
80    |Info:    [ResourceManager] Registering I2C interface: /dev/i2c-9 Device 1022:790B Subsystem: 1458:5001
80    |Warning: [i2c_smbus_linux] Failed to read i2c device PCI device ID
80    |Info:    [ResourceManager] Registering I2C interface: /dev/i2c-7 Device 0000:0000 Subsystem: 0000:0000
80    |Info:    [ResourceManager] Registering I2C interface: /dev/i2c-5 Device 1002:73DF Subsystem: 1043:05CB
80    |Info:    ------------------------------------------------------
80    |Info:    |               Detecting I2C devices                |
80    |Info:    ------------------------------------------------------
887   |Info:    [Corsair Dominator Platinum] Registering RGB controller
899   |Info:    [Corsair Dominator Platinum] Registering RGB controller
912   |Info:    [Corsair Dominator Platinum] Registering RGB controller
924   |Info:    [Corsair Dominator Platinum] Registering RGB controller
1060  |Info:    ------------------------------------------------------
1060  |Info:    |            Detecting I2C DIMM modules              |
1060  |Info:    ------------------------------------------------------
1113  |Info:    [ResourceManager] Detected occupied slot 2, bus 6, type Reserved
1910  |Info:    [ResourceManager] Detected occupied slot 1, bus 9, type DDR4
3189  |Info:    [ResourceManager] Detected occupied slot 2, bus 9, type DDR4
4984  |Info:    [ResourceManager] Detected occupied slot 3, bus 9, type DDR4
7286  |Info:    [ResourceManager] Detected occupied slot 4, bus 9, type DDR4
7890  |Info:    ------------------------------------------------------
7890  |Info:    |               Detecting I2C PCI devices            |
7890  |Info:    ------------------------------------------------------
7891  |Info:    ------------------------------------------------------
7891  |Info:    |               Detecting HID devices                |
7891  |Info:    ------------------------------------------------------
7943  |Info:    [Zalman Z Sync] Registering RGB controller
7943  |Info:    ------------------------------------------------------
7943  |Info:    |            Detecting libusb HID devices            |
7943  |Info:    ------------------------------------------------------
7977  |Info:    ------------------------------------------------------
7977  |Info:    |              Detecting other devices               |
7977  |Info:    ------------------------------------------------------
7993  |Info:    [ResourceManager] Calling Post-detection callbacks
7993  |Info:    ------------------------------------------------------
7993  |Info:    |                Detection completed                 |
7993  |Info:    ------------------------------------------------------
12612 |Info:    [b450mds3h] Registering RGB controller
