    OpenRGB v0.9+ (1.0rc2)
    Commit:  from 
    Launched: 20260310_183318
====================================================================================================

54    |Info:    [ResourceManager] Initializing HID interfaces: Success
54    |Info:    ------------------------------------------------------
54    |Info:    |               Start device detection               |
54    |Info:    ------------------------------------------------------
72    |Info:    ------------------------------------------------------
72    |Info:    |             Detecting I2C interfaces               |
72    |Info:    ------------------------------------------------------
72    |Info:    [ResourceManager] Registering I2C interface: /dev/i2c-3 Device 1002:73DF Subsystem: 1043:05CB
72    |Warning: [i2c_smbus_linux] Failed to read i2c device PCI device ID
72    |Info:    [ResourceManager] Registering I2C interface: /dev/i2c-10 Device 0000:0000 Subsystem: 0000:0000
72    |Info:    [ResourceManager] Registering I2C interface: /dev/i2c-1 Device 1022:790B Subsystem: 1458:5001
72    |Info:    [ResourceManager] Registering I2C interface: /dev/i2c-8 Device 1002:73DF Subsystem: 1043:05CB
72    |Info:    [ResourceManager] Registering I2C interface: /dev/i2c-6 Device 1002:73DF Subsystem: 1043:05CB
72    |Info:    [ResourceManager] Registering I2C interface: /dev/i2c-4 Device 1002:73DF Subsystem: 1043:05CB
72    |Warning: [i2c_smbus_linux] Failed to read i2c device PCI device ID
72    |Info:    [ResourceManager] Registering I2C interface: /dev/i2c-11 Device 0000:0000 Subsystem: 0000:0000
73    |Info:    [ResourceManager] Registering I2C interface: /dev/i2c-2 Device 1022:790B Subsystem: 1458:5001
73    |Info:    [ResourceManager] Registering I2C interface: /dev/i2c-0 Device 1022:790B Subsystem: 1458:5001
73    |Warning: [i2c_smbus_linux] Failed to read i2c device PCI device ID
73    |Info:    [ResourceManager] Registering I2C interface: /dev/i2c-9 Device 0000:0000 Subsystem: 0000:0000
73    |Info:    [ResourceManager] Registering I2C interface: /dev/i2c-7 Device 1002:73DF Subsystem: 1043:05CB
73    |Info:    [ResourceManager] Registering I2C interface: /dev/i2c-5 Device 1002:73DF Subsystem: 1043:05CB
73    |Info:    ------------------------------------------------------
73    |Info:    |               Detecting I2C devices                |
73    |Info:    ------------------------------------------------------
877   |Info:    [Corsair Dominator Platinum] Registering RGB controller
889   |Info:    [Corsair Dominator Platinum] Registering RGB controller
901   |Info:    [Corsair Dominator Platinum] Registering RGB controller
913   |Info:    [Corsair Dominator Platinum] Registering RGB controller
1050  |Info:    ------------------------------------------------------
1050  |Info:    |            Detecting I2C DIMM modules              |
1050  |Info:    ------------------------------------------------------
1103  |Info:    [ResourceManager] Detected occupied slot 2, bus 7, type Reserved
1894  |Info:    [ResourceManager] Detected occupied slot 1, bus 8, type DDR4
3176  |Info:    [ResourceManager] Detected occupied slot 2, bus 8, type DDR4
4951  |Info:    [ResourceManager] Detected occupied slot 3, bus 8, type DDR4
7249  |Info:    [ResourceManager] Detected occupied slot 4, bus 8, type DDR4
7870  |Info:    ------------------------------------------------------
7870  |Info:    |               Detecting I2C PCI devices            |
7870  |Info:    ------------------------------------------------------
7871  |Info:    ------------------------------------------------------
7871  |Info:    |               Detecting HID devices                |
7871  |Info:    ------------------------------------------------------
7924  |Info:    [Zalman Z Sync] Registering RGB controller
7924  |Info:    ------------------------------------------------------
7924  |Info:    |            Detecting libusb HID devices            |
7924  |Info:    ------------------------------------------------------
7958  |Info:    ------------------------------------------------------
7958  |Info:    |              Detecting other devices               |
7958  |Info:    ------------------------------------------------------
7973  |Info:    [ResourceManager] Calling Post-detection callbacks
7973  |Info:    ------------------------------------------------------
7973  |Info:    |                Detection completed                 |
7973  |Info:    ------------------------------------------------------
7999  |Info:    [b450mds3h] Registering RGB controller
55348837|Info:    [b450mds3h] Unregistering RGB controller
