    OpenRGB v0.9+ (1.0rc2)
    Commit:  from 
    Launched: 20260308_225754
====================================================================================================

54    |Info:    [ResourceManager] Initializing HID interfaces: Success
54    |Info:    ------------------------------------------------------
54    |Info:    |               Start device detection               |
54    |Info:    ------------------------------------------------------
67    |Info:    ------------------------------------------------------
67    |Info:    |             Detecting I2C interfaces               |
67    |Info:    ------------------------------------------------------
67    |Info:    [ResourceManager] Registering I2C interface: /dev/i2c-3 Device 1002:73DF Subsystem: 1043:05CB
68    |Warning: [i2c_smbus_linux] Failed to read i2c device PCI device ID
68    |Info:    [ResourceManager] Registering I2C interface: /dev/i2c-10 Device 0000:0000 Subsystem: 0000:0000
68    |Info:    [ResourceManager] Registering I2C interface: /dev/i2c-1 Device 1022:790B Subsystem: 1458:5001
68    |Info:    [ResourceManager] Registering I2C interface: /dev/i2c-8 Device 1002:73DF Subsystem: 1043:05CB
68    |Info:    [ResourceManager] Registering I2C interface: /dev/i2c-6 Device 1002:73DF Subsystem: 1043:05CB
68    |Info:    [ResourceManager] Registering I2C interface: /dev/i2c-4 Device 1002:73DF Subsystem: 1043:05CB
68    |Warning: [i2c_smbus_linux] Failed to read i2c device PCI device ID
68    |Info:    [ResourceManager] Registering I2C interface: /dev/i2c-11 Device 0000:0000 Subsystem: 0000:0000
68    |Info:    [ResourceManager] Registering I2C interface: /dev/i2c-2 Device 1022:790B Subsystem: 1458:5001
68    |Info:    [ResourceManager] Registering I2C interface: /dev/i2c-0 Device 1022:790B Subsystem: 1458:5001
69    |Warning: [i2c_smbus_linux] Failed to read i2c device PCI device ID
69    |Info:    [ResourceManager] Registering I2C interface: /dev/i2c-9 Device 0000:0000 Subsystem: 0000:0000
69    |Info:    [ResourceManager] Registering I2C interface: /dev/i2c-7 Device 1002:73DF Subsystem: 1043:05CB
69    |Info:    [ResourceManager] Registering I2C interface: /dev/i2c-5 Device 1002:73DF Subsystem: 1043:05CB
69    |Info:    ------------------------------------------------------
69    |Info:    |               Detecting I2C devices                |
69    |Info:    ------------------------------------------------------
890   |Info:    [Corsair Dominator Platinum] Registering RGB controller
902   |Info:    [Corsair Dominator Platinum] Registering RGB controller
914   |Info:    [Corsair Dominator Platinum] Registering RGB controller
926   |Info:    [Corsair Dominator Platinum] Registering RGB controller
1063  |Info:    ------------------------------------------------------
1063  |Info:    |            Detecting I2C DIMM modules              |
1063  |Info:    ------------------------------------------------------
1116  |Info:    [ResourceManager] Detected occupied slot 2, bus 7, type Reserved
1908  |Info:    [ResourceManager] Detected occupied slot 1, bus 8, type DDR4
3189  |Info:    [ResourceManager] Detected occupied slot 2, bus 8, type DDR4
4979  |Info:    [ResourceManager] Detected occupied slot 3, bus 8, type DDR4
7281  |Info:    [ResourceManager] Detected occupied slot 4, bus 8, type DDR4
7887  |Info:    ------------------------------------------------------
7887  |Info:    |               Detecting I2C PCI devices            |
7887  |Info:    ------------------------------------------------------
7888  |Info:    ------------------------------------------------------
7888  |Info:    |               Detecting HID devices                |
7888  |Info:    ------------------------------------------------------
7942  |Info:    [Zalman Z Sync] Registering RGB controller
7942  |Info:    ------------------------------------------------------
7942  |Info:    |            Detecting libusb HID devices            |
7942  |Info:    ------------------------------------------------------
7974  |Info:    ------------------------------------------------------
7974  |Info:    |              Detecting other devices               |
7974  |Info:    ------------------------------------------------------
7988  |Info:    [ResourceManager] Calling Post-detection callbacks
7988  |Info:    ------------------------------------------------------
7988  |Info:    |                Detection completed                 |
7988  |Info:    ------------------------------------------------------
8016  |Info:    [b450mds3h] Registering RGB controller
42562715|Info:    [b450mds3h] Unregistering RGB controller
