    OpenRGB v0.9+ (1.0rc2)
    Commit:  from 
    Launched: 20260224_181229
====================================================================================================

52    |Info:    [ResourceManager] Initializing HID interfaces: Success
52    |Info:    ------------------------------------------------------
52    |Info:    |               Start device detection               |
52    |Info:    ------------------------------------------------------
71    |Info:    ------------------------------------------------------
71    |Info:    |             Detecting I2C interfaces               |
71    |Info:    ------------------------------------------------------
71    |Info:    [ResourceManager] Registering I2C interface: /dev/i2c-3 Device 1002:73DF Subsystem: 1043:05CB
71    |Info:    [ResourceManager] Registering I2C interface: /dev/i2c-1 Device 1002:73DF Subsystem: 1043:05CB
72    |Warning: [i2c_smbus_linux] Failed to read i2c device PCI device ID
72    |Info:    [ResourceManager] Registering I2C interface: /dev/i2c-8 Device 0000:0000 Subsystem: 0000:0000
72    |Warning: [i2c_smbus_linux] Failed to read i2c device PCI device ID
72    |Info:    [ResourceManager] Registering I2C interface: /dev/i2c-6 Device 0000:0000 Subsystem: 0000:0000
72    |Info:    [ResourceManager] Registering I2C interface: /dev/i2c-4 Device 1002:73DF Subsystem: 1043:05CB
72    |Info:    [ResourceManager] Registering I2C interface: /dev/i2c-2 Device 1002:73DF Subsystem: 1043:05CB
72    |Info:    [ResourceManager] Registering I2C interface: /dev/i2c-0 Device 1002:73DF Subsystem: 1043:05CB
72    |Warning: [i2c_smbus_linux] Failed to read i2c device PCI device ID
72    |Info:    [ResourceManager] Registering I2C interface: /dev/i2c-7 Device 0000:0000 Subsystem: 0000:0000
72    |Info:    [ResourceManager] Registering I2C interface: /dev/i2c-5 Device 1002:73DF Subsystem: 1043:05CB
72    |Info:    ------------------------------------------------------
72    |Info:    |               Detecting I2C devices                |
72    |Info:    ------------------------------------------------------
93    |Info:    ------------------------------------------------------
93    |Info:    |            Detecting I2C DIMM modules              |
93    |Info:    ------------------------------------------------------
93    |Info:    ------------------------------------------------------
93    |Info:    |               Detecting I2C PCI devices            |
93    |Info:    ------------------------------------------------------
94    |Info:    ------------------------------------------------------
94    |Info:    |               Detecting HID devices                |
94    |Info:    ------------------------------------------------------
147   |Info:    [Zalman Z Sync] Registering RGB controller
198   |Info:    [KLM] Created new Tenkeyless ANSI QWERTY with 6 rows and 17 columns containing 87 keys
198   |Info:    [Red Square Keyrox TKL Classic] Registering RGB controller
198   |Info:    ------------------------------------------------------
198   |Info:    |            Detecting libusb HID devices            |
198   |Info:    ------------------------------------------------------
258   |Info:    ------------------------------------------------------
258   |Info:    |              Detecting other devices               |
258   |Info:    ------------------------------------------------------
275   |Info:    [ResourceManager] Calling Post-detection callbacks
275   |Info:    ------------------------------------------------------
275   |Info:    |                Detection completed                 |
275   |Info:    ------------------------------------------------------
