    OpenRGB v0.9+ (1.0rc2)
    Commit:  from 
    Launched: 20260314_123329
====================================================================================================

59    |Info:    [ResourceManager] Initializing HID interfaces: Success
59    |Info:    ------------------------------------------------------
59    |Info:    |               Start device detection               |
59    |Info:    ------------------------------------------------------
77    |Info:    ------------------------------------------------------
77    |Info:    |             Detecting I2C interfaces               |
77    |Info:    ------------------------------------------------------
77    |Info:    [ResourceManager] Registering I2C interface: /dev/i2c-3 Device 1002:73DF Subsystem: 1043:05CB
77    |Warning: [i2c_smbus_linux] Failed to read i2c device PCI device ID
78    |Info:    [ResourceManager] Registering I2C interface: /dev/i2c-10 Device 0000:0000 Subsystem: 0000:0000
78    |Info:    [ResourceManager] Registering I2C interface: /dev/i2c-1 Device 1022:790B Subsystem: 1458:5001
78    |Info:    [ResourceManager] Registering I2C interface: /dev/i2c-8 Device 1002:73DF Subsystem: 1043:05CB
78    |Info:    [ResourceManager] Registering I2C interface: /dev/i2c-6 Device 1002:73DF Subsystem: 1043:05CB
78    |Info:    [ResourceManager] Registering I2C interface: /dev/i2c-4 Device 1002:73DF Subsystem: 1043:05CB
78    |Warning: [i2c_smbus_linux] Failed to read i2c device PCI device ID
78    |Info:    [ResourceManager] Registering I2C interface: /dev/i2c-11 Device 0000:0000 Subsystem: 0000:0000
78    |Info:    [ResourceManager] Registering I2C interface: /dev/i2c-2 Device 1022:790B Subsystem: 1458:5001
78    |Info:    [ResourceManager] Registering I2C interface: /dev/i2c-0 Device 1022:790B Subsystem: 1458:5001
78    |Warning: [i2c_smbus_linux] Failed to read i2c device PCI device ID
78    |Info:    [ResourceManager] Registering I2C interface: /dev/i2c-9 Device 0000:0000 Subsystem: 0000:0000
78    |Info:    [ResourceManager] Registering I2C interface: /dev/i2c-7 Device 1002:73DF Subsystem: 1043:05CB
78    |Info:    [ResourceManager] Registering I2C interface: /dev/i2c-5 Device 1002:73DF Subsystem: 1043:05CB
78    |Info:    ------------------------------------------------------
78    |Info:    |               Detecting I2C devices                |
78    |Info:    ------------------------------------------------------
894   |Info:    [Corsair Dominator Platinum] Registering RGB controller
907   |Info:    [Corsair Dominator Platinum] Registering RGB controller
919   |Info:    [Corsair Dominator Platinum] Registering RGB controller
931   |Info:    [Corsair Dominator Platinum] Registering RGB controller
1068  |Info:    ------------------------------------------------------
1068  |Info:    |            Detecting I2C DIMM modules              |
1068  |Info:    ------------------------------------------------------
1121  |Info:    [ResourceManager] Detected occupied slot 2, bus 7, type Reserved
1921  |Info:    [ResourceManager] Detected occupied slot 1, bus 8, type DDR4
3197  |Info:    [ResourceManager] Detected occupied slot 2, bus 8, type DDR4
4979  |Info:    [ResourceManager] Detected occupied slot 3, bus 8, type DDR4
7279  |Info:    [ResourceManager] Detected occupied slot 4, bus 8, type DDR4
7883  |Info:    ------------------------------------------------------
7883  |Info:    |               Detecting I2C PCI devices            |
7883  |Info:    ------------------------------------------------------
7884  |Info:    ------------------------------------------------------
7884  |Info:    |               Detecting HID devices                |
7884  |Info:    ------------------------------------------------------
7937  |Info:    [Zalman Z Sync] Registering RGB controller
7937  |Info:    ------------------------------------------------------
7937  |Info:    |            Detecting libusb HID devices            |
7937  |Info:    ------------------------------------------------------
7971  |Info:    ------------------------------------------------------
7971  |Info:    |              Detecting other devices               |
7971  |Info:    ------------------------------------------------------
7988  |Info:    [ResourceManager] Calling Post-detection callbacks
7988  |Info:    ------------------------------------------------------
7988  |Info:    |                Detection completed                 |
7988  |Info:    ------------------------------------------------------
8020  |Info:    [b450mds3h] Registering RGB controller
