    OpenRGB v0.9+ (1.0rc2)
    Commit:  from 
    Launched: 20260321_151352
====================================================================================================

54    |Info:    [ResourceManager] Initializing HID interfaces: Success
54    |Info:    ------------------------------------------------------
54    |Info:    |               Start device detection               |
54    |Info:    ------------------------------------------------------
67    |Info:    ------------------------------------------------------
67    |Info:    |             Detecting I2C interfaces               |
67    |Info:    ------------------------------------------------------
67    |Info:    [ResourceManager] Registering I2C interface: /dev/i2c-3 Device 1002:73DF Subsystem: 1043:05CB
67    |Warning: [i2c_smbus_linux] Failed to read i2c device PCI device ID
67    |Info:    [ResourceManager] Registering I2C interface: /dev/i2c-10 Device 0000:0000 Subsystem: 0000:0000
67    |Info:    [ResourceManager] Registering I2C interface: /dev/i2c-1 Device 1022:790B Subsystem: 1458:5001
67    |Info:    [ResourceManager] Registering I2C interface: /dev/i2c-8 Device 1002:73DF Subsystem: 1043:05CB
68    |Info:    [ResourceManager] Registering I2C interface: /dev/i2c-6 Device 1002:73DF Subsystem: 1043:05CB
68    |Info:    [ResourceManager] Registering I2C interface: /dev/i2c-4 Device 1002:73DF Subsystem: 1043:05CB
68    |Warning: [i2c_smbus_linux] Failed to read i2c device PCI device ID
68    |Info:    [ResourceManager] Registering I2C interface: /dev/i2c-11 Device 0000:0000 Subsystem: 0000:0000
68    |Info:    [ResourceManager] Registering I2C interface: /dev/i2c-2 Device 1022:790B Subsystem: 1458:5001
68    |Info:    [ResourceManager] Registering I2C interface: /dev/i2c-0 Device 1022:790B Subsystem: 1458:5001
68    |Warning: [i2c_smbus_linux] Failed to read i2c device PCI device ID
68    |Info:    [ResourceManager] Registering I2C interface: /dev/i2c-9 Device 0000:0000 Subsystem: 0000:0000
68    |Info:    [ResourceManager] Registering I2C interface: /dev/i2c-7 Device 1002:73DF Subsystem: 1043:05CB
68    |Info:    [ResourceManager] Registering I2C interface: /dev/i2c-5 Device 1002:73DF Subsystem: 1043:05CB
68    |Info:    ------------------------------------------------------
68    |Info:    |               Detecting I2C devices                |
68    |Info:    ------------------------------------------------------
892   |Info:    [Corsair Dominator Platinum] Registering RGB controller
904   |Info:    [Corsair Dominator Platinum] Registering RGB controller
916   |Info:    [Corsair Dominator Platinum] Registering RGB controller
931   |Info:    [Corsair Dominator Platinum] Registering RGB controller
1072  |Info:    ------------------------------------------------------
1072  |Info:    |            Detecting I2C DIMM modules              |
1072  |Info:    ------------------------------------------------------
1124  |Info:    [ResourceManager] Detected occupied slot 2, bus 7, type Reserved
1921  |Info:    [ResourceManager] Detected occupied slot 1, bus 8, type DDR4
3197  |Info:    [ResourceManager] Detected occupied slot 2, bus 8, type DDR4
4994  |Info:    [ResourceManager] Detected occupied slot 3, bus 8, type DDR4
7301  |Info:    [ResourceManager] Detected occupied slot 4, bus 8, type DDR4
7906  |Info:    ------------------------------------------------------
7906  |Info:    |               Detecting I2C PCI devices            |
7906  |Info:    ------------------------------------------------------
7908  |Info:    ------------------------------------------------------
7908  |Info:    |               Detecting HID devices                |
7908  |Info:    ------------------------------------------------------
7961  |Info:    [Zalman Z Sync] Registering RGB controller
7961  |Info:    ------------------------------------------------------
7961  |Info:    |            Detecting libusb HID devices            |
7961  |Info:    ------------------------------------------------------
7995  |Info:    ------------------------------------------------------
7995  |Info:    |              Detecting other devices               |
7995  |Info:    ------------------------------------------------------
8009  |Info:    [ResourceManager] Calling Post-detection callbacks
8009  |Info:    ------------------------------------------------------
8009  |Info:    |                Detection completed                 |
8009  |Info:    ------------------------------------------------------
8048  |Info:    [b450mds3h] Registering RGB controller
