    OpenRGB v0.9+ (1.0rc2)
    Commit:  from 
    Launched: 20260319_161018
====================================================================================================

53    |Info:    [ResourceManager] Initializing HID interfaces: Success
53    |Info:    ------------------------------------------------------
53    |Info:    |               Start device detection               |
53    |Info:    ------------------------------------------------------
71    |Info:    ------------------------------------------------------
71    |Info:    |             Detecting I2C interfaces               |
71    |Info:    ------------------------------------------------------
71    |Info:    [ResourceManager] Registering I2C interface: /dev/i2c-3 Device 1002:73DF Subsystem: 1043:05CB
71    |Warning: [i2c_smbus_linux] Failed to read i2c device PCI device ID
71    |Info:    [ResourceManager] Registering I2C interface: /dev/i2c-10 Device 0000:0000 Subsystem: 0000:0000
71    |Info:    [ResourceManager] Registering I2C interface: /dev/i2c-1 Device 1022:790B Subsystem: 1458:5001
71    |Info:    [ResourceManager] Registering I2C interface: /dev/i2c-8 Device 1002:73DF Subsystem: 1043:05CB
71    |Info:    [ResourceManager] Registering I2C interface: /dev/i2c-6 Device 1002:73DF Subsystem: 1043:05CB
71    |Info:    [ResourceManager] Registering I2C interface: /dev/i2c-4 Device 1002:73DF Subsystem: 1043:05CB
71    |Warning: [i2c_smbus_linux] Failed to read i2c device PCI device ID
71    |Info:    [ResourceManager] Registering I2C interface: /dev/i2c-11 Device 0000:0000 Subsystem: 0000:0000
71    |Info:    [ResourceManager] Registering I2C interface: /dev/i2c-2 Device 1022:790B Subsystem: 1458:5001
71    |Info:    [ResourceManager] Registering I2C interface: /dev/i2c-0 Device 1022:790B Subsystem: 1458:5001
72    |Warning: [i2c_smbus_linux] Failed to read i2c device PCI device ID
72    |Info:    [ResourceManager] Registering I2C interface: /dev/i2c-9 Device 0000:0000 Subsystem: 0000:0000
72    |Info:    [ResourceManager] Registering I2C interface: /dev/i2c-7 Device 1002:73DF Subsystem: 1043:05CB
72    |Info:    [ResourceManager] Registering I2C interface: /dev/i2c-5 Device 1002:73DF Subsystem: 1043:05CB
72    |Info:    ------------------------------------------------------
72    |Info:    |               Detecting I2C devices                |
72    |Info:    ------------------------------------------------------
885   |Info:    [Corsair Dominator Platinum] Registering RGB controller
897   |Info:    [Corsair Dominator Platinum] Registering RGB controller
909   |Info:    [Corsair Dominator Platinum] Registering RGB controller
921   |Info:    [Corsair Dominator Platinum] Registering RGB controller
1058  |Info:    ------------------------------------------------------
1058  |Info:    |            Detecting I2C DIMM modules              |
1058  |Info:    ------------------------------------------------------
1110  |Info:    [ResourceManager] Detected occupied slot 2, bus 7, type Key: 2
1871  |Info:    [ResourceManager] Detected occupied slot 1, bus 8, type DDR4
3149  |Info:    [ResourceManager] Detected occupied slot 2, bus 8, type DDR4
4936  |Info:    [ResourceManager] Detected occupied slot 3, bus 8, type DDR4
7239  |Info:    [ResourceManager] Detected occupied slot 4, bus 8, type DDR4
7845  |Info:    ------------------------------------------------------
7845  |Info:    |               Detecting I2C PCI devices            |
7845  |Info:    ------------------------------------------------------
7846  |Info:    ------------------------------------------------------
7846  |Info:    |               Detecting HID devices                |
7846  |Info:    ------------------------------------------------------
7849  |Info:    [Zalman Z Sync] Registering RGB controller
7849  |Info:    ------------------------------------------------------
7849  |Info:    |            Detecting libusb HID devices            |
7849  |Info:    ------------------------------------------------------
7883  |Info:    ------------------------------------------------------
7883  |Info:    |              Detecting other devices               |
7883  |Info:    ------------------------------------------------------
7899  |Info:    [ResourceManager] Calling Post-detection callbacks
7899  |Info:    ------------------------------------------------------
7899  |Info:    |                Detection completed                 |
7899  |Info:    ------------------------------------------------------
7941  |Info:    [b450mds3h] Registering RGB controller
