    OpenRGB v0.9+ (1.0rc2)
    Commit:  from 
    Launched: 20260224_192812
====================================================================================================

52    |Info:    [ResourceManager] Initializing HID interfaces: Success
52    |Info:    ------------------------------------------------------
52    |Info:    |               Start device detection               |
52    |Info:    ------------------------------------------------------
69    |Info:    ------------------------------------------------------
69    |Info:    |             Detecting I2C interfaces               |
69    |Info:    ------------------------------------------------------
69    |Info:    [ResourceManager] Registering I2C interface: /dev/i2c-3 Device 1002:73DF Subsystem: 1043:05CB
69    |Info:    [ResourceManager] Registering I2C interface: /dev/i2c-1 Device 1002:73DF Subsystem: 1043:05CB
69    |Warning: [i2c_smbus_linux] Failed to read i2c device PCI device ID
69    |Info:    [ResourceManager] Registering I2C interface: /dev/i2c-8 Device 0000:0000 Subsystem: 0000:0000
69    |Warning: [i2c_smbus_linux] Failed to read i2c device PCI device ID
69    |Info:    [ResourceManager] Registering I2C interface: /dev/i2c-6 Device 0000:0000 Subsystem: 0000:0000
69    |Info:    [ResourceManager] Registering I2C interface: /dev/i2c-4 Device 1002:73DF Subsystem: 1043:05CB
69    |Info:    [ResourceManager] Registering I2C interface: /dev/i2c-2 Device 1002:73DF Subsystem: 1043:05CB
69    |Info:    [ResourceManager] Registering I2C interface: /dev/i2c-0 Device 1002:73DF Subsystem: 1043:05CB
69    |Warning: [i2c_smbus_linux] Failed to read i2c device PCI device ID
69    |Info:    [ResourceManager] Registering I2C interface: /dev/i2c-7 Device 0000:0000 Subsystem: 0000:0000
69    |Info:    [ResourceManager] Registering I2C interface: /dev/i2c-5 Device 1002:73DF Subsystem: 1043:05CB
69    |Info:    ------------------------------------------------------
69    |Info:    |               Detecting I2C devices                |
69    |Info:    ------------------------------------------------------
90    |Info:    ------------------------------------------------------
90    |Info:    |            Detecting I2C DIMM modules              |
90    |Info:    ------------------------------------------------------
90    |Info:    ------------------------------------------------------
90    |Info:    |               Detecting I2C PCI devices            |
90    |Info:    ------------------------------------------------------
91    |Info:    ------------------------------------------------------
91    |Info:    |               Detecting HID devices                |
91    |Info:    ------------------------------------------------------
143   |Info:    [Zalman Z Sync] Registering RGB controller
195   |Info:    [KLM] Created new Tenkeyless ANSI QWERTY with 6 rows and 17 columns containing 87 keys
195   |Info:    [Red Square Keyrox TKL Classic] Registering RGB controller
195   |Info:    ------------------------------------------------------
195   |Info:    |            Detecting libusb HID devices            |
195   |Info:    ------------------------------------------------------
256   |Info:    ------------------------------------------------------
256   |Info:    |              Detecting other devices               |
256   |Info:    ------------------------------------------------------
274   |Info:    [ResourceManager] Calling Post-detection callbacks
274   |Info:    ------------------------------------------------------
274   |Info:    |                Detection completed                 |
274   |Info:    ------------------------------------------------------
