    OpenRGB v0.9+ (1.0rc2)
    Commit:  from 
    Launched: 20260302_154459
====================================================================================================

52    |Info:    [ResourceManager] Initializing HID interfaces: Success
52    |Info:    ------------------------------------------------------
52    |Info:    |               Start device detection               |
52    |Info:    ------------------------------------------------------
64    |Info:    ------------------------------------------------------
64    |Info:    |             Detecting I2C interfaces               |
64    |Info:    ------------------------------------------------------
64    |Info:    [ResourceManager] Registering I2C interface: /dev/i2c-3 Device 1002:73DF Subsystem: 1043:05CB
64    |Warning: [i2c_smbus_linux] Failed to read i2c device PCI device ID
64    |Info:    [ResourceManager] Registering I2C interface: /dev/i2c-10 Device 0000:0000 Subsystem: 0000:0000
64    |Info:    [ResourceManager] Registering I2C interface: /dev/i2c-1 Device 1022:790B Subsystem: 1458:5001
64    |Info:    [ResourceManager] Registering I2C interface: /dev/i2c-8 Device 1002:73DF Subsystem: 1043:05CB
64    |Info:    [ResourceManager] Registering I2C interface: /dev/i2c-6 Device 1002:73DF Subsystem: 1043:05CB
64    |Info:    [ResourceManager] Registering I2C interface: /dev/i2c-4 Device 1002:73DF Subsystem: 1043:05CB
64    |Warning: [i2c_smbus_linux] Failed to read i2c device PCI device ID
64    |Info:    [ResourceManager] Registering I2C interface: /dev/i2c-11 Device 0000:0000 Subsystem: 0000:0000
65    |Info:    [ResourceManager] Registering I2C interface: /dev/i2c-2 Device 1022:790B Subsystem: 1458:5001
65    |Info:    [ResourceManager] Registering I2C interface: /dev/i2c-0 Device 1022:790B Subsystem: 1458:5001
65    |Warning: [i2c_smbus_linux] Failed to read i2c device PCI device ID
65    |Info:    [ResourceManager] Registering I2C interface: /dev/i2c-9 Device 0000:0000 Subsystem: 0000:0000
65    |Info:    [ResourceManager] Registering I2C interface: /dev/i2c-7 Device 1002:73DF Subsystem: 1043:05CB
65    |Info:    [ResourceManager] Registering I2C interface: /dev/i2c-5 Device 1002:73DF Subsystem: 1043:05CB
65    |Info:    ------------------------------------------------------
65    |Info:    |               Detecting I2C devices                |
65    |Info:    ------------------------------------------------------
887   |Info:    [Corsair Dominator Platinum] Registering RGB controller
1036  |Info:    ------------------------------------------------------
1036  |Info:    |            Detecting I2C DIMM modules              |
1036  |Info:    ------------------------------------------------------
1083  |Info:    [ResourceManager] Detected occupied slot 2, bus 7, type óú¸
1473  |Info:    [ResourceManager] Detected occupied slot 1, bus 8, type DDR4
2118  |Info:    [ResourceManager] Detected occupied slot 2, bus 8, type DDR4
3022  |Info:    [ResourceManager] Detected occupied slot 3, bus 8, type DDR4
4184  |Info:    [ResourceManager] Detected occupied slot 4, bus 8, type DDR4
4490  |Info:    ------------------------------------------------------
4490  |Info:    |               Detecting I2C PCI devices            |
4490  |Info:    ------------------------------------------------------
4491  |Info:    ------------------------------------------------------
4491  |Info:    |               Detecting HID devices                |
4491  |Info:    ------------------------------------------------------
4492  |Info:    [Zalman Z Sync] Registering RGB controller
4492  |Info:    ------------------------------------------------------
4492  |Info:    |            Detecting libusb HID devices            |
4492  |Info:    ------------------------------------------------------
4525  |Info:    ------------------------------------------------------
4525  |Info:    |              Detecting other devices               |
4525  |Info:    ------------------------------------------------------
4540  |Info:    [ResourceManager] Calling Post-detection callbacks
4540  |Info:    ------------------------------------------------------
4540  |Info:    |                Detection completed                 |
4540  |Info:    ------------------------------------------------------
4575  |Info:    [b450mds3h] Registering RGB controller
10556 |Info:    [b450mds3h] Unregistering RGB controller
