    OpenRGB v0.9+ (1.0rc2)
    Commit:  from 
    Launched: 20260321_154205
====================================================================================================

54    |Info:    [ResourceManager] Initializing HID interfaces: Success
54    |Info:    ------------------------------------------------------
54    |Info:    |               Start device detection               |
54    |Info:    ------------------------------------------------------
66    |Info:    ------------------------------------------------------
66    |Info:    |             Detecting I2C interfaces               |
66    |Info:    ------------------------------------------------------
66    |Info:    [ResourceManager] Registering I2C interface: /dev/i2c-3 Device 1002:73DF Subsystem: 1043:05CB
66    |Warning: [i2c_smbus_linux] Failed to read i2c device PCI device ID
66    |Info:    [ResourceManager] Registering I2C interface: /dev/i2c-10 Device 0000:0000 Subsystem: 0000:0000
66    |Info:    [ResourceManager] Registering I2C interface: /dev/i2c-1 Device 1022:790B Subsystem: 1458:5001
66    |Info:    [ResourceManager] Registering I2C interface: /dev/i2c-8 Device 1002:73DF Subsystem: 1043:05CB
67    |Info:    [ResourceManager] Registering I2C interface: /dev/i2c-6 Device 1002:73DF Subsystem: 1043:05CB
67    |Info:    [ResourceManager] Registering I2C interface: /dev/i2c-4 Device 1002:73DF Subsystem: 1043:05CB
67    |Warning: [i2c_smbus_linux] Failed to read i2c device PCI device ID
67    |Info:    [ResourceManager] Registering I2C interface: /dev/i2c-11 Device 0000:0000 Subsystem: 0000:0000
67    |Info:    [ResourceManager] Registering I2C interface: /dev/i2c-2 Device 1022:790B Subsystem: 1458:5001
67    |Info:    [ResourceManager] Registering I2C interface: /dev/i2c-0 Device 1022:790B Subsystem: 1458:5001
67    |Warning: [i2c_smbus_linux] Failed to read i2c device PCI device ID
67    |Info:    [ResourceManager] Registering I2C interface: /dev/i2c-9 Device 0000:0000 Subsystem: 0000:0000
67    |Info:    [ResourceManager] Registering I2C interface: /dev/i2c-7 Device 1002:73DF Subsystem: 1043:05CB
67    |Info:    [ResourceManager] Registering I2C interface: /dev/i2c-5 Device 1002:73DF Subsystem: 1043:05CB
67    |Info:    ------------------------------------------------------
67    |Info:    |               Detecting I2C devices                |
67    |Info:    ------------------------------------------------------
885   |Info:    [Corsair Dominator Platinum] Registering RGB controller
897   |Info:    [Corsair Dominator Platinum] Registering RGB controller
909   |Info:    [Corsair Dominator Platinum] Registering RGB controller
921   |Info:    [Corsair Dominator Platinum] Registering RGB controller
1059  |Info:    ------------------------------------------------------
1059  |Info:    |            Detecting I2C DIMM modules              |
1059  |Info:    ------------------------------------------------------
1109  |Info:    [ResourceManager] Detected occupied slot 2, bus 7, type Key: Number Pad 7
1873  |Info:    [ResourceManager] Detected occupied slot 1, bus 8, type DDR4
3153  |Info:    [ResourceManager] Detected occupied slot 2, bus 8, type DDR4
4948  |Info:    [ResourceManager] Detected occupied slot 3, bus 8, type DDR4
7255  |Info:    [ResourceManager] Detected occupied slot 4, bus 8, type DDR4
7863  |Info:    ------------------------------------------------------
7863  |Info:    |               Detecting I2C PCI devices            |
7863  |Info:    ------------------------------------------------------
7864  |Info:    ------------------------------------------------------
7864  |Info:    |               Detecting HID devices                |
7864  |Info:    ------------------------------------------------------
7918  |Info:    [Zalman Z Sync] Registering RGB controller
7918  |Info:    ------------------------------------------------------
7918  |Info:    |            Detecting libusb HID devices            |
7918  |Info:    ------------------------------------------------------
7950  |Info:    ------------------------------------------------------
7950  |Info:    |              Detecting other devices               |
7950  |Info:    ------------------------------------------------------
7965  |Info:    [ResourceManager] Calling Post-detection callbacks
7965  |Info:    ------------------------------------------------------
7965  |Info:    |                Detection completed                 |
7965  |Info:    ------------------------------------------------------
8002  |Info:    [b450mds3h] Registering RGB controller
