    OpenRGB v0.9+ (1.0rc1)
    Commit:  from 
    Launched: 20250906_200835
====================================================================================================

53    |Info:    [ResourceManager] Initializing HID interfaces: Success
53    |Info:    ------------------------------------------------------
53    |Info:    |               Start device detection               |
53    |Info:    ------------------------------------------------------
56    |Info:    ------------------------------------------------------
56    |Info:    |             Detecting I2C interfaces               |
56    |Info:    ------------------------------------------------------
56    |Info:    [ResourceManager] Registering I2C interface: /dev/i2c-3 Device 10DE:1E90 Subsystem: 1A58:3001
56    |Info:    [ResourceManager] Registering I2C interface: /dev/i2c-10 Device 8086:3E9B Subsystem: 1A58:3001
56    |Info:    [ResourceManager] Registering I2C interface: /dev/i2c-1 Device 10DE:1E90 Subsystem: 1A58:3001
56    |Info:    [ResourceManager] Registering I2C interface: /dev/i2c-8 Device 8086:A323 Subsystem: 1A58:3001
56    |Info:    [ResourceManager] Registering I2C interface: /dev/i2c-6 Device 10DE:1E90 Subsystem: 1A58:3001
56    |Warning: [i2c_smbus_linux] Failed to read i2c device PCI device ID
56    |Info:    [ResourceManager] Registering I2C interface: /dev/i2c-13 Device 0000:0000 Subsystem: 0000:0000
56    |Info:    [ResourceManager] Registering I2C interface: /dev/i2c-4 Device 10DE:1E90 Subsystem: 1A58:3001
56    |Info:    [ResourceManager] Registering I2C interface: /dev/i2c-11 Device 8086:3E9B Subsystem: 1A58:3001
56    |Info:    [ResourceManager] Registering I2C interface: /dev/i2c-2 Device 10DE:1E90 Subsystem: 1A58:3001
56    |Info:    [ResourceManager] Registering I2C interface: /dev/i2c-0 Device 0000:0000 Subsystem: 0000:0000
56    |Info:    [ResourceManager] Registering I2C interface: /dev/i2c-9 Device 8086:3E9B Subsystem: 1A58:3001
57    |Info:    [ResourceManager] Registering I2C interface: /dev/i2c-7 Device 10DE:1AD9 Subsystem: 1A58:3001
57    |Info:    [ResourceManager] Registering I2C interface: /dev/i2c-ELAN0406:00 Device 0000:0000 Subsystem: 0000:0000
57    |Info:    [ResourceManager] Registering I2C interface: /dev/i2c-5 Device 10DE:1E90 Subsystem: 1A58:3001
57    |Info:    [ResourceManager] Registering I2C interface: /dev/i2c-12 Device 8086:3E9B Subsystem: 1A58:3001
57    |Info:    ------------------------------------------------------
57    |Info:    |               Detecting I2C devices                |
57    |Info:    ------------------------------------------------------
429   |Info:    ------------------------------------------------------
429   |Info:    |            Detecting I2C DIMM modules              |
429   |Info:    ------------------------------------------------------
455   |Info:    [ResourceManager] Detected occupied slot 3, bus 3, type DDR4
477   |Info:    ------------------------------------------------------
477   |Info:    |               Detecting I2C PCI devices            |
477   |Info:    ------------------------------------------------------
480   |Info:    ------------------------------------------------------
480   |Info:    |               Detecting HID devices                |
480   |Info:    ------------------------------------------------------
504   |Info:    [Razer Blade Pro (Late 2019)] Registering RGB controller
504   |Info:    ------------------------------------------------------
504   |Info:    |            Detecting libusb HID devices            |
504   |Info:    ------------------------------------------------------
518   |Info:    ------------------------------------------------------
518   |Info:    |              Detecting other devices               |
518   |Info:    ------------------------------------------------------
538   |Info:    [ResourceManager] Calling Post-detection callbacks
538   |Info:    ------------------------------------------------------
538   |Info:    |                Detection completed                 |
538   |Info:    ------------------------------------------------------
538   |Dialog:  <h2>Some internal devices may not be detected:</h2><p>One or more I2C or SMBus interfaces failed to initialize.</p><p><b>RGB DRAM modules, some motherboards' onboard RGB lighting, and RGB Graphics Cards, will not be available in OpenRGB</b> without I2C or SMBus.</p><h4>How to fix this:</h4><p>On Linux, this is usually because the i2c-dev module is not loaded.</p><p>You must load the i2c-dev module along with the correct i2c driver for your motherboard. This is usually i2c-piix4 for AMD systems and i2c-i801 for Intel systems.</p><p>See <a href='https://help.openrgb.org/'>help.openrgb.org</a> for additional troubleshooting steps if you keep seeing this message.<br></p><h3>If you are not using internal RGB on a desktop this message is not important to you.</h3>
543   |Warning: [PluginManager] Plugin /home/andrel/.config/OpenRGB/plugins/OpenRGBVisualMapPlugin_0.9_Bookworm_64_bbf30c4.so has an incompatible API version
543   |Warning: [PluginManager] Plugin /home/andrel/.config/OpenRGB/plugins/OpenRGBVisualMapPlugin_0.9_Bookworm_64_bbf30c4.so cannot be unloaded
564   |Warning: [PluginManager] Plugin /home/andrel/.config/OpenRGB/plugins/OpenRGBEffectsPlugin_0.9_Bookworm_64_f1411e1.so has an incompatible API version
564   |Warning: [PluginManager] Plugin /home/andrel/.config/OpenRGB/plugins/OpenRGBEffectsPlugin_0.9_Bookworm_64_f1411e1.so cannot be unloaded
