    OpenRGB v0.9+ (1.0rc1)
    Commit:  from 
    Launched: 20250911_164704
====================================================================================================

57    |Info:    [ResourceManager] Initializing HID interfaces: Success
57    |Info:    ------------------------------------------------------
57    |Info:    |               Start device detection               |
57    |Info:    ------------------------------------------------------
61    |Info:    ------------------------------------------------------
61    |Info:    |             Detecting I2C interfaces               |
61    |Info:    ------------------------------------------------------
142   |Info:    [ResourceManager] Registering I2C interface: /dev/i2c-3 Device 8086:3E9B Subsystem: 1A58:3001
142   |Info:    [ResourceManager] Registering I2C interface: /dev/i2c-10 Device 10DE:1E90 Subsystem: 1A58:3001
142   |Info:    [ResourceManager] Registering I2C interface: /dev/i2c-1 Device 8086:3E9B Subsystem: 1A58:3001
143   |Info:    [ResourceManager] Registering I2C interface: /dev/i2c-8 Device 10DE:1E90 Subsystem: 1A58:3001
143   |Info:    [ResourceManager] Registering I2C interface: /dev/i2c-6 Device 10DE:1E90 Subsystem: 1A58:3001
143   |Info:    [ResourceManager] Registering I2C interface: /dev/i2c-13 Device 8086:A323 Subsystem: 1A58:3001
143   |Info:    [ResourceManager] Registering I2C interface: /dev/i2c-4 Device 8086:3E9B Subsystem: 1A58:3001
143   |Info:    [ResourceManager] Registering I2C interface: /dev/i2c-11 Device 10DE:1E90 Subsystem: 1A58:3001
143   |Info:    [ResourceManager] Registering I2C interface: /dev/i2c-2 Device 8086:3E9B Subsystem: 1A58:3001
143   |Info:    [ResourceManager] Registering I2C interface: /dev/i2c-0 Device 0000:0000 Subsystem: 0000:0000
144   |Info:    [ResourceManager] Registering I2C interface: /dev/i2c-9 Device 10DE:1E90 Subsystem: 1A58:3001
144   |Info:    [ResourceManager] Registering I2C interface: /dev/i2c-7 Device 10DE:1E90 Subsystem: 1A58:3001
144   |Info:    [ResourceManager] Registering I2C interface: /dev/i2c-ELAN0406:00 Device 0000:0000 Subsystem: 0000:0000
144   |Warning: [i2c_smbus_linux] Failed to read i2c device PCI device ID
144   |Info:    [ResourceManager] Registering I2C interface: /dev/i2c-5 Device 0000:0000 Subsystem: 0000:0000
144   |Info:    [ResourceManager] Registering I2C interface: /dev/i2c-12 Device 10DE:1AD9 Subsystem: 1A58:3001
144   |Info:    ------------------------------------------------------
144   |Info:    |               Detecting I2C devices                |
144   |Info:    ------------------------------------------------------
549   |Info:    ------------------------------------------------------
549   |Info:    |            Detecting I2C DIMM modules              |
549   |Info:    ------------------------------------------------------
575   |Info:    [ResourceManager] Detected occupied slot 3, bus 5, type DDR4
597   |Info:    ------------------------------------------------------
597   |Info:    |               Detecting I2C PCI devices            |
597   |Info:    ------------------------------------------------------
600   |Info:    ------------------------------------------------------
600   |Info:    |               Detecting HID devices                |
600   |Info:    ------------------------------------------------------
633   |Info:    [Razer Blade Pro (Late 2019)] Registering RGB controller
634   |Info:    ------------------------------------------------------
634   |Info:    |            Detecting libusb HID devices            |
634   |Info:    ------------------------------------------------------
654   |Info:    ------------------------------------------------------
654   |Info:    |              Detecting other devices               |
654   |Info:    ------------------------------------------------------
675   |Info:    [ResourceManager] Calling Post-detection callbacks
675   |Info:    ------------------------------------------------------
675   |Info:    |                Detection completed                 |
675   |Info:    ------------------------------------------------------
675   |Dialog:  <h2>Some internal devices may not be detected:</h2><p>One or more I2C or SMBus interfaces failed to initialize.</p><p><b>RGB DRAM modules, some motherboards' onboard RGB lighting, and RGB Graphics Cards, will not be available in OpenRGB</b> without I2C or SMBus.</p><h4>How to fix this:</h4><p>On Linux, this is usually because the i2c-dev module is not loaded.</p><p>You must load the i2c-dev module along with the correct i2c driver for your motherboard. This is usually i2c-piix4 for AMD systems and i2c-i801 for Intel systems.</p><p>See <a href='https://help.openrgb.org/'>help.openrgb.org</a> for additional troubleshooting steps if you keep seeing this message.<br></p><h3>If you are not using internal RGB on a desktop this message is not important to you.</h3>
893   |Warning: [PluginManager] Plugin /home/andrel/.config/OpenRGB/plugins/OpenRGBVisualMapPlugin_0.9_Bookworm_64_bbf30c4.so has an incompatible API version
893   |Warning: [PluginManager] Plugin /home/andrel/.config/OpenRGB/plugins/OpenRGBVisualMapPlugin_0.9_Bookworm_64_bbf30c4.so cannot be unloaded
905   |Warning: [PluginManager] Plugin /home/andrel/.config/OpenRGB/plugins/OpenRGBEffectsPlugin_0.9_Bookworm_64_f1411e1.so has an incompatible API version
905   |Warning: [PluginManager] Plugin /home/andrel/.config/OpenRGB/plugins/OpenRGBEffectsPlugin_0.9_Bookworm_64_f1411e1.so cannot be unloaded
