    OpenRGB v0.9+ (1.0rc2)
    Commit:  from 
    Launched: 20251021_175521
====================================================================================================

54    |Info:    [ResourceManager] Initializing HID interfaces: Success
54    |Info:    ------------------------------------------------------
54    |Info:    |               Start device detection               |
54    |Info:    ------------------------------------------------------
66    |Info:    ------------------------------------------------------
66    |Info:    |             Detecting I2C interfaces               |
66    |Info:    ------------------------------------------------------
66    |Info:    [ResourceManager] Registering I2C interface: /dev/i2c-3 Device 1002:73DF Subsystem: 1043:05CB
66    |Info:    [ResourceManager] Registering I2C interface: /dev/i2c-1 Device 1002:73DF Subsystem: 1043:05CB
66    |Warning: [i2c_smbus_linux] Failed to read i2c device PCI device ID
66    |Info:    [ResourceManager] Registering I2C interface: /dev/i2c-8 Device 0000:0000 Subsystem: 0000:0000
66    |Warning: [i2c_smbus_linux] Failed to read i2c device PCI device ID
66    |Info:    [ResourceManager] Registering I2C interface: /dev/i2c-6 Device 0000:0000 Subsystem: 0000:0000
66    |Info:    [ResourceManager] Registering I2C interface: /dev/i2c-4 Device 1002:73DF Subsystem: 1043:05CB
66    |Info:    [ResourceManager] Registering I2C interface: /dev/i2c-2 Device 1002:73DF Subsystem: 1043:05CB
66    |Info:    [ResourceManager] Registering I2C interface: /dev/i2c-0 Device 1002:73DF Subsystem: 1043:05CB
66    |Warning: [i2c_smbus_linux] Failed to read i2c device PCI device ID
67    |Info:    [ResourceManager] Registering I2C interface: /dev/i2c-7 Device 0000:0000 Subsystem: 0000:0000
67    |Info:    [ResourceManager] Registering I2C interface: /dev/i2c-5 Device 1002:73DF Subsystem: 1043:05CB
67    |Info:    ------------------------------------------------------
67    |Info:    |               Detecting I2C devices                |
67    |Info:    ------------------------------------------------------
87    |Info:    ------------------------------------------------------
87    |Info:    |            Detecting I2C DIMM modules              |
87    |Info:    ------------------------------------------------------
87    |Info:    ------------------------------------------------------
87    |Info:    |               Detecting I2C PCI devices            |
87    |Info:    ------------------------------------------------------
88    |Info:    ------------------------------------------------------
88    |Info:    |               Detecting HID devices                |
88    |Info:    ------------------------------------------------------
141   |Info:    [Zalman Z Sync] Registering RGB controller
193   |Info:    [KLM] Created new Tenkeyless ANSI QWERTY with 6 rows and 17 columns containing 87 keys
193   |Info:    [Red Square Keyrox TKL Classic] Registering RGB controller
193   |Info:    ------------------------------------------------------
193   |Info:    |            Detecting libusb HID devices            |
193   |Info:    ------------------------------------------------------
253   |Info:    ------------------------------------------------------
253   |Info:    |              Detecting other devices               |
253   |Info:    ------------------------------------------------------
271   |Info:    [ResourceManager] Calling Post-detection callbacks
271   |Info:    ------------------------------------------------------
271   |Info:    |                Detection completed                 |
271   |Info:    ------------------------------------------------------
2242  |Info:    [Blade Pro (late 2019)] Registering RGB controller
2251  |Info:    [Blade Pro (late 2019)] Unregistering RGB controller
