    OpenRGB v0.9+ (1.0rc2)
    Commit:  from 
    Launched: 20251112_190712
====================================================================================================

54    |Info:    [ResourceManager] Initializing HID interfaces: Success
54    |Info:    ------------------------------------------------------
54    |Info:    |               Start device detection               |
54    |Info:    ------------------------------------------------------
66    |Info:    ------------------------------------------------------
66    |Info:    |             Detecting I2C interfaces               |
66    |Info:    ------------------------------------------------------
67    |Info:    [ResourceManager] Registering I2C interface: /dev/i2c-3 Device 1002:73DF Subsystem: 1043:05CB
67    |Warning: [i2c_smbus_linux] Failed to read i2c device PCI device ID
67    |Info:    [ResourceManager] Registering I2C interface: /dev/i2c-10 Device 0000:0000 Subsystem: 0000:0000
67    |Info:    [ResourceManager] Registering I2C interface: /dev/i2c-1 Device 1022:790B Subsystem: 1458:5001
67    |Info:    [ResourceManager] Registering I2C interface: /dev/i2c-8 Device 1002:73DF Subsystem: 1043:05CB
67    |Info:    [ResourceManager] Registering I2C interface: /dev/i2c-6 Device 1002:73DF Subsystem: 1043:05CB
67    |Info:    [ResourceManager] Registering I2C interface: /dev/i2c-4 Device 1002:73DF Subsystem: 1043:05CB
67    |Warning: [i2c_smbus_linux] Failed to read i2c device PCI device ID
67    |Info:    [ResourceManager] Registering I2C interface: /dev/i2c-11 Device 0000:0000 Subsystem: 0000:0000
67    |Info:    [ResourceManager] Registering I2C interface: /dev/i2c-2 Device 1022:790B Subsystem: 1458:5001
67    |Info:    [ResourceManager] Registering I2C interface: /dev/i2c-0 Device 1022:790B Subsystem: 1458:5001
67    |Warning: [i2c_smbus_linux] Failed to read i2c device PCI device ID
67    |Info:    [ResourceManager] Registering I2C interface: /dev/i2c-9 Device 0000:0000 Subsystem: 0000:0000
67    |Info:    [ResourceManager] Registering I2C interface: /dev/i2c-7 Device 1002:73DF Subsystem: 1043:05CB
67    |Info:    [ResourceManager] Registering I2C interface: /dev/i2c-5 Device 1002:73DF Subsystem: 1043:05CB
68    |Info:    ------------------------------------------------------
68    |Info:    |               Detecting I2C devices                |
68    |Info:    ------------------------------------------------------
876   |Info:    [Corsair Dominator Platinum] Registering RGB controller
888   |Info:    [Corsair Dominator Platinum] Registering RGB controller
900   |Info:    [Corsair Dominator Platinum] Registering RGB controller
912   |Info:    [Corsair Dominator Platinum] Registering RGB controller
1049  |Info:    ------------------------------------------------------
1049  |Info:    |            Detecting I2C DIMM modules              |
1049  |Info:    ------------------------------------------------------
1101  |Info:    [ResourceManager] Detected occupied slot 2, bus 7, type Reserved
1898  |Info:    [ResourceManager] Detected occupied slot 1, bus 8, type DDR4
3180  |Info:    [ResourceManager] Detected occupied slot 2, bus 8, type DDR4
4967  |Info:    [ResourceManager] Detected occupied slot 3, bus 8, type DDR4
7274  |Info:    [ResourceManager] Detected occupied slot 4, bus 8, type DDR4
7883  |Info:    ------------------------------------------------------
7883  |Info:    |               Detecting I2C PCI devices            |
7883  |Info:    ------------------------------------------------------
7884  |Info:    ------------------------------------------------------
7884  |Info:    |               Detecting HID devices                |
7884  |Info:    ------------------------------------------------------
7938  |Info:    [Zalman Z Sync] Registering RGB controller
7990  |Info:    [KLM] Created new Tenkeyless ANSI QWERTY with 6 rows and 17 columns containing 87 keys
7990  |Info:    [Red Square Keyrox TKL Classic] Registering RGB controller
7990  |Info:    ------------------------------------------------------
7990  |Info:    |            Detecting libusb HID devices            |
7990  |Info:    ------------------------------------------------------
8049  |Info:    ------------------------------------------------------
8049  |Info:    |              Detecting other devices               |
8049  |Info:    ------------------------------------------------------
8066  |Info:    [ResourceManager] Calling Post-detection callbacks
8066  |Info:    ------------------------------------------------------
8066  |Info:    |                Detection completed                 |
8066  |Info:    ------------------------------------------------------
8103  |Info:    [Blade Pro (late 2019)] Registering RGB controller
8116  |Info:    [b450mds3h] Registering RGB controller
