    OpenRGB v0.9+ (1.0rc2)
    Commit:  from 
    Launched: 20251023_112435
====================================================================================================

52    |Info:    [ResourceManager] Initializing HID interfaces: Success
52    |Info:    ------------------------------------------------------
52    |Info:    |               Start device detection               |
52    |Info:    ------------------------------------------------------
63    |Info:    ------------------------------------------------------
63    |Info:    |             Detecting I2C interfaces               |
63    |Info:    ------------------------------------------------------
63    |Info:    [ResourceManager] Registering I2C interface: /dev/i2c-3 Device 1002:73DF Subsystem: 1043:05CB
64    |Info:    [ResourceManager] Registering I2C interface: /dev/i2c-1 Device 1002:73DF Subsystem: 1043:05CB
64    |Warning: [i2c_smbus_linux] Failed to read i2c device PCI device ID
64    |Info:    [ResourceManager] Registering I2C interface: /dev/i2c-8 Device 0000:0000 Subsystem: 0000:0000
64    |Warning: [i2c_smbus_linux] Failed to read i2c device PCI device ID
64    |Info:    [ResourceManager] Registering I2C interface: /dev/i2c-6 Device 0000:0000 Subsystem: 0000:0000
64    |Info:    [ResourceManager] Registering I2C interface: /dev/i2c-4 Device 1002:73DF Subsystem: 1043:05CB
64    |Info:    [ResourceManager] Registering I2C interface: /dev/i2c-2 Device 1002:73DF Subsystem: 1043:05CB
64    |Info:    [ResourceManager] Registering I2C interface: /dev/i2c-0 Device 1002:73DF Subsystem: 1043:05CB
64    |Warning: [i2c_smbus_linux] Failed to read i2c device PCI device ID
64    |Info:    [ResourceManager] Registering I2C interface: /dev/i2c-7 Device 0000:0000 Subsystem: 0000:0000
64    |Info:    [ResourceManager] Registering I2C interface: /dev/i2c-5 Device 1002:73DF Subsystem: 1043:05CB
64    |Info:    ------------------------------------------------------
64    |Info:    |               Detecting I2C devices                |
64    |Info:    ------------------------------------------------------
85    |Info:    ------------------------------------------------------
85    |Info:    |            Detecting I2C DIMM modules              |
85    |Info:    ------------------------------------------------------
85    |Info:    ------------------------------------------------------
85    |Info:    |               Detecting I2C PCI devices            |
85    |Info:    ------------------------------------------------------
86    |Info:    ------------------------------------------------------
86    |Info:    |               Detecting HID devices                |
86    |Info:    ------------------------------------------------------
139   |Info:    [Zalman Z Sync] Registering RGB controller
191   |Info:    [KLM] Created new Tenkeyless ANSI QWERTY with 6 rows and 17 columns containing 87 keys
191   |Info:    [Red Square Keyrox TKL Classic] Registering RGB controller
191   |Info:    ------------------------------------------------------
191   |Info:    |            Detecting libusb HID devices            |
191   |Info:    ------------------------------------------------------
250   |Info:    ------------------------------------------------------
250   |Info:    |              Detecting other devices               |
250   |Info:    ------------------------------------------------------
267   |Info:    [ResourceManager] Calling Post-detection callbacks
267   |Info:    ------------------------------------------------------
267   |Info:    |                Detection completed                 |
267   |Info:    ------------------------------------------------------
17230 |Info:    [Blade Pro (late 2019)] Registering RGB controller
17238 |Info:    [Blade Pro (late 2019)] Unregistering RGB controller
