    OpenRGB v0.9+ (1.0rc1)
    Commit:  from 
    Launched: 20250912_154415
====================================================================================================

55    |Info:    [ResourceManager] Initializing HID interfaces: Success
55    |Info:    ------------------------------------------------------
55    |Info:    |               Start device detection               |
55    |Info:    ------------------------------------------------------
61    |Info:    ------------------------------------------------------
61    |Info:    |             Detecting I2C interfaces               |
61    |Info:    ------------------------------------------------------
61    |Info:    [ResourceManager] Registering I2C interface: /dev/i2c-3 Device 8086:3E9B Subsystem: 1A58:3001
61    |Info:    [ResourceManager] Registering I2C interface: /dev/i2c-10 Device 10DE:1E90 Subsystem: 1A58:3001
61    |Info:    [ResourceManager] Registering I2C interface: /dev/i2c-1 Device 8086:3E9B Subsystem: 1A58:3001
61    |Info:    [ResourceManager] Registering I2C interface: /dev/i2c-8 Device 10DE:1E90 Subsystem: 1A58:3001
61    |Info:    [ResourceManager] Registering I2C interface: /dev/i2c-6 Device 10DE:1E90 Subsystem: 1A58:3001
61    |Info:    [ResourceManager] Registering I2C interface: /dev/i2c-13 Device 8086:A323 Subsystem: 1A58:3001
62    |Info:    [ResourceManager] Registering I2C interface: /dev/i2c-4 Device 8086:3E9B Subsystem: 1A58:3001
62    |Info:    [ResourceManager] Registering I2C interface: /dev/i2c-11 Device 10DE:1E90 Subsystem: 1A58:3001
62    |Info:    [ResourceManager] Registering I2C interface: /dev/i2c-2 Device 8086:3E9B Subsystem: 1A58:3001
62    |Info:    [ResourceManager] Registering I2C interface: /dev/i2c-0 Device 0000:0000 Subsystem: 0000:0000
62    |Info:    [ResourceManager] Registering I2C interface: /dev/i2c-9 Device 10DE:1E90 Subsystem: 1A58:3001
62    |Info:    [ResourceManager] Registering I2C interface: /dev/i2c-7 Device 10DE:1E90 Subsystem: 1A58:3001
62    |Info:    [ResourceManager] Registering I2C interface: /dev/i2c-ELAN0406:00 Device 0000:0000 Subsystem: 0000:0000
62    |Warning: [i2c_smbus_linux] Failed to read i2c device PCI device ID
63    |Info:    [ResourceManager] Registering I2C interface: /dev/i2c-5 Device 0000:0000 Subsystem: 0000:0000
63    |Info:    [ResourceManager] Registering I2C interface: /dev/i2c-12 Device 10DE:1AD9 Subsystem: 1A58:3001
63    |Info:    ------------------------------------------------------
63    |Info:    |               Detecting I2C devices                |
63    |Info:    ------------------------------------------------------
404   |Info:    ------------------------------------------------------
404   |Info:    |            Detecting I2C DIMM modules              |
404   |Info:    ------------------------------------------------------
431   |Info:    [ResourceManager] Detected occupied slot 3, bus 5, type DDR4
454   |Info:    ------------------------------------------------------
454   |Info:    |               Detecting I2C PCI devices            |
454   |Info:    ------------------------------------------------------
458   |Info:    ------------------------------------------------------
458   |Info:    |               Detecting HID devices                |
458   |Info:    ------------------------------------------------------
483   |Info:    [Razer Blade Pro (Late 2019)] Registering RGB controller
484   |Info:    ------------------------------------------------------
484   |Info:    |            Detecting libusb HID devices            |
484   |Info:    ------------------------------------------------------
514   |Info:    ------------------------------------------------------
514   |Info:    |              Detecting other devices               |
514   |Info:    ------------------------------------------------------
540   |Info:    [ResourceManager] Calling Post-detection callbacks
540   |Info:    ------------------------------------------------------
540   |Info:    |                Detection completed                 |
540   |Info:    ------------------------------------------------------
540   |Dialog:  <h2>Some internal devices may not be detected:</h2><p>One or more I2C or SMBus interfaces failed to initialize.</p><p><b>RGB DRAM modules, some motherboards' onboard RGB lighting, and RGB Graphics Cards, will not be available in OpenRGB</b> without I2C or SMBus.</p><h4>How to fix this:</h4><p>On Linux, this is usually because the i2c-dev module is not loaded.</p><p>You must load the i2c-dev module along with the correct i2c driver for your motherboard. This is usually i2c-piix4 for AMD systems and i2c-i801 for Intel systems.</p><p>See <a href='https://help.openrgb.org/'>help.openrgb.org</a> for additional troubleshooting steps if you keep seeing this message.<br></p><h3>If you are not using internal RGB on a desktop this message is not important to you.</h3>
541   |Info:    [NetworkServer] Network connection thread started on port 6742
10392 |Info:    [NetworkServer] Network server started
16967 |ERROR:   [NetworkServer] recv_select failed receiving magic, closing listener
16967 |Info:    [NetworkServer] Closing server connection: 127.0.0.1
41844 |Info:    [NetworkServer] Network server started
58223 |ERROR:   [NetworkServer] recv_select failed receiving magic, closing listener
58223 |Info:    [NetworkServer] Closing server connection: 127.0.0.1
