    OpenRGB v0.9+ (1.0rc2)
    Commit:  from 
    Launched: 20251113_124404
====================================================================================================

53    |Info:    [ResourceManager] Initializing HID interfaces: Success
53    |Info:    ------------------------------------------------------
53    |Info:    |               Start device detection               |
53    |Info:    ------------------------------------------------------
65    |Info:    ------------------------------------------------------
65    |Info:    |             Detecting I2C interfaces               |
65    |Info:    ------------------------------------------------------
65    |Info:    [ResourceManager] Registering I2C interface: /dev/i2c-3 Device 1002:73DF Subsystem: 1043:05CB
65    |Warning: [i2c_smbus_linux] Failed to read i2c device PCI device ID
65    |Info:    [ResourceManager] Registering I2C interface: /dev/i2c-10 Device 0000:0000 Subsystem: 0000:0000
65    |Info:    [ResourceManager] Registering I2C interface: /dev/i2c-1 Device 1022:790B Subsystem: 1458:5001
65    |Info:    [ResourceManager] Registering I2C interface: /dev/i2c-8 Device 1002:73DF Subsystem: 1043:05CB
65    |Info:    [ResourceManager] Registering I2C interface: /dev/i2c-6 Device 1002:73DF Subsystem: 1043:05CB
65    |Info:    [ResourceManager] Registering I2C interface: /dev/i2c-4 Device 1002:73DF Subsystem: 1043:05CB
65    |Warning: [i2c_smbus_linux] Failed to read i2c device PCI device ID
65    |Info:    [ResourceManager] Registering I2C interface: /dev/i2c-11 Device 0000:0000 Subsystem: 0000:0000
65    |Info:    [ResourceManager] Registering I2C interface: /dev/i2c-2 Device 1022:790B Subsystem: 1458:5001
65    |Info:    [ResourceManager] Registering I2C interface: /dev/i2c-0 Device 1022:790B Subsystem: 1458:5001
65    |Warning: [i2c_smbus_linux] Failed to read i2c device PCI device ID
66    |Info:    [ResourceManager] Registering I2C interface: /dev/i2c-9 Device 0000:0000 Subsystem: 0000:0000
66    |Info:    [ResourceManager] Registering I2C interface: /dev/i2c-7 Device 1002:73DF Subsystem: 1043:05CB
66    |Info:    [ResourceManager] Registering I2C interface: /dev/i2c-5 Device 1002:73DF Subsystem: 1043:05CB
66    |Info:    ------------------------------------------------------
66    |Info:    |               Detecting I2C devices                |
66    |Info:    ------------------------------------------------------
870   |Info:    [Corsair Dominator Platinum] Registering RGB controller
882   |Info:    [Corsair Dominator Platinum] Registering RGB controller
894   |Info:    [Corsair Dominator Platinum] Registering RGB controller
906   |Info:    [Corsair Dominator Platinum] Registering RGB controller
1043  |Info:    ------------------------------------------------------
1043  |Info:    |            Detecting I2C DIMM modules              |
1043  |Info:    ------------------------------------------------------
1094  |Info:    [ResourceManager] Detected occupied slot 2, bus 7, type Reserved
1891  |Info:    [ResourceManager] Detected occupied slot 1, bus 8, type DDR4
3175  |Info:    [ResourceManager] Detected occupied slot 2, bus 8, type DDR4
4966  |Info:    [ResourceManager] Detected occupied slot 3, bus 8, type DDR4
7276  |Info:    [ResourceManager] Detected occupied slot 4, bus 8, type DDR4
7913  |Info:    ------------------------------------------------------
7913  |Info:    |               Detecting I2C PCI devices            |
7913  |Info:    ------------------------------------------------------
7915  |Info:    ------------------------------------------------------
7915  |Info:    |               Detecting HID devices                |
7915  |Info:    ------------------------------------------------------
7967  |Info:    [Zalman Z Sync] Registering RGB controller
8019  |Info:    [KLM] Created new Tenkeyless ANSI QWERTY with 6 rows and 17 columns containing 87 keys
8019  |Info:    [Red Square Keyrox TKL Classic] Registering RGB controller
8019  |Info:    ------------------------------------------------------
8019  |Info:    |            Detecting libusb HID devices            |
8019  |Info:    ------------------------------------------------------
8080  |Info:    ------------------------------------------------------
8080  |Info:    |              Detecting other devices               |
8080  |Info:    ------------------------------------------------------
8096  |Info:    [ResourceManager] Calling Post-detection callbacks
8096  |Info:    ------------------------------------------------------
8096  |Info:    |                Detection completed                 |
8096  |Info:    ------------------------------------------------------
8132  |Info:    [Blade Pro (late 2019)] Registering RGB controller
8145  |Info:    [b450mds3h] Registering RGB controller
