    OpenRGB v0.9+ (1.0rc2)
    Commit:  from 
    Launched: 20251002_174723
====================================================================================================

57    |Info:    [ResourceManager] Initializing HID interfaces: Success
57    |Info:    ------------------------------------------------------
57    |Info:    |               Start device detection               |
57    |Info:    ------------------------------------------------------
81    |Info:    ------------------------------------------------------
81    |Info:    |             Detecting I2C interfaces               |
81    |Info:    ------------------------------------------------------
81    |Info:    [ResourceManager] Registering I2C interface: /dev/i2c-3 Device 8086:3E9B Subsystem: 1A58:3001
81    |Info:    [ResourceManager] Registering I2C interface: /dev/i2c-10 Device 10DE:1E90 Subsystem: 1A58:3001
81    |Info:    [ResourceManager] Registering I2C interface: /dev/i2c-1 Device 8086:3E9B Subsystem: 1A58:3001
81    |Info:    [ResourceManager] Registering I2C interface: /dev/i2c-8 Device 10DE:1E90 Subsystem: 1A58:3001
82    |Info:    [ResourceManager] Registering I2C interface: /dev/i2c-6 Device 10DE:1E90 Subsystem: 1A58:3001
82    |Info:    [ResourceManager] Registering I2C interface: /dev/i2c-13 Device 8086:A323 Subsystem: 1A58:3001
82    |Info:    [ResourceManager] Registering I2C interface: /dev/i2c-4 Device 8086:3E9B Subsystem: 1A58:3001
82    |Info:    [ResourceManager] Registering I2C interface: /dev/i2c-11 Device 10DE:1E90 Subsystem: 1A58:3001
82    |Info:    [ResourceManager] Registering I2C interface: /dev/i2c-2 Device 8086:3E9B Subsystem: 1A58:3001
82    |Info:    [ResourceManager] Registering I2C interface: /dev/i2c-0 Device 0000:0000 Subsystem: 0000:0000
82    |Info:    [ResourceManager] Registering I2C interface: /dev/i2c-9 Device 10DE:1E90 Subsystem: 1A58:3001
82    |Info:    [ResourceManager] Registering I2C interface: /dev/i2c-7 Device 10DE:1E90 Subsystem: 1A58:3001
82    |Info:    [ResourceManager] Registering I2C interface: /dev/i2c-ELAN0406:00 Device 0000:0000 Subsystem: 0000:0000
83    |Warning: [i2c_smbus_linux] Failed to read i2c device PCI device ID
83    |Info:    [ResourceManager] Registering I2C interface: /dev/i2c-5 Device 0000:0000 Subsystem: 0000:0000
83    |Info:    [ResourceManager] Registering I2C interface: /dev/i2c-12 Device 10DE:1AD9 Subsystem: 1A58:3001
83    |Info:    ------------------------------------------------------
83    |Info:    |               Detecting I2C devices                |
83    |Info:    ------------------------------------------------------
402   |Info:    ------------------------------------------------------
402   |Info:    |            Detecting I2C DIMM modules              |
402   |Info:    ------------------------------------------------------
659   |Info:    [ResourceManager] Detected occupied slot 1, bus 5, type DDR4
830   |Info:    ------------------------------------------------------
830   |Info:    |               Detecting I2C PCI devices            |
830   |Info:    ------------------------------------------------------
833   |Info:    ------------------------------------------------------
833   |Info:    |               Detecting HID devices                |
833   |Info:    ------------------------------------------------------
885   |Info:    [KLM] Created new Tenkeyless ANSI QWERTY with 6 rows and 17 columns containing 87 keys
885   |Info:    [Red Square Keyrox TKL Classic] Registering RGB controller
906   |Info:    [Razer Blade Pro (Late 2019)] Registering RGB controller
906   |Info:    ------------------------------------------------------
906   |Info:    |            Detecting libusb HID devices            |
906   |Info:    ------------------------------------------------------
921   |Info:    ------------------------------------------------------
921   |Info:    |              Detecting other devices               |
921   |Info:    ------------------------------------------------------
950   |Info:    [ResourceManager] Calling Post-detection callbacks
950   |Info:    ------------------------------------------------------
950   |Info:    |                Detection completed                 |
950   |Info:    ------------------------------------------------------
950   |Dialog:  <h2>Some internal devices may not be detected:</h2><p>One or more I2C or SMBus interfaces failed to initialize.</p><p><b>RGB DRAM modules, some motherboards' onboard RGB lighting, and RGB Graphics Cards, will not be available in OpenRGB</b> without I2C or SMBus.</p><h4>How to fix this:</h4><p>On Linux, this is usually because the i2c-dev module is not loaded.</p><p>You must load the i2c-dev module along with the correct i2c driver for your motherboard. This is usually i2c-piix4 for AMD systems and i2c-i801 for Intel systems.</p><p>See <a href='https://help.openrgb.org/'>help.openrgb.org</a> for additional troubleshooting steps if you keep seeing this message.<br></p><h3>If you are not using internal RGB on a desktop this message is not important to you.</h3>
983   |Info:    [Blade Pro (late 2019)] Registering RGB controller
