    OpenRGB v0.9+ (1.0rc2)
    Commit:  from 
    Launched: 20251112_140311
====================================================================================================

52    |Info:    [ResourceManager] Initializing HID interfaces: Success
52    |Info:    ------------------------------------------------------
52    |Info:    |               Start device detection               |
52    |Info:    ------------------------------------------------------
64    |Info:    ------------------------------------------------------
64    |Info:    |             Detecting I2C interfaces               |
64    |Info:    ------------------------------------------------------
64    |Info:    [ResourceManager] Registering I2C interface: /dev/i2c-3 Device 1002:73DF Subsystem: 1043:05CB
64    |Warning: [i2c_smbus_linux] Failed to read i2c device PCI device ID
64    |Info:    [ResourceManager] Registering I2C interface: /dev/i2c-10 Device 0000:0000 Subsystem: 0000:0000
64    |Info:    [ResourceManager] Registering I2C interface: /dev/i2c-1 Device 1022:790B Subsystem: 1458:5001
64    |Info:    [ResourceManager] Registering I2C interface: /dev/i2c-8 Device 1002:73DF Subsystem: 1043:05CB
64    |Info:    [ResourceManager] Registering I2C interface: /dev/i2c-6 Device 1002:73DF Subsystem: 1043:05CB
64    |Info:    [ResourceManager] Registering I2C interface: /dev/i2c-4 Device 1002:73DF Subsystem: 1043:05CB
64    |Warning: [i2c_smbus_linux] Failed to read i2c device PCI device ID
64    |Info:    [ResourceManager] Registering I2C interface: /dev/i2c-11 Device 0000:0000 Subsystem: 0000:0000
64    |Info:    [ResourceManager] Registering I2C interface: /dev/i2c-2 Device 1022:790B Subsystem: 1458:5001
64    |Info:    [ResourceManager] Registering I2C interface: /dev/i2c-0 Device 1022:790B Subsystem: 1458:5001
65    |Warning: [i2c_smbus_linux] Failed to read i2c device PCI device ID
65    |Info:    [ResourceManager] Registering I2C interface: /dev/i2c-9 Device 0000:0000 Subsystem: 0000:0000
65    |Info:    [ResourceManager] Registering I2C interface: /dev/i2c-7 Device 1002:73DF Subsystem: 1043:05CB
65    |Info:    [ResourceManager] Registering I2C interface: /dev/i2c-5 Device 1002:73DF Subsystem: 1043:05CB
65    |Info:    ------------------------------------------------------
65    |Info:    |               Detecting I2C devices                |
65    |Info:    ------------------------------------------------------
1043  |Info:    [Corsair Dominator Platinum] Registering RGB controller
1056  |Info:    [Corsair Dominator Platinum] Registering RGB controller
1075  |Info:    [Corsair Dominator Platinum] Registering RGB controller
1087  |Info:    [Corsair Dominator Platinum] Registering RGB controller
1233  |Info:    ------------------------------------------------------
1233  |Info:    |            Detecting I2C DIMM modules              |
1233  |Info:    ------------------------------------------------------
1323  |Info:    [ResourceManager] Detected occupied slot 2, bus 7, type σϊUH‰εAWAVAULcξATMkνhSHƒμXL―ψ
3287  |Info:    [ResourceManager] Detected occupied slot 1, bus 8, type DDR4
6492  |Info:    [ResourceManager] Detected occupied slot 2, bus 8, type DDR4
10992 |Info:    [ResourceManager] Detected occupied slot 3, bus 8, type DDR4
16743 |Info:    [ResourceManager] Detected occupied slot 4, bus 8, type DDR4
18279 |Info:    ------------------------------------------------------
18279 |Info:    |               Detecting I2C PCI devices            |
18279 |Info:    ------------------------------------------------------
18280 |Info:    ------------------------------------------------------
18280 |Info:    |               Detecting HID devices                |
18280 |Info:    ------------------------------------------------------
18282 |Info:    [Zalman Z Sync] Registering RGB controller
18284 |Info:    [KLM] Created new Tenkeyless ANSI QWERTY with 6 rows and 17 columns containing 87 keys
18284 |Info:    [Red Square Keyrox TKL Classic] Registering RGB controller
18284 |Info:    ------------------------------------------------------
18284 |Info:    |            Detecting libusb HID devices            |
18284 |Info:    ------------------------------------------------------
18342 |Info:    ------------------------------------------------------
18342 |Info:    |              Detecting other devices               |
18342 |Info:    ------------------------------------------------------
18358 |Info:    [ResourceManager] Calling Post-detection callbacks
18358 |Info:    ------------------------------------------------------
18358 |Info:    |                Detection completed                 |
18358 |Info:    ------------------------------------------------------
18391 |Info:    [Blade Pro (late 2019)] Registering RGB controller
18404 |Info:    [b450mds3h] Registering RGB controller
