    OpenRGB v0.9+ (1.0rc1)
    Commit:  from 
    Launched: 20250826_171734
====================================================================================================

53    |Info:    [ResourceManager] Initializing HID interfaces: Success
53    |Info:    ------------------------------------------------------
53    |Info:    |               Start device detection               |
53    |Info:    ------------------------------------------------------
57    |Info:    ------------------------------------------------------
57    |Info:    |             Detecting I2C interfaces               |
57    |Info:    ------------------------------------------------------
57    |Info:    [ResourceManager] Registering I2C interface: /dev/i2c-3 Device 8086:3E9B Subsystem: 1A58:3001
57    |Info:    [ResourceManager] Registering I2C interface: /dev/i2c-1 Device 10DE:1AD9 Subsystem: 1A58:3001
57    |Info:    [ResourceManager] Registering I2C interface: /dev/i2c-6 Device 8086:3E9B Subsystem: 1A58:3001
57    |Info:    [ResourceManager] Registering I2C interface: /dev/i2c-4 Device 8086:3E9B Subsystem: 1A58:3001
57    |Info:    [ResourceManager] Registering I2C interface: /dev/i2c-2 Device 8086:A323 Subsystem: 1A58:3001
57    |Info:    [ResourceManager] Registering I2C interface: /dev/i2c-0 Device 0000:0000 Subsystem: 0000:0000
58    |Warning: [i2c_smbus_linux] Failed to read i2c device PCI device ID
58    |Info:    [ResourceManager] Registering I2C interface: /dev/i2c-7 Device 0000:0000 Subsystem: 0000:0000
58    |Info:    [ResourceManager] Registering I2C interface: /dev/i2c-ELAN0406:00 Device 0000:0000 Subsystem: 0000:0000
58    |Info:    [ResourceManager] Registering I2C interface: /dev/i2c-5 Device 8086:3E9B Subsystem: 1A58:3001
58    |Info:    ------------------------------------------------------
58    |Info:    |               Detecting I2C devices                |
58    |Info:    ------------------------------------------------------
386   |Info:    ------------------------------------------------------
386   |Info:    |            Detecting I2C DIMM modules              |
386   |Info:    ------------------------------------------------------
411   |Info:    [ResourceManager] Detected occupied slot 3, bus 4, type DDR4
431   |Info:    ------------------------------------------------------
431   |Info:    |               Detecting I2C PCI devices            |
431   |Info:    ------------------------------------------------------
434   |Info:    ------------------------------------------------------
434   |Info:    |               Detecting HID devices                |
434   |Info:    ------------------------------------------------------
459   |Info:    [Razer Blade Pro (Late 2019)] Registering RGB controller
462   |Info:    ------------------------------------------------------
462   |Info:    |            Detecting libusb HID devices            |
462   |Info:    ------------------------------------------------------
481   |Info:    ------------------------------------------------------
481   |Info:    |              Detecting other devices               |
481   |Info:    ------------------------------------------------------
