    OpenRGB v0.9+ (1.0rc2)
    Commit:  from 
    Launched: 20251110_141656
====================================================================================================

52    |Info:    [ResourceManager] Initializing HID interfaces: Success
52    |Info:    ------------------------------------------------------
52    |Info:    |               Start device detection               |
52    |Info:    ------------------------------------------------------
63    |Info:    ------------------------------------------------------
63    |Info:    |             Detecting I2C interfaces               |
63    |Info:    ------------------------------------------------------
64    |Info:    [ResourceManager] Registering I2C interface: /dev/i2c-3 Device 1002:73DF Subsystem: 1043:05CB
64    |Warning: [i2c_smbus_linux] Failed to read i2c device PCI device ID
64    |Info:    [ResourceManager] Registering I2C interface: /dev/i2c-10 Device 0000:0000 Subsystem: 0000:0000
64    |Info:    [ResourceManager] Registering I2C interface: /dev/i2c-1 Device 1022:790B Subsystem: 1458:5001
64    |Info:    [ResourceManager] Registering I2C interface: /dev/i2c-8 Device 1002:73DF Subsystem: 1043:05CB
64    |Info:    [ResourceManager] Registering I2C interface: /dev/i2c-6 Device 1002:73DF Subsystem: 1043:05CB
64    |Info:    [ResourceManager] Registering I2C interface: /dev/i2c-4 Device 1002:73DF Subsystem: 1043:05CB
64    |Warning: [i2c_smbus_linux] Failed to read i2c device PCI device ID
64    |Info:    [ResourceManager] Registering I2C interface: /dev/i2c-11 Device 0000:0000 Subsystem: 0000:0000
64    |Info:    [ResourceManager] Registering I2C interface: /dev/i2c-2 Device 1022:790B Subsystem: 1458:5001
64    |Info:    [ResourceManager] Registering I2C interface: /dev/i2c-0 Device 1022:790B Subsystem: 1458:5001
64    |Warning: [i2c_smbus_linux] Failed to read i2c device PCI device ID
64    |Info:    [ResourceManager] Registering I2C interface: /dev/i2c-9 Device 0000:0000 Subsystem: 0000:0000
64    |Info:    [ResourceManager] Registering I2C interface: /dev/i2c-7 Device 1002:73DF Subsystem: 1043:05CB
64    |Info:    [ResourceManager] Registering I2C interface: /dev/i2c-5 Device 1002:73DF Subsystem: 1043:05CB
64    |Info:    ------------------------------------------------------
64    |Info:    |               Detecting I2C devices                |
64    |Info:    ------------------------------------------------------
872   |Info:    [Corsair Dominator Platinum] Registering RGB controller
884   |Info:    [Corsair Dominator Platinum] Registering RGB controller
896   |Info:    [Corsair Dominator Platinum] Registering RGB controller
908   |Info:    [Corsair Dominator Platinum] Registering RGB controller
1045  |Info:    ------------------------------------------------------
1045  |Info:    |            Detecting I2C DIMM modules              |
1045  |Info:    ------------------------------------------------------
1098  |Info:    [ResourceManager] Detected occupied slot 2, bus 7, type Reserved
1897  |Info:    [ResourceManager] Detected occupied slot 1, bus 8, type DDR4
3179  |Info:    [ResourceManager] Detected occupied slot 2, bus 8, type DDR4
4969  |Info:    [ResourceManager] Detected occupied slot 3, bus 8, type DDR4
7276  |Info:    [ResourceManager] Detected occupied slot 4, bus 8, type DDR4
7892  |Info:    ------------------------------------------------------
7892  |Info:    |               Detecting I2C PCI devices            |
7892  |Info:    ------------------------------------------------------
7893  |Info:    ------------------------------------------------------
7893  |Info:    |               Detecting HID devices                |
7893  |Info:    ------------------------------------------------------
7946  |Info:    [Zalman Z Sync] Registering RGB controller
7998  |Info:    [KLM] Created new Tenkeyless ANSI QWERTY with 6 rows and 17 columns containing 87 keys
7998  |Info:    [Red Square Keyrox TKL Classic] Registering RGB controller
7998  |Info:    ------------------------------------------------------
7998  |Info:    |            Detecting libusb HID devices            |
7999  |Info:    ------------------------------------------------------
8055  |Info:    ------------------------------------------------------
8055  |Info:    |              Detecting other devices               |
8055  |Info:    ------------------------------------------------------
8070  |Info:    [ResourceManager] Calling Post-detection callbacks
8070  |Info:    ------------------------------------------------------
8070  |Info:    |                Detection completed                 |
8070  |Info:    ------------------------------------------------------
8103  |Info:    [Blade Pro (late 2019)] Registering RGB controller
8117  |Info:    [b450mds3h] Registering RGB controller
