    OpenRGB v0.9+ (1.0rc2)
    Commit:  from 
    Launched: 20251112_120021
====================================================================================================

53    |Info:    [ResourceManager] Initializing HID interfaces: Success
53    |Info:    ------------------------------------------------------
53    |Info:    |               Start device detection               |
53    |Info:    ------------------------------------------------------
63    |Info:    ------------------------------------------------------
63    |Info:    |             Detecting I2C interfaces               |
63    |Info:    ------------------------------------------------------
66    |Info:    [ResourceManager] Registering I2C interface: /dev/i2c-3 Device 1002:73DF Subsystem: 1043:05CB
66    |Warning: [i2c_smbus_linux] Failed to read i2c device PCI device ID
66    |Info:    [ResourceManager] Registering I2C interface: /dev/i2c-10 Device 0000:0000 Subsystem: 0000:0000
67    |Info:    [ResourceManager] Registering I2C interface: /dev/i2c-1 Device 1022:790B Subsystem: 1458:5001
67    |Info:    [ResourceManager] Registering I2C interface: /dev/i2c-8 Device 1002:73DF Subsystem: 1043:05CB
67    |Info:    [ResourceManager] Registering I2C interface: /dev/i2c-6 Device 1002:73DF Subsystem: 1043:05CB
67    |Info:    [ResourceManager] Registering I2C interface: /dev/i2c-4 Device 1002:73DF Subsystem: 1043:05CB
67    |Warning: [i2c_smbus_linux] Failed to read i2c device PCI device ID
67    |Info:    [ResourceManager] Registering I2C interface: /dev/i2c-11 Device 0000:0000 Subsystem: 0000:0000
67    |Info:    [ResourceManager] Registering I2C interface: /dev/i2c-2 Device 1022:790B Subsystem: 1458:5001
67    |Info:    [ResourceManager] Registering I2C interface: /dev/i2c-0 Device 1022:790B Subsystem: 1458:5001
67    |Warning: [i2c_smbus_linux] Failed to read i2c device PCI device ID
67    |Info:    [ResourceManager] Registering I2C interface: /dev/i2c-9 Device 0000:0000 Subsystem: 0000:0000
67    |Info:    [ResourceManager] Registering I2C interface: /dev/i2c-7 Device 1002:73DF Subsystem: 1043:05CB
67    |Info:    [ResourceManager] Registering I2C interface: /dev/i2c-5 Device 1002:73DF Subsystem: 1043:05CB
67    |Info:    ------------------------------------------------------
67    |Info:    |               Detecting I2C devices                |
67    |Info:    ------------------------------------------------------
1038  |Info:    [Corsair Dominator Platinum] Registering RGB controller
1059  |Info:    [Corsair Dominator Platinum] Registering RGB controller
1071  |Info:    [Corsair Dominator Platinum] Registering RGB controller
1091  |Info:    [Corsair Dominator Platinum] Registering RGB controller
1236  |Info:    ------------------------------------------------------
1236  |Info:    |            Detecting I2C DIMM modules              |
1236  |Info:    ------------------------------------------------------
1318  |Info:    [ResourceManager] Detected occupied slot 2, bus 7, type Key: Scroll Lock
3212  |Info:    [ResourceManager] Detected occupied slot 1, bus 8, type DDR4
6420  |Info:    [ResourceManager] Detected occupied slot 2, bus 8, type DDR4
11077 |Info:    [ResourceManager] Detected occupied slot 3, bus 8, type DDR4
16825 |Info:    [ResourceManager] Detected occupied slot 4, bus 8, type DDR4
18418 |Info:    ------------------------------------------------------
18418 |Info:    |               Detecting I2C PCI devices            |
18418 |Info:    ------------------------------------------------------
18419 |Info:    ------------------------------------------------------
18419 |Info:    |               Detecting HID devices                |
18419 |Info:    ------------------------------------------------------
18422 |Info:    [Zalman Z Sync] Registering RGB controller
18423 |Info:    [KLM] Created new Tenkeyless ANSI QWERTY with 6 rows and 17 columns containing 87 keys
18423 |Info:    [Red Square Keyrox TKL Classic] Registering RGB controller
18423 |Info:    ------------------------------------------------------
18423 |Info:    |            Detecting libusb HID devices            |
18423 |Info:    ------------------------------------------------------
18481 |Info:    ------------------------------------------------------
18481 |Info:    |              Detecting other devices               |
18481 |Info:    ------------------------------------------------------
18497 |Info:    [ResourceManager] Calling Post-detection callbacks
18497 |Info:    ------------------------------------------------------
18497 |Info:    |                Detection completed                 |
18497 |Info:    ------------------------------------------------------
18524 |Info:    [Blade Pro (late 2019)] Registering RGB controller
18531 |Info:    [b450mds3h] Registering RGB controller
114472|Info:    [Blade Pro (late 2019)] Unregistering RGB controller
114472|Info:    [b450mds3h] Unregistering RGB controller
