    OpenRGB v0.9+ (1.0rc2)
    Commit:  from 
    Launched: 20251117_110026
====================================================================================================

53    |Info:    [ResourceManager] Initializing HID interfaces: Success
53    |Info:    ------------------------------------------------------
53    |Info:    |               Start device detection               |
53    |Info:    ------------------------------------------------------
66    |Info:    ------------------------------------------------------
66    |Info:    |             Detecting I2C interfaces               |
66    |Info:    ------------------------------------------------------
66    |Info:    [ResourceManager] Registering I2C interface: /dev/i2c-3 Device 1002:73DF Subsystem: 1043:05CB
66    |Warning: [i2c_smbus_linux] Failed to read i2c device PCI device ID
66    |Info:    [ResourceManager] Registering I2C interface: /dev/i2c-10 Device 0000:0000 Subsystem: 0000:0000
66    |Info:    [ResourceManager] Registering I2C interface: /dev/i2c-1 Device 1022:790B Subsystem: 1458:5001
66    |Info:    [ResourceManager] Registering I2C interface: /dev/i2c-8 Device 1002:73DF Subsystem: 1043:05CB
66    |Info:    [ResourceManager] Registering I2C interface: /dev/i2c-6 Device 1002:73DF Subsystem: 1043:05CB
66    |Info:    [ResourceManager] Registering I2C interface: /dev/i2c-4 Device 1002:73DF Subsystem: 1043:05CB
66    |Warning: [i2c_smbus_linux] Failed to read i2c device PCI device ID
67    |Info:    [ResourceManager] Registering I2C interface: /dev/i2c-11 Device 0000:0000 Subsystem: 0000:0000
67    |Info:    [ResourceManager] Registering I2C interface: /dev/i2c-2 Device 1022:790B Subsystem: 1458:5001
67    |Info:    [ResourceManager] Registering I2C interface: /dev/i2c-0 Device 1022:790B Subsystem: 1458:5001
67    |Warning: [i2c_smbus_linux] Failed to read i2c device PCI device ID
67    |Info:    [ResourceManager] Registering I2C interface: /dev/i2c-9 Device 0000:0000 Subsystem: 0000:0000
67    |Info:    [ResourceManager] Registering I2C interface: /dev/i2c-7 Device 1002:73DF Subsystem: 1043:05CB
67    |Info:    [ResourceManager] Registering I2C interface: /dev/i2c-5 Device 1002:73DF Subsystem: 1043:05CB
67    |Info:    ------------------------------------------------------
67    |Info:    |               Detecting I2C devices                |
67    |Info:    ------------------------------------------------------
872   |Info:    [Corsair Dominator Platinum] Registering RGB controller
885   |Info:    [Corsair Dominator Platinum] Registering RGB controller
897   |Info:    [Corsair Dominator Platinum] Registering RGB controller
909   |Info:    [Corsair Dominator Platinum] Registering RGB controller
1045  |Info:    ------------------------------------------------------
1045  |Info:    |            Detecting I2C DIMM modules              |
1045  |Info:    ------------------------------------------------------
1099  |Info:    [ResourceManager] Detected occupied slot 2, bus 7, type Key: Number Pad 2
1870  |Info:    [ResourceManager] Detected occupied slot 1, bus 8, type DDR4
3154  |Info:    [ResourceManager] Detected occupied slot 2, bus 8, type DDR4
4949  |Info:    [ResourceManager] Detected occupied slot 3, bus 8, type DDR4
7249  |Info:    [ResourceManager] Detected occupied slot 4, bus 8, type DDR4
7856  |Info:    ------------------------------------------------------
7856  |Info:    |               Detecting I2C PCI devices            |
7856  |Info:    ------------------------------------------------------
7857  |Info:    ------------------------------------------------------
7857  |Info:    |               Detecting HID devices                |
7857  |Info:    ------------------------------------------------------
7909  |Info:    [Zalman Z Sync] Registering RGB controller
7962  |Info:    [KLM] Created new Tenkeyless ANSI QWERTY with 6 rows and 17 columns containing 87 keys
7962  |Info:    [Red Square Keyrox TKL Classic] Registering RGB controller
7962  |Info:    ------------------------------------------------------
7962  |Info:    |            Detecting libusb HID devices            |
7962  |Info:    ------------------------------------------------------
8020  |Info:    ------------------------------------------------------
8020  |Info:    |              Detecting other devices               |
8020  |Info:    ------------------------------------------------------
8035  |Info:    [ResourceManager] Calling Post-detection callbacks
8035  |Info:    ------------------------------------------------------
8035  |Info:    |                Detection completed                 |
8035  |Info:    ------------------------------------------------------
8070  |Info:    [Blade Pro (late 2019)] Registering RGB controller
8083  |Info:    [b450mds3h] Registering RGB controller
