    OpenRGB v0.9+ (1.0rc2)
    Commit:  from 
    Launched: 20251024_151328
====================================================================================================

53    |Info:    [ResourceManager] Initializing HID interfaces: Success
53    |Info:    ------------------------------------------------------
53    |Info:    |               Start device detection               |
53    |Info:    ------------------------------------------------------
64    |Info:    ------------------------------------------------------
64    |Info:    |             Detecting I2C interfaces               |
64    |Info:    ------------------------------------------------------
64    |Info:    [ResourceManager] Registering I2C interface: /dev/i2c-3 Device 1002:73DF Subsystem: 1043:05CB
64    |Info:    [ResourceManager] Registering I2C interface: /dev/i2c-1 Device 1002:73DF Subsystem: 1043:05CB
64    |Warning: [i2c_smbus_linux] Failed to read i2c device PCI device ID
64    |Info:    [ResourceManager] Registering I2C interface: /dev/i2c-8 Device 0000:0000 Subsystem: 0000:0000
64    |Warning: [i2c_smbus_linux] Failed to read i2c device PCI device ID
64    |Info:    [ResourceManager] Registering I2C interface: /dev/i2c-6 Device 0000:0000 Subsystem: 0000:0000
64    |Info:    [ResourceManager] Registering I2C interface: /dev/i2c-4 Device 1002:73DF Subsystem: 1043:05CB
64    |Info:    [ResourceManager] Registering I2C interface: /dev/i2c-2 Device 1002:73DF Subsystem: 1043:05CB
64    |Info:    [ResourceManager] Registering I2C interface: /dev/i2c-0 Device 1002:73DF Subsystem: 1043:05CB
64    |Warning: [i2c_smbus_linux] Failed to read i2c device PCI device ID
64    |Info:    [ResourceManager] Registering I2C interface: /dev/i2c-7 Device 0000:0000 Subsystem: 0000:0000
64    |Info:    [ResourceManager] Registering I2C interface: /dev/i2c-5 Device 1002:73DF Subsystem: 1043:05CB
64    |Info:    ------------------------------------------------------
64    |Info:    |               Detecting I2C devices                |
64    |Info:    ------------------------------------------------------
85    |Info:    ------------------------------------------------------
85    |Info:    |            Detecting I2C DIMM modules              |
85    |Info:    ------------------------------------------------------
85    |Info:    ------------------------------------------------------
85    |Info:    |               Detecting I2C PCI devices            |
85    |Info:    ------------------------------------------------------
87    |Info:    ------------------------------------------------------
87    |Info:    |               Detecting HID devices                |
87    |Info:    ------------------------------------------------------
140   |Info:    [Zalman Z Sync] Registering RGB controller
193   |Info:    [KLM] Created new Tenkeyless ANSI QWERTY with 6 rows and 17 columns containing 87 keys
193   |Info:    [Red Square Keyrox TKL Classic] Registering RGB controller
193   |Info:    ------------------------------------------------------
193   |Info:    |            Detecting libusb HID devices            |
193   |Info:    ------------------------------------------------------
250   |Info:    ------------------------------------------------------
251   |Info:    |              Detecting other devices               |
251   |Info:    ------------------------------------------------------
266   |Info:    [ResourceManager] Calling Post-detection callbacks
266   |Info:    ------------------------------------------------------
266   |Info:    |                Detection completed                 |
266   |Info:    ------------------------------------------------------
2372  |Info:    [Blade Pro (late 2019)] Registering RGB controller
2381  |Info:    [Blade Pro (late 2019)] Unregistering RGB controller
