    OpenRGB v0.9+ (1.0rc1)
    Commit:  from 
    Launched: 20250826_214900
====================================================================================================

57    |Info:    [ResourceManager] Initializing HID interfaces: Success
57    |Info:    ------------------------------------------------------
57    |Info:    |               Start device detection               |
57    |Info:    ------------------------------------------------------
63    |Info:    ------------------------------------------------------
63    |Info:    |             Detecting I2C interfaces               |
63    |Info:    ------------------------------------------------------
64    |Info:    [ResourceManager] Registering I2C interface: /dev/i2c-3 Device 10DE:1E90 Subsystem: 1A58:3001
64    |Info:    [ResourceManager] Registering I2C interface: /dev/i2c-10 Device 8086:3E9B Subsystem: 1A58:3001
64    |Info:    [ResourceManager] Registering I2C interface: /dev/i2c-1 Device 10DE:1E90 Subsystem: 1A58:3001
64    |Info:    [ResourceManager] Registering I2C interface: /dev/i2c-8 Device 8086:A323 Subsystem: 1A58:3001
65    |Info:    [ResourceManager] Registering I2C interface: /dev/i2c-6 Device 10DE:1E90 Subsystem: 1A58:3001
65    |Warning: [i2c_smbus_linux] Failed to read i2c device PCI device ID
65    |Info:    [ResourceManager] Registering I2C interface: /dev/i2c-13 Device 0000:0000 Subsystem: 0000:0000
65    |Info:    [ResourceManager] Registering I2C interface: /dev/i2c-4 Device 10DE:1E90 Subsystem: 1A58:3001
65    |Info:    [ResourceManager] Registering I2C interface: /dev/i2c-11 Device 8086:3E9B Subsystem: 1A58:3001
65    |Info:    [ResourceManager] Registering I2C interface: /dev/i2c-2 Device 10DE:1E90 Subsystem: 1A58:3001
65    |Info:    [ResourceManager] Registering I2C interface: /dev/i2c-0 Device 0000:0000 Subsystem: 0000:0000
66    |Info:    [ResourceManager] Registering I2C interface: /dev/i2c-9 Device 8086:3E9B Subsystem: 1A58:3001
66    |Info:    [ResourceManager] Registering I2C interface: /dev/i2c-7 Device 10DE:1AD9 Subsystem: 1A58:3001
66    |Info:    [ResourceManager] Registering I2C interface: /dev/i2c-ELAN0406:00 Device 0000:0000 Subsystem: 0000:0000
66    |Info:    [ResourceManager] Registering I2C interface: /dev/i2c-5 Device 10DE:1E90 Subsystem: 1A58:3001
66    |Info:    [ResourceManager] Registering I2C interface: /dev/i2c-12 Device 8086:3E9B Subsystem: 1A58:3001
66    |Info:    ------------------------------------------------------
66    |Info:    |               Detecting I2C devices                |
66    |Info:    ------------------------------------------------------
412   |Info:    ------------------------------------------------------
412   |Info:    |            Detecting I2C DIMM modules              |
412   |Info:    ------------------------------------------------------
435   |Info:    [ResourceManager] Detected occupied slot 3, bus 3, type DDR4
459   |Info:    ------------------------------------------------------
459   |Info:    |               Detecting I2C PCI devices            |
459   |Info:    ------------------------------------------------------
465   |Info:    ------------------------------------------------------
465   |Info:    |               Detecting HID devices                |
465   |Info:    ------------------------------------------------------
488   |Info:    [Razer Blade Pro (Late 2019)] Registering RGB controller
489   |Info:    ------------------------------------------------------
489   |Info:    |            Detecting libusb HID devices            |
489   |Info:    ------------------------------------------------------
507   |Info:    ------------------------------------------------------
507   |Info:    |              Detecting other devices               |
507   |Info:    ------------------------------------------------------
539   |Info:    [ResourceManager] Calling Post-detection callbacks
539   |Info:    ------------------------------------------------------
539   |Info:    |                Detection completed                 |
539   |Info:    ------------------------------------------------------
539   |Dialog:  <h2>Some internal devices may not be detected:</h2><p>One or more I2C or SMBus interfaces failed to initialize.</p><p><b>RGB DRAM modules, some motherboards' onboard RGB lighting, and RGB Graphics Cards, will not be available in OpenRGB</b> without I2C or SMBus.</p><h4>How to fix this:</h4><p>On Linux, this is usually because the i2c-dev module is not loaded.</p><p>You must load the i2c-dev module along with the correct i2c driver for your motherboard. This is usually i2c-piix4 for AMD systems and i2c-i801 for Intel systems.</p><p>See <a href='https://help.openrgb.org/'>help.openrgb.org</a> for additional troubleshooting steps if you keep seeing this message.<br></p><h3>If you are not using internal RGB on a desktop this message is not important to you.</h3>
545   |Warning: [PluginManager] Plugin /home/andrel/.config/OpenRGB/plugins/OpenRGBVisualMapPlugin_0.9_Bookworm_64_bbf30c4.so has an incompatible API version
545   |Warning: [PluginManager] Plugin /home/andrel/.config/OpenRGB/plugins/OpenRGBVisualMapPlugin_0.9_Bookworm_64_bbf30c4.so cannot be unloaded
572   |Warning: [PluginManager] Plugin /home/andrel/.config/OpenRGB/plugins/OpenRGBEffectsPlugin_0.9_Bookworm_64_f1411e1.so has an incompatible API version
572   |Warning: [PluginManager] Plugin /home/andrel/.config/OpenRGB/plugins/OpenRGBEffectsPlugin_0.9_Bookworm_64_f1411e1.so cannot be unloaded
