    OpenRGB v0.9+ (1.0rc1)
    Commit:  from 
    Launched: 20250922_123415
====================================================================================================

58    |Info:    [ResourceManager] Initializing HID interfaces: Success
58    |Info:    ------------------------------------------------------
58    |Info:    |               Start device detection               |
58    |Info:    ------------------------------------------------------
65    |Info:    ------------------------------------------------------
65    |Info:    |             Detecting I2C interfaces               |
65    |Info:    ------------------------------------------------------
81    |Info:    [ResourceManager] Registering I2C interface: /dev/i2c-3 Device 8086:3E9B Subsystem: 1A58:3001
82    |Info:    [ResourceManager] Registering I2C interface: /dev/i2c-10 Device 10DE:1E90 Subsystem: 1A58:3001
82    |Info:    [ResourceManager] Registering I2C interface: /dev/i2c-1 Device 8086:3E9B Subsystem: 1A58:3001
82    |Info:    [ResourceManager] Registering I2C interface: /dev/i2c-8 Device 10DE:1E90 Subsystem: 1A58:3001
82    |Info:    [ResourceManager] Registering I2C interface: /dev/i2c-6 Device 10DE:1E90 Subsystem: 1A58:3001
82    |Info:    [ResourceManager] Registering I2C interface: /dev/i2c-13 Device 8086:A323 Subsystem: 1A58:3001
82    |Info:    [ResourceManager] Registering I2C interface: /dev/i2c-4 Device 8086:3E9B Subsystem: 1A58:3001
83    |Info:    [ResourceManager] Registering I2C interface: /dev/i2c-11 Device 10DE:1E90 Subsystem: 1A58:3001
83    |Info:    [ResourceManager] Registering I2C interface: /dev/i2c-2 Device 8086:3E9B Subsystem: 1A58:3001
83    |Info:    [ResourceManager] Registering I2C interface: /dev/i2c-0 Device 0000:0000 Subsystem: 0000:0000
83    |Info:    [ResourceManager] Registering I2C interface: /dev/i2c-9 Device 10DE:1E90 Subsystem: 1A58:3001
83    |Info:    [ResourceManager] Registering I2C interface: /dev/i2c-7 Device 10DE:1E90 Subsystem: 1A58:3001
83    |Info:    [ResourceManager] Registering I2C interface: /dev/i2c-ELAN0406:00 Device 0000:0000 Subsystem: 0000:0000
84    |Warning: [i2c_smbus_linux] Failed to read i2c device PCI device ID
84    |Info:    [ResourceManager] Registering I2C interface: /dev/i2c-5 Device 0000:0000 Subsystem: 0000:0000
84    |Info:    [ResourceManager] Registering I2C interface: /dev/i2c-12 Device 10DE:1AD9 Subsystem: 1A58:3001
84    |Info:    ------------------------------------------------------
84    |Info:    |               Detecting I2C devices                |
84    |Info:    ------------------------------------------------------
407   |Info:    ------------------------------------------------------
407   |Info:    |            Detecting I2C DIMM modules              |
407   |Info:    ------------------------------------------------------
430   |Info:    [ResourceManager] Detected occupied slot 3, bus 5, type DDR4
450   |Info:    ------------------------------------------------------
450   |Info:    |               Detecting I2C PCI devices            |
450   |Info:    ------------------------------------------------------
455   |Info:    ------------------------------------------------------
455   |Info:    |               Detecting HID devices                |
455   |Info:    ------------------------------------------------------
478   |Info:    [Razer Blade Pro (Late 2019)] Registering RGB controller
478   |Info:    ------------------------------------------------------
478   |Info:    |            Detecting libusb HID devices            |
478   |Info:    ------------------------------------------------------
496   |Info:    ------------------------------------------------------
496   |Info:    |              Detecting other devices               |
496   |Info:    ------------------------------------------------------
529   |Info:    [ResourceManager] Calling Post-detection callbacks
529   |Info:    ------------------------------------------------------
529   |Info:    |                Detection completed                 |
529   |Info:    ------------------------------------------------------
529   |Dialog:  <h2>Some internal devices may not be detected:</h2><p>One or more I2C or SMBus interfaces failed to initialize.</p><p><b>RGB DRAM modules, some motherboards' onboard RGB lighting, and RGB Graphics Cards, will not be available in OpenRGB</b> without I2C or SMBus.</p><h4>How to fix this:</h4><p>On Linux, this is usually because the i2c-dev module is not loaded.</p><p>You must load the i2c-dev module along with the correct i2c driver for your motherboard. This is usually i2c-piix4 for AMD systems and i2c-i801 for Intel systems.</p><p>See <a href='https://help.openrgb.org/'>help.openrgb.org</a> for additional troubleshooting steps if you keep seeing this message.<br></p><h3>If you are not using internal RGB on a desktop this message is not important to you.</h3>
648   |Info:    [Blade Pro (late 2019)] Registering RGB controller
12095559|Info:    [Blade Pro (late 2019)] Unregistering RGB controller
12095561|Info:    [ResourceManager] Initializing HID interfaces: Success
12095561|Warning: [ResourceManager] Detection coroutine: assigned a new coroutine when one was already scheduled - probably two rescan events sent at once
12095561|Info:    ------------------------------------------------------
12095561|Info:    |               Start device detection               |
12095561|Info:    ------------------------------------------------------
12095571|Info:    ------------------------------------------------------
12095571|Info:    |             Detecting I2C interfaces               |
12095571|Info:    ------------------------------------------------------
12095571|Info:    [ResourceManager] Registering I2C interface: /dev/i2c-3 Device 8086:3E9B Subsystem: 1A58:3001
12095571|Info:    [ResourceManager] Registering I2C interface: /dev/i2c-10 Device 10DE:1E90 Subsystem: 1A58:3001
12095571|Info:    [ResourceManager] Registering I2C interface: /dev/i2c-1 Device 8086:3E9B Subsystem: 1A58:3001
12095571|Info:    [ResourceManager] Registering I2C interface: /dev/i2c-8 Device 10DE:1E90 Subsystem: 1A58:3001
12095571|Info:    [ResourceManager] Registering I2C interface: /dev/i2c-6 Device 10DE:1E90 Subsystem: 1A58:3001
12095571|Info:    [ResourceManager] Registering I2C interface: /dev/i2c-13 Device 8086:A323 Subsystem: 1A58:3001
12095571|Info:    [ResourceManager] Registering I2C interface: /dev/i2c-4 Device 8086:3E9B Subsystem: 1A58:3001
12095571|Info:    [ResourceManager] Registering I2C interface: /dev/i2c-11 Device 10DE:1E90 Subsystem: 1A58:3001
12095571|Info:    [ResourceManager] Registering I2C interface: /dev/i2c-2 Device 8086:3E9B Subsystem: 1A58:3001
12095571|Info:    [ResourceManager] Registering I2C interface: /dev/i2c-0 Device 0000:0000 Subsystem: 0000:0000
12095571|Info:    [ResourceManager] Registering I2C interface: /dev/i2c-9 Device 10DE:1E90 Subsystem: 1A58:3001
12095572|Info:    [ResourceManager] Registering I2C interface: /dev/i2c-7 Device 10DE:1E90 Subsystem: 1A58:3001
12095572|Info:    [ResourceManager] Registering I2C interface: /dev/i2c-ELAN0406:00 Device 0000:0000 Subsystem: 0000:0000
12095572|Warning: [i2c_smbus_linux] Failed to read i2c device PCI device ID
12095572|Info:    [ResourceManager] Registering I2C interface: /dev/i2c-5 Device 0000:0000 Subsystem: 0000:0000
12095572|Info:    [ResourceManager] Registering I2C interface: /dev/i2c-12 Device 10DE:1AD9 Subsystem: 1A58:3001
12095572|Info:    ------------------------------------------------------
12095572|Info:    |               Detecting I2C devices                |
12095572|Info:    ------------------------------------------------------
12095904|Info:    ------------------------------------------------------
12095904|Info:    |            Detecting I2C DIMM modules              |
12095904|Info:    ------------------------------------------------------
12095928|Info:    [ResourceManager] Detected occupied slot 3, bus 5, type DDR4
12095950|Info:    ------------------------------------------------------
12095950|Info:    |               Detecting I2C PCI devices            |
12095950|Info:    ------------------------------------------------------
12095952|Info:    ------------------------------------------------------
12095952|Info:    |               Detecting HID devices                |
12095952|Info:    ------------------------------------------------------
12096003|Info:    [KLM] Created new Tenkeyless ANSI QWERTY with 6 rows and 17 columns containing 87 keys
12096003|Info:    [Red Square Keyrox TKL Classic] Registering RGB controller
12096027|Info:    [Razer Blade Pro (Late 2019)] Registering RGB controller
12096027|Info:    ------------------------------------------------------
12096027|Info:    |            Detecting libusb HID devices            |
12096027|Info:    ------------------------------------------------------
12096032|Info:    ------------------------------------------------------
12096032|Info:    |              Detecting other devices               |
12096032|Info:    ------------------------------------------------------
12096033|Info:    [ResourceManager] Calling Post-detection callbacks
12096033|Info:    ------------------------------------------------------
12096033|Info:    |                Detection completed                 |
12096033|Info:    ------------------------------------------------------
12096033|Dialog:  <h2>Some internal devices may not be detected:</h2><p>One or more I2C or SMBus interfaces failed to initialize.</p><p><b>RGB DRAM modules, some motherboards' onboard RGB lighting, and RGB Graphics Cards, will not be available in OpenRGB</b> without I2C or SMBus.</p><h4>How to fix this:</h4><p>On Linux, this is usually because the i2c-dev module is not loaded.</p><p>You must load the i2c-dev module along with the correct i2c driver for your motherboard. This is usually i2c-piix4 for AMD systems and i2c-i801 for Intel systems.</p><p>See <a href='https://help.openrgb.org/'>help.openrgb.org</a> for additional troubleshooting steps if you keep seeing this message.<br></p><h3>If you are not using internal RGB on a desktop this message is not important to you.</h3>
12096074|Info:    [Blade Pro (late 2019)] Registering RGB controller
12134910|Info:    [Blade Pro (late 2019)] Unregistering RGB controller
12135574|Info:    [Blade Pro (late 2019)] Registering RGB controller
