    OpenRGB v0.9+ (1.0rc2)
    Commit:  from 
    Launched: 20251113_155737
====================================================================================================

53    |Info:    [ResourceManager] Initializing HID interfaces: Success
53    |Info:    ------------------------------------------------------
53    |Info:    |               Start device detection               |
53    |Info:    ------------------------------------------------------
63    |Info:    ------------------------------------------------------
63    |Info:    |             Detecting I2C interfaces               |
63    |Info:    ------------------------------------------------------
63    |Info:    [ResourceManager] Registering I2C interface: /dev/i2c-3 Device 1002:73DF Subsystem: 1043:05CB
63    |Warning: [i2c_smbus_linux] Failed to read i2c device PCI device ID
63    |Info:    [ResourceManager] Registering I2C interface: /dev/i2c-10 Device 0000:0000 Subsystem: 0000:0000
63    |Info:    [ResourceManager] Registering I2C interface: /dev/i2c-1 Device 1022:790B Subsystem: 1458:5001
63    |Info:    [ResourceManager] Registering I2C interface: /dev/i2c-8 Device 1002:73DF Subsystem: 1043:05CB
63    |Info:    [ResourceManager] Registering I2C interface: /dev/i2c-6 Device 1002:73DF Subsystem: 1043:05CB
63    |Info:    [ResourceManager] Registering I2C interface: /dev/i2c-4 Device 1002:73DF Subsystem: 1043:05CB
63    |Warning: [i2c_smbus_linux] Failed to read i2c device PCI device ID
64    |Info:    [ResourceManager] Registering I2C interface: /dev/i2c-11 Device 0000:0000 Subsystem: 0000:0000
64    |Info:    [ResourceManager] Registering I2C interface: /dev/i2c-2 Device 1022:790B Subsystem: 1458:5001
64    |Info:    [ResourceManager] Registering I2C interface: /dev/i2c-0 Device 1022:790B Subsystem: 1458:5001
64    |Warning: [i2c_smbus_linux] Failed to read i2c device PCI device ID
64    |Info:    [ResourceManager] Registering I2C interface: /dev/i2c-9 Device 0000:0000 Subsystem: 0000:0000
64    |Info:    [ResourceManager] Registering I2C interface: /dev/i2c-7 Device 1002:73DF Subsystem: 1043:05CB
64    |Info:    [ResourceManager] Registering I2C interface: /dev/i2c-5 Device 1002:73DF Subsystem: 1043:05CB
64    |Info:    ------------------------------------------------------
64    |Info:    |               Detecting I2C devices                |
64    |Info:    ------------------------------------------------------
870   |Info:    [Corsair Dominator Platinum] Registering RGB controller
882   |Info:    [Corsair Dominator Platinum] Registering RGB controller
894   |Info:    [Corsair Dominator Platinum] Registering RGB controller
906   |Info:    [Corsair Dominator Platinum] Registering RGB controller
1043  |Info:    ------------------------------------------------------
1043  |Info:    |            Detecting I2C DIMM modules              |
1043  |Info:    ------------------------------------------------------
1097  |Info:    [ResourceManager] Detected occupied slot 2, bus 7, type óúUH‰åSHƒì(H‹VdH‹%(
1867  |Info:    [ResourceManager] Detected occupied slot 1, bus 8, type DDR4
3150  |Info:    [ResourceManager] Detected occupied slot 2, bus 8, type DDR4
4940  |Info:    [ResourceManager] Detected occupied slot 3, bus 8, type DDR4
7250  |Info:    [ResourceManager] Detected occupied slot 4, bus 8, type DDR4
7856  |Info:    ------------------------------------------------------
7856  |Info:    |               Detecting I2C PCI devices            |
7856  |Info:    ------------------------------------------------------
7858  |Info:    ------------------------------------------------------
7858  |Info:    |               Detecting HID devices                |
7858  |Info:    ------------------------------------------------------
7911  |Info:    [Zalman Z Sync] Registering RGB controller
7964  |Info:    [KLM] Created new Tenkeyless ANSI QWERTY with 6 rows and 17 columns containing 87 keys
7964  |Info:    [Red Square Keyrox TKL Classic] Registering RGB controller
7964  |Info:    ------------------------------------------------------
7964  |Info:    |            Detecting libusb HID devices            |
7964  |Info:    ------------------------------------------------------
8027  |Info:    ------------------------------------------------------
8027  |Info:    |              Detecting other devices               |
8027  |Info:    ------------------------------------------------------
8042  |Info:    [ResourceManager] Calling Post-detection callbacks
8042  |Info:    ------------------------------------------------------
8042  |Info:    |                Detection completed                 |
8042  |Info:    ------------------------------------------------------
8076  |Info:    [Blade Pro (late 2019)] Registering RGB controller
8088  |Info:    [b450mds3h] Registering RGB controller
