    OpenRGB v0.9+ (1.0rc2)
    Commit:  from 
    Launched: 20251110_192503
====================================================================================================

53    |Info:    [ResourceManager] Initializing HID interfaces: Success
53    |Info:    ------------------------------------------------------
53    |Info:    |               Start device detection               |
53    |Info:    ------------------------------------------------------
64    |Info:    ------------------------------------------------------
64    |Info:    |             Detecting I2C interfaces               |
64    |Info:    ------------------------------------------------------
64    |Info:    [ResourceManager] Registering I2C interface: /dev/i2c-3 Device 1002:73DF Subsystem: 1043:05CB
64    |Warning: [i2c_smbus_linux] Failed to read i2c device PCI device ID
64    |Info:    [ResourceManager] Registering I2C interface: /dev/i2c-10 Device 0000:0000 Subsystem: 0000:0000
64    |Info:    [ResourceManager] Registering I2C interface: /dev/i2c-1 Device 1022:790B Subsystem: 1458:5001
64    |Info:    [ResourceManager] Registering I2C interface: /dev/i2c-8 Device 1002:73DF Subsystem: 1043:05CB
64    |Info:    [ResourceManager] Registering I2C interface: /dev/i2c-6 Device 1002:73DF Subsystem: 1043:05CB
64    |Info:    [ResourceManager] Registering I2C interface: /dev/i2c-4 Device 1002:73DF Subsystem: 1043:05CB
64    |Warning: [i2c_smbus_linux] Failed to read i2c device PCI device ID
64    |Info:    [ResourceManager] Registering I2C interface: /dev/i2c-11 Device 0000:0000 Subsystem: 0000:0000
64    |Info:    [ResourceManager] Registering I2C interface: /dev/i2c-2 Device 1022:790B Subsystem: 1458:5001
64    |Info:    [ResourceManager] Registering I2C interface: /dev/i2c-0 Device 1022:790B Subsystem: 1458:5001
64    |Warning: [i2c_smbus_linux] Failed to read i2c device PCI device ID
64    |Info:    [ResourceManager] Registering I2C interface: /dev/i2c-9 Device 0000:0000 Subsystem: 0000:0000
65    |Info:    [ResourceManager] Registering I2C interface: /dev/i2c-7 Device 1002:73DF Subsystem: 1043:05CB
65    |Info:    [ResourceManager] Registering I2C interface: /dev/i2c-5 Device 1002:73DF Subsystem: 1043:05CB
65    |Info:    ------------------------------------------------------
65    |Info:    |               Detecting I2C devices                |
65    |Info:    ------------------------------------------------------
868   |Info:    [Corsair Dominator Platinum] Registering RGB controller
881   |Info:    [Corsair Dominator Platinum] Registering RGB controller
893   |Info:    [Corsair Dominator Platinum] Registering RGB controller
904   |Info:    [Corsair Dominator Platinum] Registering RGB controller
1041  |Info:    ------------------------------------------------------
1041  |Info:    |            Detecting I2C DIMM modules              |
1041  |Info:    ------------------------------------------------------
1093  |Info:    [ResourceManager] Detected occupied slot 2, bus 7, type óúUHŤ§`
1859  |Info:    [ResourceManager] Detected occupied slot 1, bus 8, type DDR4
3142  |Info:    [ResourceManager] Detected occupied slot 2, bus 8, type DDR4
4935  |Info:    [ResourceManager] Detected occupied slot 3, bus 8, type DDR4
7241  |Info:    [ResourceManager] Detected occupied slot 4, bus 8, type DDR4
7848  |Info:    ------------------------------------------------------
7848  |Info:    |               Detecting I2C PCI devices            |
7848  |Info:    ------------------------------------------------------
7849  |Info:    ------------------------------------------------------
7849  |Info:    |               Detecting HID devices                |
7849  |Info:    ------------------------------------------------------
7902  |Info:    [Zalman Z Sync] Registering RGB controller
7954  |Info:    [KLM] Created new Tenkeyless ANSI QWERTY with 6 rows and 17 columns containing 87 keys
7954  |Info:    [Red Square Keyrox TKL Classic] Registering RGB controller
7954  |Info:    ------------------------------------------------------
7954  |Info:    |            Detecting libusb HID devices            |
7954  |Info:    ------------------------------------------------------
8011  |Info:    ------------------------------------------------------
8011  |Info:    |              Detecting other devices               |
8011  |Info:    ------------------------------------------------------
8026  |Info:    [ResourceManager] Calling Post-detection callbacks
8026  |Info:    ------------------------------------------------------
8026  |Info:    |                Detection completed                 |
8026  |Info:    ------------------------------------------------------
8060  |Info:    [Blade Pro (late 2019)] Registering RGB controller
8072  |Info:    [b450mds3h] Registering RGB controller
