    OpenRGB v0.9+ (1.0rc2)
    Commit:  from 
    Launched: 20251111_120301
====================================================================================================

52    |Info:    [ResourceManager] Initializing HID interfaces: Success
52    |Info:    ------------------------------------------------------
53    |Info:    |               Start device detection               |
53    |Info:    ------------------------------------------------------
66    |Info:    ------------------------------------------------------
66    |Info:    |             Detecting I2C interfaces               |
66    |Info:    ------------------------------------------------------
66    |Info:    [ResourceManager] Registering I2C interface: /dev/i2c-3 Device 1002:73DF Subsystem: 1043:05CB
66    |Warning: [i2c_smbus_linux] Failed to read i2c device PCI device ID
66    |Info:    [ResourceManager] Registering I2C interface: /dev/i2c-10 Device 0000:0000 Subsystem: 0000:0000
66    |Info:    [ResourceManager] Registering I2C interface: /dev/i2c-1 Device 1022:790B Subsystem: 1458:5001
66    |Info:    [ResourceManager] Registering I2C interface: /dev/i2c-8 Device 1002:73DF Subsystem: 1043:05CB
66    |Info:    [ResourceManager] Registering I2C interface: /dev/i2c-6 Device 1002:73DF Subsystem: 1043:05CB
66    |Info:    [ResourceManager] Registering I2C interface: /dev/i2c-4 Device 1002:73DF Subsystem: 1043:05CB
66    |Warning: [i2c_smbus_linux] Failed to read i2c device PCI device ID
66    |Info:    [ResourceManager] Registering I2C interface: /dev/i2c-11 Device 0000:0000 Subsystem: 0000:0000
66    |Info:    [ResourceManager] Registering I2C interface: /dev/i2c-2 Device 1022:790B Subsystem: 1458:5001
66    |Info:    [ResourceManager] Registering I2C interface: /dev/i2c-0 Device 1022:790B Subsystem: 1458:5001
67    |Warning: [i2c_smbus_linux] Failed to read i2c device PCI device ID
67    |Info:    [ResourceManager] Registering I2C interface: /dev/i2c-9 Device 0000:0000 Subsystem: 0000:0000
67    |Info:    [ResourceManager] Registering I2C interface: /dev/i2c-7 Device 1002:73DF Subsystem: 1043:05CB
67    |Info:    [ResourceManager] Registering I2C interface: /dev/i2c-5 Device 1002:73DF Subsystem: 1043:05CB
67    |Info:    ------------------------------------------------------
67    |Info:    |               Detecting I2C devices                |
67    |Info:    ------------------------------------------------------
872   |Info:    [Corsair Dominator Platinum] Registering RGB controller
884   |Info:    [Corsair Dominator Platinum] Registering RGB controller
896   |Info:    [Corsair Dominator Platinum] Registering RGB controller
908   |Info:    [Corsair Dominator Platinum] Registering RGB controller
1045  |Info:    ------------------------------------------------------
1045  |Info:    |            Detecting I2C DIMM modules              |
1045  |Info:    ------------------------------------------------------
1098  |Info:    [ResourceManager] Detected occupied slot 2, bus 7, type Reserved
1900  |Info:    [ResourceManager] Detected occupied slot 1, bus 8, type DDR4
3182  |Info:    [ResourceManager] Detected occupied slot 2, bus 8, type DDR4
4971  |Info:    [ResourceManager] Detected occupied slot 3, bus 8, type DDR4
7283  |Info:    [ResourceManager] Detected occupied slot 4, bus 8, type DDR4
7890  |Info:    ------------------------------------------------------
7890  |Info:    |               Detecting I2C PCI devices            |
7890  |Info:    ------------------------------------------------------
7891  |Info:    ------------------------------------------------------
7891  |Info:    |               Detecting HID devices                |
7891  |Info:    ------------------------------------------------------
7944  |Info:    [Zalman Z Sync] Registering RGB controller
7995  |Info:    [KLM] Created new Tenkeyless ANSI QWERTY with 6 rows and 17 columns containing 87 keys
7995  |Info:    [Red Square Keyrox TKL Classic] Registering RGB controller
7996  |Info:    ------------------------------------------------------
7996  |Info:    |            Detecting libusb HID devices            |
7996  |Info:    ------------------------------------------------------
8053  |Info:    ------------------------------------------------------
8053  |Info:    |              Detecting other devices               |
8053  |Info:    ------------------------------------------------------
8068  |Info:    [ResourceManager] Calling Post-detection callbacks
8068  |Info:    ------------------------------------------------------
8068  |Info:    |                Detection completed                 |
8068  |Info:    ------------------------------------------------------
8099  |Info:    [Blade Pro (late 2019)] Registering RGB controller
8111  |Info:    [b450mds3h] Registering RGB controller
26304723|Info:    [Blade Pro (late 2019)] Unregistering RGB controller
26304723|Info:    [b450mds3h] Unregistering RGB controller
26305444|Info:    [ResourceManager] Initializing HID interfaces: Success
26305444|Info:    ------------------------------------------------------
26305444|Info:    |               Start device detection               |
26305444|Info:    ------------------------------------------------------
26305458|Info:    ------------------------------------------------------
26305458|Info:    |             Detecting I2C interfaces               |
26305458|Info:    ------------------------------------------------------
26305458|Info:    [ResourceManager] Registering I2C interface: /dev/i2c-3 Device 1002:73DF Subsystem: 1043:05CB
26305458|Warning: [i2c_smbus_linux] Failed to read i2c device PCI device ID
26305458|Info:    [ResourceManager] Registering I2C interface: /dev/i2c-10 Device 0000:0000 Subsystem: 0000:0000
26305458|Info:    [ResourceManager] Registering I2C interface: /dev/i2c-1 Device 1022:790B Subsystem: 1458:5001
26305458|Info:    [ResourceManager] Registering I2C interface: /dev/i2c-8 Device 1002:73DF Subsystem: 1043:05CB
26305459|Info:    [ResourceManager] Registering I2C interface: /dev/i2c-6 Device 1002:73DF Subsystem: 1043:05CB
26305459|Info:    [ResourceManager] Registering I2C interface: /dev/i2c-4 Device 1002:73DF Subsystem: 1043:05CB
26305459|Warning: [i2c_smbus_linux] Failed to read i2c device PCI device ID
26305459|Info:    [ResourceManager] Registering I2C interface: /dev/i2c-11 Device 0000:0000 Subsystem: 0000:0000
26305459|Info:    [ResourceManager] Registering I2C interface: /dev/i2c-2 Device 1022:790B Subsystem: 1458:5001
26305459|Info:    [ResourceManager] Registering I2C interface: /dev/i2c-0 Device 1022:790B Subsystem: 1458:5001
26305459|Warning: [i2c_smbus_linux] Failed to read i2c device PCI device ID
26305459|Info:    [ResourceManager] Registering I2C interface: /dev/i2c-9 Device 0000:0000 Subsystem: 0000:0000
26305459|Info:    [ResourceManager] Registering I2C interface: /dev/i2c-7 Device 1002:73DF Subsystem: 1043:05CB
26305459|Info:    [ResourceManager] Registering I2C interface: /dev/i2c-5 Device 1002:73DF Subsystem: 1043:05CB
26305459|Info:    ------------------------------------------------------
26305459|Info:    |               Detecting I2C devices                |
26305459|Info:    ------------------------------------------------------
26306271|Info:    [Corsair Dominator Platinum] Registering RGB controller
26306283|Info:    [Corsair Dominator Platinum] Registering RGB controller
26306295|Info:    [Corsair Dominator Platinum] Registering RGB controller
26306307|Info:    [Corsair Dominator Platinum] Registering RGB controller
26306444|Info:    ------------------------------------------------------
26306444|Info:    |            Detecting I2C DIMM modules              |
26306444|Info:    ------------------------------------------------------
26306497|Info:    [ResourceManager] Detected occupied slot 2, bus 7, type Reserved
26307293|Info:    [ResourceManager] Detected occupied slot 1, bus 8, type DDR4
26308573|Info:    [ResourceManager] Detected occupied slot 2, bus 8, type DDR4
26310364|Info:    [ResourceManager] Detected occupied slot 3, bus 8, type DDR4
26312670|Info:    [ResourceManager] Detected occupied slot 4, bus 8, type DDR4
26313279|Info:    ------------------------------------------------------
26313279|Info:    |               Detecting I2C PCI devices            |
26313279|Info:    ------------------------------------------------------
26313281|Info:    ------------------------------------------------------
26313282|Info:    |               Detecting HID devices                |
26313282|Info:    ------------------------------------------------------
26313334|Info:    [Zalman Z Sync] Registering RGB controller
26313385|Info:    [KLM] Created new Tenkeyless ANSI QWERTY with 6 rows and 17 columns containing 87 keys
26313385|Info:    [Red Square Keyrox TKL Classic] Registering RGB controller
26313385|Info:    ------------------------------------------------------
26313386|Info:    |            Detecting libusb HID devices            |
26313386|Info:    ------------------------------------------------------
26313438|Info:    ------------------------------------------------------
26313438|Info:    |              Detecting other devices               |
26313438|Info:    ------------------------------------------------------
26313448|Info:    [ResourceManager] Calling Post-detection callbacks
26313448|Info:    ------------------------------------------------------
26313448|Info:    |                Detection completed                 |
26313448|Info:    ------------------------------------------------------
26313454|Info:    [Blade Pro (late 2019)] Registering RGB controller
26313455|Info:    [b450mds3h] Registering RGB controller
82120266|Info:    [Blade Pro (late 2019)] Unregistering RGB controller
82120267|Info:    [b450mds3h] Unregistering RGB controller
