    OpenRGB v0.9+ (1.0rc1)
    Commit:  from 
    Launched: 20250911_101006
====================================================================================================

61    |Info:    [ResourceManager] Initializing HID interfaces: Success
61    |Info:    ------------------------------------------------------
61    |Info:    |               Start device detection               |
61    |Info:    ------------------------------------------------------
68    |Info:    ------------------------------------------------------
68    |Info:    |             Detecting I2C interfaces               |
68    |Info:    ------------------------------------------------------
182   |Info:    [ResourceManager] Registering I2C interface: /dev/i2c-3 Device 8086:3E9B Subsystem: 1A58:3001
183   |Info:    [ResourceManager] Registering I2C interface: /dev/i2c-10 Device 10DE:1E90 Subsystem: 1A58:3001
183   |Info:    [ResourceManager] Registering I2C interface: /dev/i2c-1 Device 8086:3E9B Subsystem: 1A58:3001
183   |Info:    [ResourceManager] Registering I2C interface: /dev/i2c-8 Device 10DE:1E90 Subsystem: 1A58:3001
183   |Info:    [ResourceManager] Registering I2C interface: /dev/i2c-6 Device 10DE:1E90 Subsystem: 1A58:3001
183   |Info:    [ResourceManager] Registering I2C interface: /dev/i2c-13 Device 8086:A323 Subsystem: 1A58:3001
183   |Info:    [ResourceManager] Registering I2C interface: /dev/i2c-4 Device 8086:3E9B Subsystem: 1A58:3001
184   |Warning: [i2c_smbus_linux] Failed to read i2c device PCI device ID
184   |Info:    [ResourceManager] Registering I2C interface: /dev/i2c-11 Device 0000:0000 Subsystem: 0000:0000
184   |Info:    [ResourceManager] Registering I2C interface: /dev/i2c-2 Device 8086:3E9B Subsystem: 1A58:3001
184   |Info:    [ResourceManager] Registering I2C interface: /dev/i2c-0 Device 0000:0000 Subsystem: 0000:0000
184   |Info:    [ResourceManager] Registering I2C interface: /dev/i2c-9 Device 10DE:1E90 Subsystem: 1A58:3001
184   |Info:    [ResourceManager] Registering I2C interface: /dev/i2c-7 Device 10DE:1E90 Subsystem: 1A58:3001
184   |Info:    [ResourceManager] Registering I2C interface: /dev/i2c-ELAN0406:00 Device 0000:0000 Subsystem: 0000:0000
184   |Info:    [ResourceManager] Registering I2C interface: /dev/i2c-5 Device 10DE:1E90 Subsystem: 1A58:3001
185   |Info:    [ResourceManager] Registering I2C interface: /dev/i2c-12 Device 10DE:1AD9 Subsystem: 1A58:3001
185   |Info:    ------------------------------------------------------
185   |Info:    |               Detecting I2C devices                |
185   |Info:    ------------------------------------------------------
699   |Info:    ------------------------------------------------------
699   |Info:    |            Detecting I2C DIMM modules              |
699   |Info:    ------------------------------------------------------
730   |Info:    [ResourceManager] Detected occupied slot 3, bus 5, type DDR4
751   |Info:    ------------------------------------------------------
751   |Info:    |               Detecting I2C PCI devices            |
751   |Info:    ------------------------------------------------------
756   |Info:    ------------------------------------------------------
756   |Info:    |               Detecting HID devices                |
756   |Info:    ------------------------------------------------------
780   |Info:    [Razer Blade Pro (Late 2019)] Registering RGB controller
780   |Info:    ------------------------------------------------------
780   |Info:    |            Detecting libusb HID devices            |
780   |Info:    ------------------------------------------------------
797   |Info:    ------------------------------------------------------
797   |Info:    |              Detecting other devices               |
797   |Info:    ------------------------------------------------------
811   |Info:    [ResourceManager] Calling Post-detection callbacks
811   |Info:    ------------------------------------------------------
811   |Info:    |                Detection completed                 |
811   |Info:    ------------------------------------------------------
811   |Dialog:  <h2>Some internal devices may not be detected:</h2><p>One or more I2C or SMBus interfaces failed to initialize.</p><p><b>RGB DRAM modules, some motherboards' onboard RGB lighting, and RGB Graphics Cards, will not be available in OpenRGB</b> without I2C or SMBus.</p><h4>How to fix this:</h4><p>On Linux, this is usually because the i2c-dev module is not loaded.</p><p>You must load the i2c-dev module along with the correct i2c driver for your motherboard. This is usually i2c-piix4 for AMD systems and i2c-i801 for Intel systems.</p><p>See <a href='https://help.openrgb.org/'>help.openrgb.org</a> for additional troubleshooting steps if you keep seeing this message.<br></p><h3>If you are not using internal RGB on a desktop this message is not important to you.</h3>
1280  |Warning: [PluginManager] Plugin /home/andrel/.config/OpenRGB/plugins/OpenRGBVisualMapPlugin_0.9_Bookworm_64_bbf30c4.so has an incompatible API version
1280  |Warning: [PluginManager] Plugin /home/andrel/.config/OpenRGB/plugins/OpenRGBVisualMapPlugin_0.9_Bookworm_64_bbf30c4.so cannot be unloaded
1295  |Warning: [PluginManager] Plugin /home/andrel/.config/OpenRGB/plugins/OpenRGBEffectsPlugin_0.9_Bookworm_64_f1411e1.so has an incompatible API version
1295  |Warning: [PluginManager] Plugin /home/andrel/.config/OpenRGB/plugins/OpenRGBEffectsPlugin_0.9_Bookworm_64_f1411e1.so cannot be unloaded
