    OpenRGB v0.9+ (1.0rc2)
    Commit:  from 
    Launched: 20251114_120023
====================================================================================================

53    |Info:    [ResourceManager] Initializing HID interfaces: Success
53    |Info:    ------------------------------------------------------
53    |Info:    |               Start device detection               |
53    |Info:    ------------------------------------------------------
63    |Info:    ------------------------------------------------------
63    |Info:    |             Detecting I2C interfaces               |
63    |Info:    ------------------------------------------------------
63    |Info:    [ResourceManager] Registering I2C interface: /dev/i2c-3 Device 1002:73DF Subsystem: 1043:05CB
63    |Warning: [i2c_smbus_linux] Failed to read i2c device PCI device ID
63    |Info:    [ResourceManager] Registering I2C interface: /dev/i2c-10 Device 0000:0000 Subsystem: 0000:0000
63    |Info:    [ResourceManager] Registering I2C interface: /dev/i2c-1 Device 1022:790B Subsystem: 1458:5001
63    |Info:    [ResourceManager] Registering I2C interface: /dev/i2c-8 Device 1002:73DF Subsystem: 1043:05CB
63    |Info:    [ResourceManager] Registering I2C interface: /dev/i2c-6 Device 1002:73DF Subsystem: 1043:05CB
64    |Info:    [ResourceManager] Registering I2C interface: /dev/i2c-4 Device 1002:73DF Subsystem: 1043:05CB
64    |Warning: [i2c_smbus_linux] Failed to read i2c device PCI device ID
64    |Info:    [ResourceManager] Registering I2C interface: /dev/i2c-11 Device 0000:0000 Subsystem: 0000:0000
64    |Info:    [ResourceManager] Registering I2C interface: /dev/i2c-2 Device 1022:790B Subsystem: 1458:5001
64    |Info:    [ResourceManager] Registering I2C interface: /dev/i2c-0 Device 1022:790B Subsystem: 1458:5001
64    |Warning: [i2c_smbus_linux] Failed to read i2c device PCI device ID
64    |Info:    [ResourceManager] Registering I2C interface: /dev/i2c-9 Device 0000:0000 Subsystem: 0000:0000
64    |Info:    [ResourceManager] Registering I2C interface: /dev/i2c-7 Device 1002:73DF Subsystem: 1043:05CB
64    |Info:    [ResourceManager] Registering I2C interface: /dev/i2c-5 Device 1002:73DF Subsystem: 1043:05CB
64    |Info:    ------------------------------------------------------
64    |Info:    |               Detecting I2C devices                |
64    |Info:    ------------------------------------------------------
866   |Info:    [Corsair Dominator Platinum] Registering RGB controller
878   |Info:    [Corsair Dominator Platinum] Registering RGB controller
890   |Info:    [Corsair Dominator Platinum] Registering RGB controller
902   |Info:    [Corsair Dominator Platinum] Registering RGB controller
1039  |Info:    ------------------------------------------------------
1039  |Info:    |            Detecting I2C DIMM modules              |
1039  |Info:    ------------------------------------------------------
1092  |Info:    [ResourceManager] Detected occupied slot 2, bus 7, type Reserved
1891  |Info:    [ResourceManager] Detected occupied slot 1, bus 8, type DDR4
3168  |Info:    [ResourceManager] Detected occupied slot 2, bus 8, type DDR4
4962  |Info:    [ResourceManager] Detected occupied slot 3, bus 8, type DDR4
7271  |Info:    [ResourceManager] Detected occupied slot 4, bus 8, type DDR4
7877  |Info:    ------------------------------------------------------
7877  |Info:    |               Detecting I2C PCI devices            |
7877  |Info:    ------------------------------------------------------
7878  |Info:    ------------------------------------------------------
7878  |Info:    |               Detecting HID devices                |
7878  |Info:    ------------------------------------------------------
7931  |Info:    [Zalman Z Sync] Registering RGB controller
7983  |Info:    [KLM] Created new Tenkeyless ANSI QWERTY with 6 rows and 17 columns containing 87 keys
7983  |Info:    [Red Square Keyrox TKL Classic] Registering RGB controller
7984  |Info:    ------------------------------------------------------
7984  |Info:    |            Detecting libusb HID devices            |
7984  |Info:    ------------------------------------------------------
8042  |Info:    ------------------------------------------------------
8042  |Info:    |              Detecting other devices               |
8042  |Info:    ------------------------------------------------------
8057  |Info:    [ResourceManager] Calling Post-detection callbacks
8057  |Info:    ------------------------------------------------------
8057  |Info:    |                Detection completed                 |
8057  |Info:    ------------------------------------------------------
8090  |Info:    [Blade Pro (late 2019)] Registering RGB controller
8103  |Info:    [b450mds3h] Registering RGB controller
