    OpenRGB v0.9+ (1.0rc2)
    Commit:  from 
    Launched: 20251116_174715
====================================================================================================

53    |Info:    [ResourceManager] Initializing HID interfaces: Success
53    |Info:    ------------------------------------------------------
53    |Info:    |               Start device detection               |
53    |Info:    ------------------------------------------------------
66    |Info:    ------------------------------------------------------
66    |Info:    |             Detecting I2C interfaces               |
66    |Info:    ------------------------------------------------------
66    |Info:    [ResourceManager] Registering I2C interface: /dev/i2c-3 Device 1002:73DF Subsystem: 1043:05CB
66    |Warning: [i2c_smbus_linux] Failed to read i2c device PCI device ID
66    |Info:    [ResourceManager] Registering I2C interface: /dev/i2c-10 Device 0000:0000 Subsystem: 0000:0000
66    |Info:    [ResourceManager] Registering I2C interface: /dev/i2c-1 Device 1022:790B Subsystem: 1458:5001
66    |Info:    [ResourceManager] Registering I2C interface: /dev/i2c-8 Device 1002:73DF Subsystem: 1043:05CB
66    |Info:    [ResourceManager] Registering I2C interface: /dev/i2c-6 Device 1002:73DF Subsystem: 1043:05CB
66    |Info:    [ResourceManager] Registering I2C interface: /dev/i2c-4 Device 1002:73DF Subsystem: 1043:05CB
66    |Warning: [i2c_smbus_linux] Failed to read i2c device PCI device ID
66    |Info:    [ResourceManager] Registering I2C interface: /dev/i2c-11 Device 0000:0000 Subsystem: 0000:0000
66    |Info:    [ResourceManager] Registering I2C interface: /dev/i2c-2 Device 1022:790B Subsystem: 1458:5001
66    |Info:    [ResourceManager] Registering I2C interface: /dev/i2c-0 Device 1022:790B Subsystem: 1458:5001
66    |Warning: [i2c_smbus_linux] Failed to read i2c device PCI device ID
67    |Info:    [ResourceManager] Registering I2C interface: /dev/i2c-9 Device 0000:0000 Subsystem: 0000:0000
67    |Info:    [ResourceManager] Registering I2C interface: /dev/i2c-7 Device 1002:73DF Subsystem: 1043:05CB
67    |Info:    [ResourceManager] Registering I2C interface: /dev/i2c-5 Device 1002:73DF Subsystem: 1043:05CB
67    |Info:    ------------------------------------------------------
67    |Info:    |               Detecting I2C devices                |
67    |Info:    ------------------------------------------------------
873   |Info:    [Corsair Dominator Platinum] Registering RGB controller
885   |Info:    [Corsair Dominator Platinum] Registering RGB controller
897   |Info:    [Corsair Dominator Platinum] Registering RGB controller
909   |Info:    [Corsair Dominator Platinum] Registering RGB controller
1046  |Info:    ------------------------------------------------------
1046  |Info:    |            Detecting I2C DIMM modules              |
1046  |Info:    ------------------------------------------------------
1098  |Info:    [ResourceManager] Detected occupied slot 2, bus 7, type Reserved
1898  |Info:    [ResourceManager] Detected occupied slot 1, bus 8, type DDR4
3179  |Info:    [ResourceManager] Detected occupied slot 2, bus 8, type DDR4
4965  |Info:    [ResourceManager] Detected occupied slot 3, bus 8, type DDR4
7272  |Info:    [ResourceManager] Detected occupied slot 4, bus 8, type DDR4
7880  |Info:    ------------------------------------------------------
7880  |Info:    |               Detecting I2C PCI devices            |
7880  |Info:    ------------------------------------------------------
7881  |Info:    ------------------------------------------------------
7881  |Info:    |               Detecting HID devices                |
7881  |Info:    ------------------------------------------------------
7934  |Info:    [Zalman Z Sync] Registering RGB controller
7986  |Info:    [KLM] Created new Tenkeyless ANSI QWERTY with 6 rows and 17 columns containing 87 keys
7986  |Info:    [Red Square Keyrox TKL Classic] Registering RGB controller
7986  |Info:    ------------------------------------------------------
7986  |Info:    |            Detecting libusb HID devices            |
7986  |Info:    ------------------------------------------------------
8045  |Info:    ------------------------------------------------------
8045  |Info:    |              Detecting other devices               |
8045  |Info:    ------------------------------------------------------
8061  |Info:    [ResourceManager] Calling Post-detection callbacks
8061  |Info:    ------------------------------------------------------
8061  |Info:    |                Detection completed                 |
8061  |Info:    ------------------------------------------------------
8095  |Info:    [Blade Pro (late 2019)] Registering RGB controller
8107  |Info:    [b450mds3h] Registering RGB controller
