    OpenRGB v0.9+ (1.0rc1)
    Commit:  from 
    Launched: 20250912_154335
====================================================================================================

1069  |Info:    [ResourceManager] Initializing HID interfaces: Success
1069  |Info:    ------------------------------------------------------
1069  |Info:    |               Start device detection               |
1069  |Info:    ------------------------------------------------------
1077  |Info:    ------------------------------------------------------
1077  |Info:    |             Detecting I2C interfaces               |
1077  |Info:    ------------------------------------------------------
1095  |Info:    [ResourceManager] Registering I2C interface: /dev/i2c-3 Device 8086:3E9B Subsystem: 1A58:3001
1095  |Info:    [ResourceManager] Registering I2C interface: /dev/i2c-10 Device 10DE:1E90 Subsystem: 1A58:3001
1095  |Info:    [ResourceManager] Registering I2C interface: /dev/i2c-1 Device 8086:3E9B Subsystem: 1A58:3001
1096  |Info:    [ResourceManager] Registering I2C interface: /dev/i2c-8 Device 10DE:1E90 Subsystem: 1A58:3001
1096  |Info:    [ResourceManager] Registering I2C interface: /dev/i2c-6 Device 10DE:1E90 Subsystem: 1A58:3001
1096  |Info:    [ResourceManager] Registering I2C interface: /dev/i2c-13 Device 8086:A323 Subsystem: 1A58:3001
1096  |Info:    [ResourceManager] Registering I2C interface: /dev/i2c-4 Device 8086:3E9B Subsystem: 1A58:3001
1096  |Info:    [ResourceManager] Registering I2C interface: /dev/i2c-11 Device 10DE:1E90 Subsystem: 1A58:3001
1096  |Info:    [ResourceManager] Registering I2C interface: /dev/i2c-2 Device 8086:3E9B Subsystem: 1A58:3001
1096  |Info:    [ResourceManager] Registering I2C interface: /dev/i2c-0 Device 0000:0000 Subsystem: 0000:0000
1096  |Info:    [ResourceManager] Registering I2C interface: /dev/i2c-9 Device 10DE:1E90 Subsystem: 1A58:3001
1096  |Info:    [ResourceManager] Registering I2C interface: /dev/i2c-7 Device 10DE:1E90 Subsystem: 1A58:3001
1096  |Info:    [ResourceManager] Registering I2C interface: /dev/i2c-ELAN0406:00 Device 0000:0000 Subsystem: 0000:0000
1096  |Warning: [i2c_smbus_linux] Failed to read i2c device PCI device ID
1096  |Info:    [ResourceManager] Registering I2C interface: /dev/i2c-5 Device 0000:0000 Subsystem: 0000:0000
1097  |Info:    [ResourceManager] Registering I2C interface: /dev/i2c-12 Device 10DE:1AD9 Subsystem: 1A58:3001
1097  |Info:    ------------------------------------------------------
1097  |Info:    |               Detecting I2C devices                |
1097  |Info:    ------------------------------------------------------
1420  |Info:    ------------------------------------------------------
1420  |Info:    |            Detecting I2C DIMM modules              |
1421  |Info:    ------------------------------------------------------
1448  |Info:    [ResourceManager] Detected occupied slot 3, bus 5, type DDR4
1472  |Info:    ------------------------------------------------------
1472  |Info:    |               Detecting I2C PCI devices            |
1472  |Info:    ------------------------------------------------------
1480  |Info:    ------------------------------------------------------
1480  |Info:    |               Detecting HID devices                |
1480  |Info:    ------------------------------------------------------
1505  |Info:    [Razer Blade Pro (Late 2019)] Registering RGB controller
1505  |Info:    ------------------------------------------------------
1505  |Info:    |            Detecting libusb HID devices            |
1505  |Info:    ------------------------------------------------------
1517  |Info:    ------------------------------------------------------
1517  |Info:    |              Detecting other devices               |
1517  |Info:    ------------------------------------------------------
1529  |Info:    [ResourceManager] Calling Post-detection callbacks
1529  |Info:    ------------------------------------------------------
1529  |Info:    |                Detection completed                 |
1529  |Info:    ------------------------------------------------------
1529  |Dialog:  <h2>Some internal devices may not be detected:</h2><p>One or more I2C or SMBus interfaces failed to initialize.</p><p><b>RGB DRAM modules, some motherboards' onboard RGB lighting, and RGB Graphics Cards, will not be available in OpenRGB</b> without I2C or SMBus.</p><h4>How to fix this:</h4><p>On Linux, this is usually because the i2c-dev module is not loaded.</p><p>You must load the i2c-dev module along with the correct i2c driver for your motherboard. This is usually i2c-piix4 for AMD systems and i2c-i801 for Intel systems.</p><p>See <a href='https://help.openrgb.org/'>help.openrgb.org</a> for additional troubleshooting steps if you keep seeing this message.<br></p><h3>If you are not using internal RGB on a desktop this message is not important to you.</h3>
1589  |Info:    [Blade Pro (late 2019)] Registering RGB controller
9046  |Info:    [Blade Pro (late 2019)] Unregistering RGB controller
