    OpenRGB v0.9+ (1.0rc2)
    Commit:  from 
    Launched: 20251117_111052
====================================================================================================

53    |Info:    [ResourceManager] Initializing HID interfaces: Success
53    |Info:    ------------------------------------------------------
53    |Info:    |               Start device detection               |
53    |Info:    ------------------------------------------------------
64    |Info:    ------------------------------------------------------
64    |Info:    |             Detecting I2C interfaces               |
64    |Info:    ------------------------------------------------------
65    |Info:    [ResourceManager] Registering I2C interface: /dev/i2c-3 Device 1002:73DF Subsystem: 1043:05CB
65    |Warning: [i2c_smbus_linux] Failed to read i2c device PCI device ID
65    |Info:    [ResourceManager] Registering I2C interface: /dev/i2c-10 Device 0000:0000 Subsystem: 0000:0000
65    |Info:    [ResourceManager] Registering I2C interface: /dev/i2c-1 Device 1022:790B Subsystem: 1458:5001
65    |Info:    [ResourceManager] Registering I2C interface: /dev/i2c-8 Device 1002:73DF Subsystem: 1043:05CB
65    |Info:    [ResourceManager] Registering I2C interface: /dev/i2c-6 Device 1002:73DF Subsystem: 1043:05CB
65    |Info:    [ResourceManager] Registering I2C interface: /dev/i2c-4 Device 1002:73DF Subsystem: 1043:05CB
65    |Warning: [i2c_smbus_linux] Failed to read i2c device PCI device ID
65    |Info:    [ResourceManager] Registering I2C interface: /dev/i2c-11 Device 0000:0000 Subsystem: 0000:0000
65    |Info:    [ResourceManager] Registering I2C interface: /dev/i2c-2 Device 1022:790B Subsystem: 1458:5001
65    |Info:    [ResourceManager] Registering I2C interface: /dev/i2c-0 Device 1022:790B Subsystem: 1458:5001
65    |Warning: [i2c_smbus_linux] Failed to read i2c device PCI device ID
65    |Info:    [ResourceManager] Registering I2C interface: /dev/i2c-9 Device 0000:0000 Subsystem: 0000:0000
65    |Info:    [ResourceManager] Registering I2C interface: /dev/i2c-7 Device 1002:73DF Subsystem: 1043:05CB
65    |Info:    [ResourceManager] Registering I2C interface: /dev/i2c-5 Device 1002:73DF Subsystem: 1043:05CB
65    |Info:    ------------------------------------------------------
65    |Info:    |               Detecting I2C devices                |
65    |Info:    ------------------------------------------------------
869   |Info:    [Corsair Dominator Platinum] Registering RGB controller
881   |Info:    [Corsair Dominator Platinum] Registering RGB controller
893   |Info:    [Corsair Dominator Platinum] Registering RGB controller
905   |Info:    [Corsair Dominator Platinum] Registering RGB controller
1042  |Info:    ------------------------------------------------------
1042  |Info:    |            Detecting I2C DIMM modules              |
1042  |Info:    ------------------------------------------------------
1095  |Info:    [ResourceManager] Detected occupied slot 2, bus 7, type Key: Scroll Lock
1858  |Info:    [ResourceManager] Detected occupied slot 1, bus 8, type DDR4
3140  |Info:    [ResourceManager] Detected occupied slot 2, bus 8, type DDR4
4937  |Info:    [ResourceManager] Detected occupied slot 3, bus 8, type DDR4
7244  |Info:    [ResourceManager] Detected occupied slot 4, bus 8, type DDR4
7851  |Info:    ------------------------------------------------------
7851  |Info:    |               Detecting I2C PCI devices            |
7851  |Info:    ------------------------------------------------------
7852  |Info:    ------------------------------------------------------
7852  |Info:    |               Detecting HID devices                |
7852  |Info:    ------------------------------------------------------
7905  |Info:    [Zalman Z Sync] Registering RGB controller
7956  |Info:    [KLM] Created new Tenkeyless ANSI QWERTY with 6 rows and 17 columns containing 87 keys
7956  |Info:    [Red Square Keyrox TKL Classic] Registering RGB controller
7956  |Info:    ------------------------------------------------------
7956  |Info:    |            Detecting libusb HID devices            |
7956  |Info:    ------------------------------------------------------
8013  |Info:    ------------------------------------------------------
8013  |Info:    |              Detecting other devices               |
8013  |Info:    ------------------------------------------------------
8028  |Info:    [ResourceManager] Calling Post-detection callbacks
8028  |Info:    ------------------------------------------------------
8028  |Info:    |                Detection completed                 |
8028  |Info:    ------------------------------------------------------
8063  |Info:    [Blade Pro (late 2019)] Registering RGB controller
8075  |Info:    [b450mds3h] Registering RGB controller
