    OpenRGB v0.9+ (1.0rc2)
    Commit:  from 
    Launched: 20251112_105225
====================================================================================================

54    |Info:    [ResourceManager] Initializing HID interfaces: Success
54    |Info:    ------------------------------------------------------
54    |Info:    |               Start device detection               |
54    |Info:    ------------------------------------------------------
68    |Info:    ------------------------------------------------------
68    |Info:    |             Detecting I2C interfaces               |
68    |Info:    ------------------------------------------------------
68    |Info:    [ResourceManager] Registering I2C interface: /dev/i2c-3 Device 1002:73DF Subsystem: 1043:05CB
68    |Warning: [i2c_smbus_linux] Failed to read i2c device PCI device ID
69    |Info:    [ResourceManager] Registering I2C interface: /dev/i2c-10 Device 0000:0000 Subsystem: 0000:0000
69    |Info:    [ResourceManager] Registering I2C interface: /dev/i2c-1 Device 1022:790B Subsystem: 1458:5001
69    |Info:    [ResourceManager] Registering I2C interface: /dev/i2c-8 Device 1002:73DF Subsystem: 1043:05CB
69    |Info:    [ResourceManager] Registering I2C interface: /dev/i2c-6 Device 1002:73DF Subsystem: 1043:05CB
69    |Info:    [ResourceManager] Registering I2C interface: /dev/i2c-4 Device 1002:73DF Subsystem: 1043:05CB
69    |Warning: [i2c_smbus_linux] Failed to read i2c device PCI device ID
69    |Info:    [ResourceManager] Registering I2C interface: /dev/i2c-11 Device 0000:0000 Subsystem: 0000:0000
69    |Info:    [ResourceManager] Registering I2C interface: /dev/i2c-2 Device 1022:790B Subsystem: 1458:5001
69    |Info:    [ResourceManager] Registering I2C interface: /dev/i2c-0 Device 1022:790B Subsystem: 1458:5001
69    |Warning: [i2c_smbus_linux] Failed to read i2c device PCI device ID
69    |Info:    [ResourceManager] Registering I2C interface: /dev/i2c-9 Device 0000:0000 Subsystem: 0000:0000
69    |Info:    [ResourceManager] Registering I2C interface: /dev/i2c-7 Device 1002:73DF Subsystem: 1043:05CB
69    |Info:    [ResourceManager] Registering I2C interface: /dev/i2c-5 Device 1002:73DF Subsystem: 1043:05CB
69    |Info:    ------------------------------------------------------
69    |Info:    |               Detecting I2C devices                |
69    |Info:    ------------------------------------------------------
873   |Info:    [Corsair Dominator Platinum] Registering RGB controller
884   |Info:    [Corsair Dominator Platinum] Registering RGB controller
897   |Info:    [Corsair Dominator Platinum] Registering RGB controller
909   |Info:    [Corsair Dominator Platinum] Registering RGB controller
1046  |Info:    ------------------------------------------------------
1046  |Info:    |            Detecting I2C DIMM modules              |
1046  |Info:    ------------------------------------------------------
1100  |Info:    [ResourceManager] Detected occupied slot 2, bus 7, type Key: Left Control
1870  |Info:    [ResourceManager] Detected occupied slot 1, bus 8, type DDR4
3153  |Info:    [ResourceManager] Detected occupied slot 2, bus 8, type DDR4
4948  |Info:    [ResourceManager] Detected occupied slot 3, bus 8, type DDR4
7256  |Info:    [ResourceManager] Detected occupied slot 4, bus 8, type DDR4
7867  |Info:    ------------------------------------------------------
7867  |Info:    |               Detecting I2C PCI devices            |
7867  |Info:    ------------------------------------------------------
7868  |Info:    ------------------------------------------------------
7868  |Info:    |               Detecting HID devices                |
7868  |Info:    ------------------------------------------------------
7922  |Info:    [Zalman Z Sync] Registering RGB controller
7974  |Info:    [KLM] Created new Tenkeyless ANSI QWERTY with 6 rows and 17 columns containing 87 keys
7974  |Info:    [Red Square Keyrox TKL Classic] Registering RGB controller
7974  |Info:    ------------------------------------------------------
7974  |Info:    |            Detecting libusb HID devices            |
7974  |Info:    ------------------------------------------------------
8032  |Info:    ------------------------------------------------------
8032  |Info:    |              Detecting other devices               |
8032  |Info:    ------------------------------------------------------
8047  |Info:    [ResourceManager] Calling Post-detection callbacks
8047  |Info:    ------------------------------------------------------
8047  |Info:    |                Detection completed                 |
8047  |Info:    ------------------------------------------------------
8083  |Info:    [Blade Pro (late 2019)] Registering RGB controller
8096  |Info:    [b450mds3h] Registering RGB controller
