    OpenRGB v0.9+ (1.0rc2)
    Commit:  from 
    Launched: 20250925_144331
====================================================================================================

54    |Info:    [ResourceManager] Initializing HID interfaces: Success
54    |Info:    ------------------------------------------------------
54    |Info:    |               Start device detection               |
54    |Info:    ------------------------------------------------------
60    |Info:    ------------------------------------------------------
60    |Info:    |             Detecting I2C interfaces               |
60    |Info:    ------------------------------------------------------
60    |Info:    [ResourceManager] Registering I2C interface: /dev/i2c-3 Device 8086:3E9B Subsystem: 1A58:3001
60    |Info:    [ResourceManager] Registering I2C interface: /dev/i2c-10 Device 10DE:1E90 Subsystem: 1A58:3001
61    |Info:    [ResourceManager] Registering I2C interface: /dev/i2c-1 Device 8086:3E9B Subsystem: 1A58:3001
61    |Info:    [ResourceManager] Registering I2C interface: /dev/i2c-8 Device 10DE:1E90 Subsystem: 1A58:3001
61    |Info:    [ResourceManager] Registering I2C interface: /dev/i2c-6 Device 10DE:1E90 Subsystem: 1A58:3001
61    |Info:    [ResourceManager] Registering I2C interface: /dev/i2c-13 Device 8086:A323 Subsystem: 1A58:3001
61    |Info:    [ResourceManager] Registering I2C interface: /dev/i2c-4 Device 8086:3E9B Subsystem: 1A58:3001
61    |Info:    [ResourceManager] Registering I2C interface: /dev/i2c-11 Device 10DE:1E90 Subsystem: 1A58:3001
61    |Info:    [ResourceManager] Registering I2C interface: /dev/i2c-2 Device 8086:3E9B Subsystem: 1A58:3001
61    |Info:    [ResourceManager] Registering I2C interface: /dev/i2c-0 Device 0000:0000 Subsystem: 0000:0000
61    |Info:    [ResourceManager] Registering I2C interface: /dev/i2c-9 Device 10DE:1E90 Subsystem: 1A58:3001
61    |Info:    [ResourceManager] Registering I2C interface: /dev/i2c-7 Device 10DE:1E90 Subsystem: 1A58:3001
61    |Info:    [ResourceManager] Registering I2C interface: /dev/i2c-ELAN0406:00 Device 0000:0000 Subsystem: 0000:0000
61    |Warning: [i2c_smbus_linux] Failed to read i2c device PCI device ID
61    |Info:    [ResourceManager] Registering I2C interface: /dev/i2c-5 Device 0000:0000 Subsystem: 0000:0000
62    |Info:    [ResourceManager] Registering I2C interface: /dev/i2c-12 Device 10DE:1AD9 Subsystem: 1A58:3001
62    |Info:    ------------------------------------------------------
62    |Info:    |               Detecting I2C devices                |
62    |Info:    ------------------------------------------------------
378   |Info:    ------------------------------------------------------
378   |Info:    |            Detecting I2C DIMM modules              |
379   |Info:    ------------------------------------------------------
644   |Info:    [ResourceManager] Detected occupied slot 1, bus 5, type DDR4
817   |Info:    ------------------------------------------------------
817   |Info:    |               Detecting I2C PCI devices            |
817   |Info:    ------------------------------------------------------
820   |Info:    ------------------------------------------------------
820   |Info:    |               Detecting HID devices                |
820   |Info:    ------------------------------------------------------
841   |Info:    [Razer Blade Pro (Late 2019)] Registering RGB controller
841   |Info:    ------------------------------------------------------
841   |Info:    |            Detecting libusb HID devices            |
841   |Info:    ------------------------------------------------------
853   |Info:    ------------------------------------------------------
853   |Info:    |              Detecting other devices               |
853   |Info:    ------------------------------------------------------
883   |Info:    [ResourceManager] Calling Post-detection callbacks
883   |Info:    ------------------------------------------------------
883   |Info:    |                Detection completed                 |
883   |Info:    ------------------------------------------------------
883   |Dialog:  <h2>Some internal devices may not be detected:</h2><p>One or more I2C or SMBus interfaces failed to initialize.</p><p><b>RGB DRAM modules, some motherboards' onboard RGB lighting, and RGB Graphics Cards, will not be available in OpenRGB</b> without I2C or SMBus.</p><h4>How to fix this:</h4><p>On Linux, this is usually because the i2c-dev module is not loaded.</p><p>You must load the i2c-dev module along with the correct i2c driver for your motherboard. This is usually i2c-piix4 for AMD systems and i2c-i801 for Intel systems.</p><p>See <a href='https://help.openrgb.org/'>help.openrgb.org</a> for additional troubleshooting steps if you keep seeing this message.<br></p><h3>If you are not using internal RGB on a desktop this message is not important to you.</h3>
908   |Info:    [Blade Pro (late 2019)] Registering RGB controller
17963363|Info:    [Blade Pro (late 2019)] Unregistering RGB controller
17963366|Info:    [ResourceManager] Initializing HID interfaces: Success
17963366|Warning: [ResourceManager] Detection coroutine: assigned a new coroutine when one was already scheduled - probably two rescan events sent at once
17963366|Info:    ------------------------------------------------------
17963366|Info:    |               Start device detection               |
17963366|Info:    ------------------------------------------------------
17963381|Info:    ------------------------------------------------------
17963382|Info:    |             Detecting I2C interfaces               |
17963382|Info:    ------------------------------------------------------
17963382|Info:    [ResourceManager] Registering I2C interface: /dev/i2c-3 Device 8086:3E9B Subsystem: 1A58:3001
17963382|Info:    [ResourceManager] Registering I2C interface: /dev/i2c-10 Device 10DE:1E90 Subsystem: 1A58:3001
17963382|Info:    [ResourceManager] Registering I2C interface: /dev/i2c-1 Device 8086:3E9B Subsystem: 1A58:3001
17963382|Info:    [ResourceManager] Registering I2C interface: /dev/i2c-8 Device 10DE:1E90 Subsystem: 1A58:3001
17963382|Info:    [ResourceManager] Registering I2C interface: /dev/i2c-6 Device 10DE:1E90 Subsystem: 1A58:3001
17963382|Info:    [ResourceManager] Registering I2C interface: /dev/i2c-13 Device 8086:A323 Subsystem: 1A58:3001
17963382|Info:    [ResourceManager] Registering I2C interface: /dev/i2c-4 Device 8086:3E9B Subsystem: 1A58:3001
17963382|Info:    [ResourceManager] Registering I2C interface: /dev/i2c-11 Device 10DE:1E90 Subsystem: 1A58:3001
17963382|Info:    [ResourceManager] Registering I2C interface: /dev/i2c-2 Device 8086:3E9B Subsystem: 1A58:3001
17963382|Info:    [ResourceManager] Registering I2C interface: /dev/i2c-0 Device 0000:0000 Subsystem: 0000:0000
17963382|Info:    [ResourceManager] Registering I2C interface: /dev/i2c-9 Device 10DE:1E90 Subsystem: 1A58:3001
17963382|Info:    [ResourceManager] Registering I2C interface: /dev/i2c-7 Device 10DE:1E90 Subsystem: 1A58:3001
17963382|Info:    [ResourceManager] Registering I2C interface: /dev/i2c-ELAN0406:00 Device 0000:0000 Subsystem: 0000:0000
17963383|Warning: [i2c_smbus_linux] Failed to read i2c device PCI device ID
17963383|Info:    [ResourceManager] Registering I2C interface: /dev/i2c-5 Device 0000:0000 Subsystem: 0000:0000
17963383|Info:    [ResourceManager] Registering I2C interface: /dev/i2c-12 Device 10DE:1AD9 Subsystem: 1A58:3001
17963383|Info:    ------------------------------------------------------
17963383|Info:    |               Detecting I2C devices                |
17963383|Info:    ------------------------------------------------------
17963709|Info:    ------------------------------------------------------
17963709|Info:    |            Detecting I2C DIMM modules              |
17963709|Info:    ------------------------------------------------------
17964033|Info:    [ResourceManager] Detected occupied slot 1, bus 5, type DDR4
17964218|Info:    ------------------------------------------------------
17964218|Info:    |               Detecting I2C PCI devices            |
17964218|Info:    ------------------------------------------------------
17964220|Info:    ------------------------------------------------------
17964220|Info:    |               Detecting HID devices                |
17964220|Info:    ------------------------------------------------------
17964272|Info:    [KLM] Created new Tenkeyless ANSI QWERTY with 6 rows and 17 columns containing 87 keys
17964272|Info:    [Red Square Keyrox TKL Classic] Registering RGB controller
17964293|Info:    [Razer Blade Pro (Late 2019)] Registering RGB controller
17964294|Info:    ------------------------------------------------------
17964294|Info:    |            Detecting libusb HID devices            |
17964294|Info:    ------------------------------------------------------
17964298|Info:    ------------------------------------------------------
17964298|Info:    |              Detecting other devices               |
17964298|Info:    ------------------------------------------------------
17964310|Info:    [ResourceManager] Calling Post-detection callbacks
17964310|Info:    ------------------------------------------------------
17964310|Info:    |                Detection completed                 |
17964310|Info:    ------------------------------------------------------
17964310|Dialog:  <h2>Some internal devices may not be detected:</h2><p>One or more I2C or SMBus interfaces failed to initialize.</p><p><b>RGB DRAM modules, some motherboards' onboard RGB lighting, and RGB Graphics Cards, will not be available in OpenRGB</b> without I2C or SMBus.</p><h4>How to fix this:</h4><p>On Linux, this is usually because the i2c-dev module is not loaded.</p><p>You must load the i2c-dev module along with the correct i2c driver for your motherboard. This is usually i2c-piix4 for AMD systems and i2c-i801 for Intel systems.</p><p>See <a href='https://help.openrgb.org/'>help.openrgb.org</a> for additional troubleshooting steps if you keep seeing this message.<br></p><h3>If you are not using internal RGB on a desktop this message is not important to you.</h3>
17964323|Info:    [Blade Pro (late 2019)] Registering RGB controller
200374407|Info:    [Blade Pro (late 2019)] Unregistering RGB controller
