    OpenRGB v0.9+ (1.0rc2)
    Commit:  from 
    Launched: 20250930_154028
====================================================================================================

58    |Info:    [ResourceManager] Initializing HID interfaces: Success
58    |Info:    ------------------------------------------------------
58    |Info:    |               Start device detection               |
58    |Info:    ------------------------------------------------------
86    |Info:    ------------------------------------------------------
86    |Info:    |             Detecting I2C interfaces               |
86    |Info:    ------------------------------------------------------
87    |Info:    [ResourceManager] Registering I2C interface: /dev/i2c-3 Device 8086:3E9B Subsystem: 1A58:3001
87    |Info:    [ResourceManager] Registering I2C interface: /dev/i2c-10 Device 10DE:1E90 Subsystem: 1A58:3001
87    |Info:    [ResourceManager] Registering I2C interface: /dev/i2c-1 Device 8086:3E9B Subsystem: 1A58:3001
87    |Info:    [ResourceManager] Registering I2C interface: /dev/i2c-8 Device 10DE:1E90 Subsystem: 1A58:3001
87    |Info:    [ResourceManager] Registering I2C interface: /dev/i2c-6 Device 10DE:1E90 Subsystem: 1A58:3001
87    |Info:    [ResourceManager] Registering I2C interface: /dev/i2c-13 Device 8086:A323 Subsystem: 1A58:3001
87    |Info:    [ResourceManager] Registering I2C interface: /dev/i2c-4 Device 8086:3E9B Subsystem: 1A58:3001
87    |Info:    [ResourceManager] Registering I2C interface: /dev/i2c-11 Device 10DE:1E90 Subsystem: 1A58:3001
87    |Info:    [ResourceManager] Registering I2C interface: /dev/i2c-2 Device 8086:3E9B Subsystem: 1A58:3001
88    |Info:    [ResourceManager] Registering I2C interface: /dev/i2c-0 Device 0000:0000 Subsystem: 0000:0000
88    |Info:    [ResourceManager] Registering I2C interface: /dev/i2c-9 Device 10DE:1E90 Subsystem: 1A58:3001
88    |Info:    [ResourceManager] Registering I2C interface: /dev/i2c-7 Device 10DE:1E90 Subsystem: 1A58:3001
88    |Info:    [ResourceManager] Registering I2C interface: /dev/i2c-ELAN0406:00 Device 0000:0000 Subsystem: 0000:0000
88    |Warning: [i2c_smbus_linux] Failed to read i2c device PCI device ID
88    |Info:    [ResourceManager] Registering I2C interface: /dev/i2c-5 Device 0000:0000 Subsystem: 0000:0000
88    |Info:    [ResourceManager] Registering I2C interface: /dev/i2c-12 Device 10DE:1AD9 Subsystem: 1A58:3001
88    |Info:    ------------------------------------------------------
88    |Info:    |               Detecting I2C devices                |
88    |Info:    ------------------------------------------------------
402   |Info:    ------------------------------------------------------
402   |Info:    |            Detecting I2C DIMM modules              |
402   |Info:    ------------------------------------------------------
652   |Info:    [ResourceManager] Detected occupied slot 1, bus 5, type DDR4
826   |Info:    ------------------------------------------------------
826   |Info:    |               Detecting I2C PCI devices            |
826   |Info:    ------------------------------------------------------
828   |Info:    ------------------------------------------------------
828   |Info:    |               Detecting HID devices                |
828   |Info:    ------------------------------------------------------
880   |Info:    [KLM] Created new Tenkeyless ANSI QWERTY with 6 rows and 17 columns containing 87 keys
880   |Info:    [Red Square Keyrox TKL Classic] Registering RGB controller
901   |Info:    [Razer Blade Pro (Late 2019)] Registering RGB controller
902   |Info:    ------------------------------------------------------
902   |Info:    |            Detecting libusb HID devices            |
902   |Info:    ------------------------------------------------------
920   |Info:    ------------------------------------------------------
920   |Info:    |              Detecting other devices               |
920   |Info:    ------------------------------------------------------
949   |Info:    [ResourceManager] Calling Post-detection callbacks
949   |Info:    ------------------------------------------------------
949   |Info:    |                Detection completed                 |
949   |Info:    ------------------------------------------------------
949   |Dialog:  <h2>Some internal devices may not be detected:</h2><p>One or more I2C or SMBus interfaces failed to initialize.</p><p><b>RGB DRAM modules, some motherboards' onboard RGB lighting, and RGB Graphics Cards, will not be available in OpenRGB</b> without I2C or SMBus.</p><h4>How to fix this:</h4><p>On Linux, this is usually because the i2c-dev module is not loaded.</p><p>You must load the i2c-dev module along with the correct i2c driver for your motherboard. This is usually i2c-piix4 for AMD systems and i2c-i801 for Intel systems.</p><p>See <a href='https://help.openrgb.org/'>help.openrgb.org</a> for additional troubleshooting steps if you keep seeing this message.<br></p><h3>If you are not using internal RGB on a desktop this message is not important to you.</h3>
979   |Info:    [Blade Pro (late 2019)] Registering RGB controller
