    OpenRGB v0.9
    Commit:  from 
    Launched: 20250812_101214
====================================================================================================

1002  |Info:    ------------------------------------------------------
1002  |Info:    |               Start device detection               |
1002  |Info:    ------------------------------------------------------
1002  |Info:    Initializing HID interfaces: Success
1009  |Info:    ------------------------------------------------------
1009  |Info:    |             Detecting I2C interfaces               |
1009  |Info:    ------------------------------------------------------
1029  |Info:    Registering I2C interface: /dev/i2c-3 Device 10DE:1E90 Subsystem: 1A58:3001
1029  |Info:    Registering I2C interface: /dev/i2c-10 Device 8086:3E9B Subsystem: 1A58:3001
1029  |Info:    Registering I2C interface: /dev/i2c-1 Device 10DE:1E90 Subsystem: 1A58:3001
1029  |Info:    Registering I2C interface: /dev/i2c-8 Device 8086:A323 Subsystem: 1A58:3001
1029  |Info:    Registering I2C interface: /dev/i2c-6 Device 10DE:1E90 Subsystem: 1A58:3001
1029  |Warning: [i2c_smbus_linux] Failed to read i2c device PCI device ID
1029  |Info:    Registering I2C interface: /dev/i2c-13 Device 0000:0000 Subsystem: 0000:0000
1029  |Info:    Registering I2C interface: /dev/i2c-4 Device 10DE:1E90 Subsystem: 1A58:3001
1029  |Info:    Registering I2C interface: /dev/i2c-11 Device 8086:3E9B Subsystem: 1A58:3001
1029  |Info:    Registering I2C interface: /dev/i2c-2 Device 10DE:1E90 Subsystem: 1A58:3001
1029  |Info:    Registering I2C interface: /dev/i2c-0 Device 0000:0000 Subsystem: 0000:0000
1029  |Info:    Registering I2C interface: /dev/i2c-9 Device 8086:3E9B Subsystem: 1A58:3001
1029  |Info:    Registering I2C interface: /dev/i2c-7 Device 10DE:1AD9 Subsystem: 1A58:3001
1030  |Info:    Registering I2C interface: /dev/i2c-ELAN0406:00 Device 0000:0000 Subsystem: 0000:0000
1030  |Info:    Registering I2C interface: /dev/i2c-5 Device 10DE:1E90 Subsystem: 1A58:3001
1030  |Info:    Registering I2C interface: /dev/i2c-12 Device 8086:3E9B Subsystem: 1A58:3001
1030  |Info:    ------------------------------------------------------
1030  |Info:    |               Detecting I2C devices                |
1030  |Info:    ------------------------------------------------------
1362  |Info:    ------------------------------------------------------
1362  |Info:    |               Detecting I2C PCI devices            |
1362  |Info:    ------------------------------------------------------
1363  |Info:    ------------------------------------------------------
1363  |Info:    |               Detecting HID devices                |
1363  |Info:    ------------------------------------------------------
1414  |Info:    [KLM] Created new Tenkeyless ANSI QWERTY with 6 rows and 17 columns containing 87 keys
1414  |Info:    [Red Square Keyrox TKL Classic] Registering RGB controller
1431  |Info:    [Razer Blade Pro (Late 2019)] Registering RGB controller
1431  |Info:    ------------------------------------------------------
1431  |Info:    |            Detecting libusb HID devices            |
1431  |Info:    ------------------------------------------------------
1442  |Info:    ------------------------------------------------------
1442  |Info:    |              Detecting other devices               |
1442  |Info:    ------------------------------------------------------
1448  |Info:    ------------------------------------------------------
1448  |Info:    |                Detection completed                 |
1448  |Info:    ------------------------------------------------------
1448  |Dialog:  <h2>WARNING:</h2><p>One or more I2C/SMBus interfaces failed to initialize.</p><p>RGB DRAM modules and some motherboards' onboard RGB lighting will not be available without I2C/SMBus.</p><p>On Linux, this is usually because the i2c-dev module is not loaded.  You must load the i2c-dev module along with the correct i2c driver for your motherboard.  This is usually i2c-piix4 for AMD systems and i2c-i801 for Intel systems.</p><p>See <a href='https://help.openrgb.org/'>help.openrgb.org</a> for additional troubleshooting steps if you keep seeing this message.<br></p>
1474  |Info:    [RazrKey] Registering RGB controller
