    OpenRGB v0.9+ (1.0rc2)
    Commit:  from 
    Launched: 20251105_115750
====================================================================================================

53    |Info:    [ResourceManager] Initializing HID interfaces: Success
53    |Info:    ------------------------------------------------------
53    |Info:    |               Start device detection               |
53    |Info:    ------------------------------------------------------
63    |Info:    ------------------------------------------------------
63    |Info:    |             Detecting I2C interfaces               |
63    |Info:    ------------------------------------------------------
63    |Info:    [ResourceManager] Registering I2C interface: /dev/i2c-3 Device 1002:73DF Subsystem: 1043:05CB
64    |Warning: [i2c_smbus_linux] Failed to read i2c device PCI device ID
64    |Info:    [ResourceManager] Registering I2C interface: /dev/i2c-10 Device 0000:0000 Subsystem: 0000:0000
64    |Info:    [ResourceManager] Registering I2C interface: /dev/i2c-1 Device 1022:790B Subsystem: 1458:5001
64    |Info:    [ResourceManager] Registering I2C interface: /dev/i2c-8 Device 1002:73DF Subsystem: 1043:05CB
64    |Info:    [ResourceManager] Registering I2C interface: /dev/i2c-6 Device 1002:73DF Subsystem: 1043:05CB
64    |Info:    [ResourceManager] Registering I2C interface: /dev/i2c-4 Device 1002:73DF Subsystem: 1043:05CB
64    |Warning: [i2c_smbus_linux] Failed to read i2c device PCI device ID
64    |Info:    [ResourceManager] Registering I2C interface: /dev/i2c-11 Device 0000:0000 Subsystem: 0000:0000
64    |Info:    [ResourceManager] Registering I2C interface: /dev/i2c-2 Device 1022:790B Subsystem: 1458:5001
64    |Info:    [ResourceManager] Registering I2C interface: /dev/i2c-0 Device 1022:790B Subsystem: 1458:5001
64    |Warning: [i2c_smbus_linux] Failed to read i2c device PCI device ID
64    |Info:    [ResourceManager] Registering I2C interface: /dev/i2c-9 Device 0000:0000 Subsystem: 0000:0000
64    |Info:    [ResourceManager] Registering I2C interface: /dev/i2c-7 Device 1002:73DF Subsystem: 1043:05CB
64    |Info:    [ResourceManager] Registering I2C interface: /dev/i2c-5 Device 1002:73DF Subsystem: 1043:05CB
64    |Info:    ------------------------------------------------------
64    |Info:    |               Detecting I2C devices                |
64    |Info:    ------------------------------------------------------
869   |Info:    [Corsair Dominator Platinum] Registering RGB controller
881   |Info:    [Corsair Dominator Platinum] Registering RGB controller
893   |Info:    [Corsair Dominator Platinum] Registering RGB controller
905   |Info:    [Corsair Dominator Platinum] Registering RGB controller
1042  |Info:    ------------------------------------------------------
1042  |Info:    |            Detecting I2C DIMM modules              |
1042  |Info:    ------------------------------------------------------
1096  |Info:    [ResourceManager] Detected occupied slot 2, bus 7, type Reserved
1895  |Info:    [ResourceManager] Detected occupied slot 1, bus 8, type DDR4
3175  |Info:    [ResourceManager] Detected occupied slot 2, bus 8, type DDR4
4968  |Info:    [ResourceManager] Detected occupied slot 3, bus 8, type DDR4
7274  |Info:    [ResourceManager] Detected occupied slot 4, bus 8, type DDR4
7883  |Info:    ------------------------------------------------------
7883  |Info:    |               Detecting I2C PCI devices            |
7883  |Info:    ------------------------------------------------------
7884  |Info:    ------------------------------------------------------
7884  |Info:    |               Detecting HID devices                |
7884  |Info:    ------------------------------------------------------
7938  |Info:    [Zalman Z Sync] Registering RGB controller
7989  |Info:    [KLM] Created new Tenkeyless ANSI QWERTY with 6 rows and 17 columns containing 87 keys
7989  |Info:    [Red Square Keyrox TKL Classic] Registering RGB controller
7989  |Info:    ------------------------------------------------------
7989  |Info:    |            Detecting libusb HID devices            |
7989  |Info:    ------------------------------------------------------
8047  |Info:    ------------------------------------------------------
8047  |Info:    |              Detecting other devices               |
8047  |Info:    ------------------------------------------------------
8062  |Info:    [ResourceManager] Calling Post-detection callbacks
8062  |Info:    ------------------------------------------------------
8062  |Info:    |                Detection completed                 |
8062  |Info:    ------------------------------------------------------
8096  |Info:    [Blade Pro (late 2019)] Registering RGB controller
8108  |Info:    [b450mds3h] Registering RGB controller
8120  |Info:    [desktop] Registering RGB controller
578004|Info:    [desktop] Unregistering RGB controller
