    OpenRGB v0.9
    Commit:  from 
    Launched: 20250702_125516
====================================================================================================

1003  |Info:    ------------------------------------------------------
1003  |Info:    |               Start device detection               |
1003  |Info:    ------------------------------------------------------
1003  |Info:    Initializing HID interfaces: Success
1009  |Info:    ------------------------------------------------------
1009  |Info:    |             Detecting I2C interfaces               |
1009  |Info:    ------------------------------------------------------
1009  |Info:    Registering I2C interface: /dev/i2c-3 Device 10DE:1E90 Subsystem: 1A58:3001
1010  |Info:    Registering I2C interface: /dev/i2c-10 Device 8086:3E9B Subsystem: 1A58:3001
1010  |Info:    Registering I2C interface: /dev/i2c-8 Device 8086:A323 Subsystem: 1A58:3001
1010  |Warning: [i2c_smbus_linux] Failed to read i2c device PCI device ID
1010  |Info:    Registering I2C interface: /dev/i2c-13 Device 0000:0000 Subsystem: 0000:0000
1010  |Info:    Registering I2C interface: /dev/i2c-11 Device 8086:3E9B Subsystem: 1A58:3001
1010  |Info:    Registering I2C interface: /dev/i2c-0 Device 0000:0000 Subsystem: 0000:0000
1010  |Info:    Registering I2C interface: /dev/i2c-7 Device 10DE:1AD9 Subsystem: 1A58:3001
1010  |Info:    Registering I2C interface: /dev/i2c-5 Device 10DE:1E90 Subsystem: 1A58:3001
1010  |Info:    ------------------------------------------------------
1010  |Info:    |               Detecting I2C devices                |
1010  |Info:    ------------------------------------------------------
1294  |Info:    ------------------------------------------------------
1294  |Info:    |               Detecting I2C PCI devices            |
1294  |Info:    ------------------------------------------------------
1295  |Info:    ------------------------------------------------------
1295  |Info:    |               Detecting HID devices                |
1295  |Info:    ------------------------------------------------------
1296  |Info:    ------------------------------------------------------
1296  |Info:    |            Detecting libusb HID devices            |
1296  |Info:    ------------------------------------------------------
1301  |Info:    ------------------------------------------------------
1301  |Info:    |              Detecting other devices               |
1301  |Info:    ------------------------------------------------------
1308  |Info:    ------------------------------------------------------
1308  |Info:    |                Detection completed                 |
1308  |Info:    ------------------------------------------------------
1308  |Dialog:  <h2>WARNING:</h2><p>One or more I2C/SMBus interfaces failed to initialize.</p><p>RGB DRAM modules and some motherboards' onboard RGB lighting will not be available without I2C/SMBus.</p><p>On Linux, this is usually because the i2c-dev module is not loaded.  You must load the i2c-dev module along with the correct i2c driver for your motherboard.  This is usually i2c-piix4 for AMD systems and i2c-i801 for Intel systems.</p><p>See <a href='https://help.openrgb.org/'>help.openrgb.org</a> for additional troubleshooting steps if you keep seeing this message.<br></p>
1342  |Info:    [RazrKey] Registering RGB controller
4991761|Info:    [RazrKey] Unregistering RGB controller
