    OpenRGB v0.9+ (1.0rc1)
    Commit:  from 
    Launched: 20250923_100521
====================================================================================================

59    |Info:    [ResourceManager] Initializing HID interfaces: Success
59    |Info:    ------------------------------------------------------
59    |Info:    |               Start device detection               |
59    |Info:    ------------------------------------------------------
67    |Info:    ------------------------------------------------------
67    |Info:    |             Detecting I2C interfaces               |
67    |Info:    ------------------------------------------------------
100   |Info:    [ResourceManager] Registering I2C interface: /dev/i2c-3 Device 8086:3E9B Subsystem: 1A58:3001
100   |Info:    [ResourceManager] Registering I2C interface: /dev/i2c-10 Device 10DE:1E90 Subsystem: 1A58:3001
101   |Info:    [ResourceManager] Registering I2C interface: /dev/i2c-1 Device 8086:3E9B Subsystem: 1A58:3001
101   |Info:    [ResourceManager] Registering I2C interface: /dev/i2c-8 Device 10DE:1E90 Subsystem: 1A58:3001
101   |Info:    [ResourceManager] Registering I2C interface: /dev/i2c-6 Device 10DE:1E90 Subsystem: 1A58:3001
101   |Info:    [ResourceManager] Registering I2C interface: /dev/i2c-13 Device 8086:A323 Subsystem: 1A58:3001
101   |Info:    [ResourceManager] Registering I2C interface: /dev/i2c-4 Device 8086:3E9B Subsystem: 1A58:3001
101   |Warning: [i2c_smbus_linux] Failed to read i2c device PCI device ID
101   |Info:    [ResourceManager] Registering I2C interface: /dev/i2c-11 Device 0000:0000 Subsystem: 0000:0000
101   |Info:    [ResourceManager] Registering I2C interface: /dev/i2c-2 Device 8086:3E9B Subsystem: 1A58:3001
102   |Info:    [ResourceManager] Registering I2C interface: /dev/i2c-0 Device 0000:0000 Subsystem: 0000:0000
102   |Info:    [ResourceManager] Registering I2C interface: /dev/i2c-9 Device 10DE:1E90 Subsystem: 1A58:3001
102   |Info:    [ResourceManager] Registering I2C interface: /dev/i2c-7 Device 10DE:1E90 Subsystem: 1A58:3001
102   |Info:    [ResourceManager] Registering I2C interface: /dev/i2c-ELAN0406:00 Device 0000:0000 Subsystem: 0000:0000
102   |Info:    [ResourceManager] Registering I2C interface: /dev/i2c-5 Device 10DE:1E90 Subsystem: 1A58:3001
103   |Info:    [ResourceManager] Registering I2C interface: /dev/i2c-12 Device 10DE:1AD9 Subsystem: 1A58:3001
103   |Info:    ------------------------------------------------------
103   |Info:    |               Detecting I2C devices                |
103   |Info:    ------------------------------------------------------
427   |Info:    ------------------------------------------------------
427   |Info:    |            Detecting I2C DIMM modules              |
427   |Info:    ------------------------------------------------------
451   |Info:    [ResourceManager] Detected occupied slot 3, bus 5, type DDR4
472   |Info:    ------------------------------------------------------
472   |Info:    |               Detecting I2C PCI devices            |
472   |Info:    ------------------------------------------------------
474   |Info:    ------------------------------------------------------
474   |Info:    |               Detecting HID devices                |
474   |Info:    ------------------------------------------------------
498   |Info:    [Razer Blade Pro (Late 2019)] Registering RGB controller
498   |Info:    ------------------------------------------------------
498   |Info:    |            Detecting libusb HID devices            |
498   |Info:    ------------------------------------------------------
510   |Info:    ------------------------------------------------------
510   |Info:    |              Detecting other devices               |
510   |Info:    ------------------------------------------------------
536   |Info:    [ResourceManager] Calling Post-detection callbacks
536   |Info:    ------------------------------------------------------
536   |Info:    |                Detection completed                 |
536   |Info:    ------------------------------------------------------
536   |Dialog:  <h2>Some internal devices may not be detected:</h2><p>One or more I2C or SMBus interfaces failed to initialize.</p><p><b>RGB DRAM modules, some motherboards' onboard RGB lighting, and RGB Graphics Cards, will not be available in OpenRGB</b> without I2C or SMBus.</p><h4>How to fix this:</h4><p>On Linux, this is usually because the i2c-dev module is not loaded.</p><p>You must load the i2c-dev module along with the correct i2c driver for your motherboard. This is usually i2c-piix4 for AMD systems and i2c-i801 for Intel systems.</p><p>See <a href='https://help.openrgb.org/'>help.openrgb.org</a> for additional troubleshooting steps if you keep seeing this message.<br></p><h3>If you are not using internal RGB on a desktop this message is not important to you.</h3>
736   |Info:    [Blade Pro (late 2019)] Registering RGB controller
